Environment variable "G4FORCE_RUN_MANAGER_TYPE" enabled with value == Serial. Forcing G4RunManager type...

        ############################################
        !!! WARNING - FPE detection is activated !!!
        ############################################


          ################################
          !!! G4Backtrace is activated !!!
          ################################


**************************************************************
 Geant4 version Name: geant4-11-04-patch-02    (12-June-2026)
                       Copyright : Geant4 Collaboration
                      References : NIM A 506 (2003), 250-303
                                 : IEEE-TNS 53 (2006), 270-278
                                 : NIM A 835 (2016), 186-225
                             WWW : http://geant4.org/
**************************************************************

<<< Geant4 Physics List simulation engine: FTFP_BERT

      ********************************************************* 
      ********** processes are wrapped for biasing ************ 
      ********************************************************* 
 Attaching biasing operator LeadingParticleBiasingOperator to logical volume test.logical

 hInelastic FTFP_BERT : threshold between BERT and FTFP is over the interval 
 for pions :   3 to 6 GeV
 for kaons :   3 to 6 GeV
 for proton :  3 to 6 GeV
 for neutron : 3 to 6 GeV

### Adding tracking cuts for neutron  TimeCut(ns)= 10000  KinEnergyCut(MeV)= 0
Visualization Manager instantiating with verbosity "warnings (3)"...
Visualization Manager initialising...
Registering graphics systems...

You have successfully registered the following graphics systems.
Registered graphics systems are:
  ASCIITree (ATree)
  DAWNFILE (DAWNFILE)
  RayTracer (RT)
  VRML2FILE (VRML2FILE)
  gMocrenFile (gMocrenFile)
  TOOLSSG_OFFSCREEN (TSG_OFFSCREEN, TSG_FILE)
  OpenGLImmediateQt (OGLIQt, OGLI)
  OpenGLStoredQt (OGLSQt, OGLS)
  OpenGLImmediateXm (OGLIXm, OGLIQt_FALLBACK)
  OpenGLStoredXm (OGLSXm, OGLSQt_FALLBACK)
  OpenGLImmediateX (OGLIX, OGLIQt_FALLBACK, OGLIXm_FALLBACK)
  OpenGLStoredX (OGLSX, OGLSQt_FALLBACK, OGLSXm_FALLBACK)
  RayTracerX (RTX)
  RayTracerQt (RTQt)
  TOOLSSG_X11_GLES (TSG_X11_GLES, TSGX11, TSG_XT_GLES_FALLBACK)
  TOOLSSG_X11_ZB (TSG_X11_ZB, TSGX11ZB)
  TOOLSSG_XT_GLES (TSG_XT_GLES, TSGXt, TSG_QT_GLES_FALLBACK)
  TOOLSSG_XT_ZB (TSG_XT_ZB, TSGXtZB)
  TOOLSSG_QT_GLES (TSG_QT_GLES, TSGQt, TSG, OGL)
  TOOLSSG_QT_ZB (TSG_QT_ZB, TSGQtZB, TSGZB)
You may choose a graphics system (driver) with a parameter of
the command "/vis/open" or "/vis/sceneHandler/create",
or you may omit the driver parameter and choose at run time:
- by argument in the construction of G4VisExecutive
- by environment variable "G4VIS_DEFAULT_DRIVER"
- by entry in "~/.g4session"
- by build flags.
- Note: This feature is not allowed in batch mode.
For further information see "examples/basic/B1/exampleB1.cc"
and "vis.mac".

Registering model factories...

You have successfully registered the following model factories.
Registered model factories:
  generic
  drawByAttribute
  drawByCharge
  drawByOriginVolume
  drawByParticleID
  drawByEncounteredVolume

Registered models:
  None

Registered filter factories:
  attributeFilter
  chargeFilter
  originVolumeFilter
  particleFilter
  encounteredVolumeFilter

Registered filters:
  None

You have successfully registered the following user vis actions.
Run Duration User Vis Actions: none
End of Event User Vis Actions: none
End of Run User Vis Actions: none

Some /vis commands (optionally) take a string to specify colour.
"/vis/list" to see available colours.
=======================================================================
======                 Electromagnetic Physics Parameters      ========
=======================================================================
LPM effect enabled                                 1
Enable creation and use of sampling tables         0
Apply cuts on all EM processes                     0
Use combined TransportationWithMsc                 Disabled
Use general process                                1
Enable linear polarisation for gamma               0
Enable photoeffect sampling below K-shell          1
Enable sampling of quantum entanglement            0
X-section factor for integral approach             0.8
Min kinetic energy for tables                      100 eV 
Max kinetic energy for tables                      100 TeV
Number of bins per decade of a table               7
Verbose level                                      1
Verbose level for worker thread                    0
Bremsstrahlung energy threshold above which 
  primary e+- is added to the list of secondary    100 TeV
Bremsstrahlung energy threshold above which primary
  muon/hadron is added to the list of secondary    100 TeV
Positron annihilation at rest model                SimplePositronium
Enable 3 gamma annihilation on fly                 0
Lowest triplet kinetic energy                      1 MeV
Enable sampling of gamma linear polarisation       0
5D gamma conversion model type                     0
5D gamma conversion model on isolated ion          0
Use RiGe 5D e+e- pair production model by muons    0
Livermore data directory                           epics_2017
=======================================================================
======                 Ionisation Parameters                   ========
=======================================================================
Step function for e+-                              (0.2, 1 mm)
Step function for muons/hadrons                    (0.2, 0.1 mm)
Step function for light ions                       (0.2, 0.1 mm)
Step function for general ions                     (0.2, 0.1 mm)
Lowest e+e- kinetic energy                         1 keV
Lowest muon/hadron kinetic energy                  1 keV
Use ICRU90 data                                    0
Fluctuations of dE/dx are enabled                  1
Type of fluctuation model for leptons and hadrons  Urban
Use built-in Birks saturation                      0
Build CSDA range enabled                           0
Use cut as a final range enabled                   0
Enable angular generator interface                 0
Max kinetic energy for CSDA tables                 1 GeV
Max kinetic energy for NIEL computation            0 eV 
Linear loss limit                                  0.01
Read data from file for e+e- pair production by mu 0
=======================================================================
======                 Multiple Scattering Parameters          ========
=======================================================================
Type of msc step limit algorithm for e+-           1
Type of msc step limit algorithm for muons/hadrons 0
Msc lateral displacement for e+- enabled           1
Msc lateral displacement for muons and hadrons     0
Urban msc model lateral displacement alg96         1
Range factor for msc step limit for e+-            0.04
Range factor for msc step limit for muons/hadrons  0.2
Geometry factor for msc step limitation of e+-     2.5
Safety factor for msc step limit for e+-           0.6
Skin parameter for msc step limitation of e+-      1
Lambda limit for msc step limit for e+-            1 mm
Use Mott correction for e- scattering              0
Factor used for dynamic computation of angular 
  limit between single and multiple scattering     1
Fixed angular limit between single 
  and multiple scattering                          3.1416 rad
Upper energy limit for e+- multiple scattering     100 MeV
Type of electron single scattering model           0
Type of nuclear form-factor                        1
Screening factor                                   1
=======================================================================

phot:  for gamma SubType=12 BuildTable=0
      LambdaPrime table from 200 keV to 100 TeV in 61 bins 
      ===== EM models for the G4Region  DefaultRegionForTheWorld ======
 LivermorePhElectric : Emin=    0 eV  Emax=  100 TeV  SauterGavrila Fluo

compt:  for gamma SubType=13 BuildTable=1
      Lambda table from 100 eV  to 1 MeV, 7 bins/decade, spline: 1
      LambdaPrime table from 1 MeV to 100 TeV in 56 bins 
      ===== EM models for the G4Region  DefaultRegionForTheWorld ======
       Klein-Nishina : Emin=    0 eV  Emax=  100 TeV

conv:  for gamma SubType=14 BuildTable=1
      Lambda table from 1.022 MeV to 100 TeV, 18 bins/decade, spline: 1
      ===== EM models for the G4Region  DefaultRegionForTheWorld ======
     BetheHeitlerLPM : Emin=    0 eV  Emax=  100 TeV  ModifiedTsai

Rayl:  for gamma SubType=11 BuildTable=1
      Lambda table from 100 eV  to 150 keV, 7 bins/decade, spline: 0
      LambdaPrime table from 150 keV to 100 TeV in 62 bins 
      ===== EM models for the G4Region  DefaultRegionForTheWorld ======
   LivermoreRayleigh : Emin=    0 eV  Emax=  100 TeV  CullenGenerator

msc:  for e-  SubType= 10
      ===== EM models for the G4Region  DefaultRegionForTheWorld ======
            UrbanMsc : Emin=    0 eV  Emax=  100 MeV Nbins=42 100 eV  - 100 MeV
          StepLim=UseSafety Rfact=0.04 Gfact=2.5 Sfact=0.6 DispFlag:1 Skin=1 Llim=1 mm
        WentzelVIUni : Emin=  100 MeV Emax=  100 TeV Nbins=42 100 MeV - 100 TeV
          StepLim=UseSafety Rfact=0.04 Gfact=2.5 Sfact=0.6 DispFlag:1 Skin=1 Llim=1 mm

eIoni:  for e-  XStype:3  SubType=2
      dE/dx and range tables from 100 eV  to 100 TeV in 84 bins
      Lambda tables from threshold to 100 TeV, 7 bins/decade, spline: 1
      StepFunction=(0.2, 1 mm), integ: 3, fluct: 1, linLossLim= 0.01
      ===== EM models for the G4Region  DefaultRegionForTheWorld ======
        MollerBhabha : Emin=    0 eV  Emax=  100 TeV

eBrem:  for e-  XStype:4  SubType=3
      dE/dx and range tables from 100 eV  to 100 TeV in 84 bins
      Lambda tables from threshold to 100 TeV, 7 bins/decade, spline: 1
      LPM flag: 1 for E > 1 GeV,  VertexHighEnergyTh(GeV)= 100000
      ===== EM models for the G4Region  DefaultRegionForTheWorld ======
             eBremSB : Emin=    0 eV  Emax=    1 GeV  ModifiedTsai
            eBremLPM : Emin=    1 GeV Emax=  100 TeV  ModifiedTsai

CoulombScat:  for e- XStype:1 SubType=1 BuildTable=1
      Lambda table from 100 MeV to 100 TeV, 7 bins/decade, spline: 0
      ThetaMin(p) < Theta(degree) < 180, pLimit(GeV^1)= 0.139531
      ===== EM models for the G4Region  DefaultRegionForTheWorld ======
  eCoulombScattering : Emin=  100 MeV Emax=  100 TeV

msc:  for e+  SubType= 10
      ===== EM models for the G4Region  DefaultRegionForTheWorld ======
            UrbanMsc : Emin=    0 eV  Emax=  100 MeV Nbins=42 100 eV  - 100 MeV
          StepLim=UseSafety Rfact=0.04 Gfact=2.5 Sfact=0.6 DispFlag:1 Skin=1 Llim=1 mm
        WentzelVIUni : Emin=  100 MeV Emax=  100 TeV Nbins=42 100 MeV - 100 TeV
          StepLim=UseSafety Rfact=0.04 Gfact=2.5 Sfact=0.6 DispFlag:1 Skin=1 Llim=1 mm

eIoni:  for e+  XStype:3  SubType=2
      dE/dx and range tables from 100 eV  to 100 TeV in 84 bins
      Lambda tables from threshold to 100 TeV, 7 bins/decade, spline: 1
      StepFunction=(0.2, 1 mm), integ: 3, fluct: 1, linLossLim= 0.01
      ===== EM models for the G4Region  DefaultRegionForTheWorld ======
        MollerBhabha : Emin=    0 eV  Emax=  100 TeV

eBrem:  for e+  XStype:4  SubType=3
      dE/dx and range tables from 100 eV  to 100 TeV in 84 bins
      Lambda tables from threshold to 100 TeV, 7 bins/decade, spline: 1
      LPM flag: 1 for E > 1 GeV,  VertexHighEnergyTh(GeV)= 100000
      ===== EM models for the G4Region  DefaultRegionForTheWorld ======
             eBremSB : Emin=    0 eV  Emax=    1 GeV  ModifiedTsai
            eBremLPM : Emin=    1 GeV Emax=  100 TeV  ModifiedTsai

CoulombScat:  for e+ XStype:1 SubType=1 BuildTable=1
      Lambda table from 100 MeV to 100 TeV, 7 bins/decade, spline: 0
      ThetaMin(p) < Theta(degree) < 180, pLimit(GeV^1)= 0.139531
      ===== EM models for the G4Region  DefaultRegionForTheWorld ======
  eCoulombScattering : Emin=  100 MeV Emax=  100 TeV

annihil:  for e+ XStype:2 SubType=5 AtRestModel:Simple BuildTable=0
      ===== EM models for the G4Region  DefaultRegionForTheWorld ======
            eplus2gg : Emin=    0 eV  Emax=  100 TeV

msc:  for proton  SubType= 10
      ===== EM models for the G4Region  DefaultRegionForTheWorld ======
        WentzelVIUni : Emin=    0 eV  Emax=  100 TeV Nbins=84 100 eV  - 100 TeV
          StepLim=Minimal Rfact=0.2 Gfact=2.5 Sfact=0.6 DispFlag:0 Skin=1 Llim=1 mm

hIoni:  for proton  XStype:3  SubType=2
      dE/dx and range tables from 100 eV  to 100 TeV in 84 bins
      Lambda tables from threshold to 100 TeV, 7 bins/decade, spline: 1
      StepFunction=(0.2, 0.1 mm), integ: 3, fluct: 1, linLossLim= 0.01
      ===== EM models for the G4Region  DefaultRegionForTheWorld ======
               Bragg : Emin=    0 eV  Emax=    2 MeV
          BetheBloch : Emin=    2 MeV Emax=  100 TeV

hBrems:  for proton  XStype:1  SubType=3
      dE/dx and range tables from 100 eV  to 100 TeV in 84 bins
      Lambda tables from threshold to 100 TeV, 7 bins/decade, spline: 1
      ===== EM models for the G4Region  DefaultRegionForTheWorld ======
               hBrem : Emin=    0 eV  Emax=  100 TeV  ModifiedMephi

hPairProd:  for proton  XStype:1  SubType=4
      dE/dx and range tables from 100 eV  to 100 TeV in 84 bins
      Lambda tables from threshold to 100 TeV, 7 bins/decade, spline: 1
      Sampling table 17x1001, from 7.50618 GeV to 100 TeV 
      ===== EM models for the G4Region  DefaultRegionForTheWorld ======
           hPairProd : Emin=    0 eV  Emax=  100 TeV  ModifiedMephi

CoulombScat:  for proton XStype:1 SubType=1 BuildTable=1
      Lambda table from threshold  to 100 TeV, 7 bins/decade, spline: 0
      ThetaMin(p) < Theta(degree) < 180, pLimit(GeV^1)= 0.139531
      ===== EM models for the G4Region  DefaultRegionForTheWorld ======
  eCoulombScattering : Emin=    0 eV  Emax=  100 TeV

msc:  for GenericIon  SubType= 10
      ===== EM models for the G4Region  DefaultRegionForTheWorld ======
            UrbanMsc : Emin=    0 eV  Emax=  100 TeV
          StepLim=Minimal Rfact=0.2 Gfact=2.5 Sfact=0.6 DispFlag:0 Skin=1 Llim=1 mm

ionIoni:  for GenericIon  XStype:3  SubType=2
      dE/dx and range tables from 100 eV  to 100 TeV in 84 bins
      Lambda tables from threshold to 100 TeV, 7 bins/decade, spline: 1
      StepFunction=(0.2, 0.1 mm), integ: 3, fluct: 1, linLossLim= 0.02
      ===== EM models for the G4Region  DefaultRegionForTheWorld ======
               Bragg : Emin=    0 eV  Emax=    2 MeV
          BetheBloch : Emin=    2 MeV Emax=  100 TeV

msc:  for alpha  SubType= 10
      ===== EM models for the G4Region  DefaultRegionForTheWorld ======
            UrbanMsc : Emin=    0 eV  Emax=  100 TeV
          StepLim=Minimal Rfact=0.2 Gfact=2.5 Sfact=0.6 DispFlag:0 Skin=1 Llim=1 mm

ionIoni:  for alpha  XStype:3  SubType=2
      dE/dx and range tables from 100 eV  to 100 TeV in 84 bins
      Lambda tables from threshold to 100 TeV, 7 bins/decade, spline: 1
      StepFunction=(0.2, 0.1 mm), integ: 3, fluct: 1, linLossLim= 0.02
      ===== EM models for the G4Region  DefaultRegionForTheWorld ======
            BraggIon : Emin=    0 eV  Emax=7.9452 MeV
          BetheBloch : Emin=7.9452 MeV Emax=  100 TeV

msc:  for anti_proton  SubType= 10
      ===== EM models for the G4Region  DefaultRegionForTheWorld ======
        WentzelVIUni : Emin=    0 eV  Emax=  100 TeV Nbins=84 100 eV  - 100 TeV
          StepLim=Minimal Rfact=0.2 Gfact=2.5 Sfact=0.6 DispFlag:0 Skin=1 Llim=1 mm

hIoni:  for anti_proton  XStype:3  SubType=2
      dE/dx and range tables from 100 eV  to 100 TeV in 84 bins
      Lambda tables from threshold to 100 TeV, 7 bins/decade, spline: 1
      StepFunction=(0.2, 0.1 mm), integ: 3, fluct: 1, linLossLim= 0.01
      ===== EM models for the G4Region  DefaultRegionForTheWorld ======
            ICRU73QO : Emin=    0 eV  Emax=    2 MeV
          BetheBloch : Emin=    2 MeV Emax=  100 TeV

hBrems:  for anti_proton  XStype:1  SubType=3
      dE/dx and range tables from 100 eV  to 100 TeV in 84 bins
      Lambda tables from threshold to 100 TeV, 7 bins/decade, spline: 1
      ===== EM models for the G4Region  DefaultRegionForTheWorld ======
               hBrem : Emin=    0 eV  Emax=  100 TeV  ModifiedMephi

hPairProd:  for anti_proton  XStype:1  SubType=4
      dE/dx and range tables from 100 eV  to 100 TeV in 84 bins
      Lambda tables from threshold to 100 TeV, 7 bins/decade, spline: 1
      Sampling table 17x1001, from 7.50618 GeV to 100 TeV 
      ===== EM models for the G4Region  DefaultRegionForTheWorld ======
           hPairProd : Emin=    0 eV  Emax=  100 TeV  ModifiedMephi

CoulombScat:  for anti_proton XStype:1 SubType=1 BuildTable=1
      Lambda table from threshold  to 100 TeV, 7 bins/decade, spline: 0
      ThetaMin(p) < Theta(degree) < 180, pLimit(GeV^1)= 0.139531
      ===== EM models for the G4Region  DefaultRegionForTheWorld ======
  eCoulombScattering : Emin=    0 eV  Emax=  100 TeV

msc:  for kaon+  SubType= 10
      ===== EM models for the G4Region  DefaultRegionForTheWorld ======
        WentzelVIUni : Emin=    0 eV  Emax=  100 TeV Nbins=84 100 eV  - 100 TeV
          StepLim=Minimal Rfact=0.2 Gfact=2.5 Sfact=0.6 DispFlag:0 Skin=1 Llim=1 mm

hIoni:  for kaon+  XStype:3  SubType=2
      dE/dx and range tables from 100 eV  to 100 TeV in 84 bins
      Lambda tables from threshold to 100 TeV, 7 bins/decade, spline: 1
      StepFunction=(0.2, 0.1 mm), integ: 3, fluct: 1, linLossLim= 0.01
      ===== EM models for the G4Region  DefaultRegionForTheWorld ======
               Bragg : Emin=    0 eV  Emax=1.05231 MeV
          BetheBloch : Emin=1.05231 MeV Emax=  100 TeV

hBrems:  for kaon+  XStype:1  SubType=3
      dE/dx and range tables from 100 eV  to 100 TeV in 84 bins
      Lambda tables from threshold to 100 TeV, 7 bins/decade, spline: 1
      ===== EM models for the G4Region  DefaultRegionForTheWorld ======
               hBrem : Emin=    0 eV  Emax=  100 TeV  ModifiedMephi

hPairProd:  for kaon+  XStype:1  SubType=4
      dE/dx and range tables from 100 eV  to 100 TeV in 84 bins
      Lambda tables from threshold to 100 TeV, 7 bins/decade, spline: 1
      Sampling table 18x1001, from 3.94942 GeV to 100 TeV 
      ===== EM models for the G4Region  DefaultRegionForTheWorld ======
           hPairProd : Emin=    0 eV  Emax=  100 TeV  ModifiedMephi

CoulombScat:  for kaon+ XStype:1 SubType=1 BuildTable=1
      Lambda table from threshold  to 100 TeV, 7 bins/decade, spline: 0
      ThetaMin(p) < Theta(degree) < 180, pLimit(GeV^1)= 0.139531
      ===== EM models for the G4Region  DefaultRegionForTheWorld ======
  eCoulombScattering : Emin=    0 eV  Emax=  100 TeV

msc:  for kaon-  SubType= 10
      ===== EM models for the G4Region  DefaultRegionForTheWorld ======
        WentzelVIUni : Emin=    0 eV  Emax=  100 TeV Nbins=84 100 eV  - 100 TeV
          StepLim=Minimal Rfact=0.2 Gfact=2.5 Sfact=0.6 DispFlag:0 Skin=1 Llim=1 mm

hIoni:  for kaon-  XStype:3  SubType=2
      dE/dx and range tables from 100 eV  to 100 TeV in 84 bins
      Lambda tables from threshold to 100 TeV, 7 bins/decade, spline: 1
      StepFunction=(0.2, 0.1 mm), integ: 3, fluct: 1, linLossLim= 0.01
      ===== EM models for the G4Region  DefaultRegionForTheWorld ======
            ICRU73QO : Emin=    0 eV  Emax=1.05231 MeV
          BetheBloch : Emin=1.05231 MeV Emax=  100 TeV

hBrems:  for kaon-  XStype:1  SubType=3
      dE/dx and range tables from 100 eV  to 100 TeV in 84 bins
      Lambda tables from threshold to 100 TeV, 7 bins/decade, spline: 1
      ===== EM models for the G4Region  DefaultRegionForTheWorld ======
               hBrem : Emin=    0 eV  Emax=  100 TeV  ModifiedMephi

hPairProd:  for kaon-  XStype:1  SubType=4
      dE/dx and range tables from 100 eV  to 100 TeV in 84 bins
      Lambda tables from threshold to 100 TeV, 7 bins/decade, spline: 1
      Sampling table 18x1001, from 3.94942 GeV to 100 TeV 
      ===== EM models for the G4Region  DefaultRegionForTheWorld ======
           hPairProd : Emin=    0 eV  Emax=  100 TeV  ModifiedMephi

CoulombScat:  for kaon- XStype:1 SubType=1 BuildTable=1
      Used Lambda table of kaon+
      ThetaMin(p) < Theta(degree) < 180, pLimit(GeV^1)= 0.139531
      ===== EM models for the G4Region  DefaultRegionForTheWorld ======
  eCoulombScattering : Emin=    0 eV  Emax=  100 TeV

msc:  for mu+  SubType= 10
      ===== EM models for the G4Region  DefaultRegionForTheWorld ======
        WentzelVIUni : Emin=    0 eV  Emax=  100 TeV Nbins=84 100 eV  - 100 TeV
          StepLim=Minimal Rfact=0.2 Gfact=2.5 Sfact=0.6 DispFlag:0 Skin=1 Llim=1 mm

muIoni:  for mu+  XStype:3  SubType=2
      dE/dx and range tables from 100 eV  to 100 TeV in 84 bins
      Lambda tables from threshold to 100 TeV, 7 bins/decade, spline: 1
      StepFunction=(0.2, 0.1 mm), integ: 3, fluct: 1, linLossLim= 0.01
      ===== EM models for the G4Region  DefaultRegionForTheWorld ======
               Bragg : Emin=    0 eV  Emax=  200 keV
        MuBetheBloch : Emin=  200 keV Emax=  100 TeV

muBrems:  for mu+  XStype:1  SubType=3
      dE/dx and range tables from 100 eV  to 100 TeV in 84 bins
      Lambda tables from threshold to 100 TeV, 7 bins/decade, spline: 1
      ===== EM models for the G4Region  DefaultRegionForTheWorld ======
              MuBrem : Emin=    0 eV  Emax=  100 TeV  ModifiedMephi

muPairProd:  for mu+  XStype:1  SubType=4
      dE/dx and range tables from 100 eV  to 100 TeV in 84 bins
      Lambda tables from threshold to 100 TeV, 7 bins/decade, spline: 1
      Sampling table 21x1001, from 0.85 GeV to 100 TeV 
      ===== EM models for the G4Region  DefaultRegionForTheWorld ======
          muPairProd : Emin=    0 eV  Emax=  100 TeV  ModifiedMephi

CoulombScat:  for mu+ XStype:1 SubType=1 BuildTable=1
      Lambda table from threshold  to 100 TeV, 7 bins/decade, spline: 0
      ThetaMin(p) < Theta(degree) < 180, pLimit(GeV^1)= 0.139531
      ===== EM models for the G4Region  DefaultRegionForTheWorld ======
  eCoulombScattering : Emin=    0 eV  Emax=  100 TeV

msc:  for mu-  SubType= 10
      ===== EM models for the G4Region  DefaultRegionForTheWorld ======
        WentzelVIUni : Emin=    0 eV  Emax=  100 TeV Nbins=84 100 eV  - 100 TeV
          StepLim=Minimal Rfact=0.2 Gfact=2.5 Sfact=0.6 DispFlag:0 Skin=1 Llim=1 mm

muIoni:  for mu-  XStype:3  SubType=2
      dE/dx and range tables from 100 eV  to 100 TeV in 84 bins
      Lambda tables from threshold to 100 TeV, 7 bins/decade, spline: 1
      StepFunction=(0.2, 0.1 mm), integ: 3, fluct: 1, linLossLim= 0.01
      ===== EM models for the G4Region  DefaultRegionForTheWorld ======
            ICRU73QO : Emin=    0 eV  Emax=  200 keV
        MuBetheBloch : Emin=  200 keV Emax=  100 TeV

muBrems:  for mu-  XStype:1  SubType=3
      dE/dx and range tables from 100 eV  to 100 TeV in 84 bins
      Lambda tables from threshold to 100 TeV, 7 bins/decade, spline: 1
      ===== EM models for the G4Region  DefaultRegionForTheWorld ======
              MuBrem : Emin=    0 eV  Emax=  100 TeV  ModifiedMephi

muPairProd:  for mu-  XStype:1  SubType=4
      dE/dx and range tables from 100 eV  to 100 TeV in 84 bins
      Lambda tables from threshold to 100 TeV, 7 bins/decade, spline: 1
      Sampling table 21x1001, from 0.85 GeV to 100 TeV 
      ===== EM models for the G4Region  DefaultRegionForTheWorld ======
          muPairProd : Emin=    0 eV  Emax=  100 TeV  ModifiedMephi

CoulombScat:  for mu- XStype:1 SubType=1 BuildTable=1
      Used Lambda table of mu+
      ThetaMin(p) < Theta(degree) < 180, pLimit(GeV^1)= 0.139531
      ===== EM models for the G4Region  DefaultRegionForTheWorld ======
  eCoulombScattering : Emin=    0 eV  Emax=  100 TeV

msc:  for pi+  SubType= 10
      ===== EM models for the G4Region  DefaultRegionForTheWorld ======
        WentzelVIUni : Emin=    0 eV  Emax=  100 TeV Nbins=84 100 eV  - 100 TeV
          StepLim=Minimal Rfact=0.2 Gfact=2.5 Sfact=0.6 DispFlag:0 Skin=1 Llim=1 mm

hIoni:  for pi+  XStype:3  SubType=2
      dE/dx and range tables from 100 eV  to 100 TeV in 84 bins
      Lambda tables from threshold to 100 TeV, 7 bins/decade, spline: 1
      StepFunction=(0.2, 0.1 mm), integ: 3, fluct: 1, linLossLim= 0.01
      ===== EM models for the G4Region  DefaultRegionForTheWorld ======
               Bragg : Emin=    0 eV  Emax=297.505 keV
          BetheBloch : Emin=297.505 keV Emax=  100 TeV

hBrems:  for pi+  XStype:1  SubType=3
      dE/dx and range tables from 100 eV  to 100 TeV in 84 bins
      Lambda tables from threshold to 100 TeV, 7 bins/decade, spline: 1
      ===== EM models for the G4Region  DefaultRegionForTheWorld ======
               hBrem : Emin=    0 eV  Emax=  100 TeV  ModifiedMephi

hPairProd:  for pi+  XStype:1  SubType=4
      dE/dx and range tables from 100 eV  to 100 TeV in 84 bins
      Lambda tables from threshold to 100 TeV, 7 bins/decade, spline: 1
      Sampling table 20x1001, from 1.11656 GeV to 100 TeV 
      ===== EM models for the G4Region  DefaultRegionForTheWorld ======
           hPairProd : Emin=    0 eV  Emax=  100 TeV  ModifiedMephi

CoulombScat:  for pi+ XStype:1 SubType=1 BuildTable=1
      Lambda table from threshold  to 100 TeV, 7 bins/decade, spline: 0
      ThetaMin(p) < Theta(degree) < 180, pLimit(GeV^1)= 0.139531
      ===== EM models for the G4Region  DefaultRegionForTheWorld ======
  eCoulombScattering : Emin=    0 eV  Emax=  100 TeV

msc:  for pi-  SubType= 10
      ===== EM models for the G4Region  DefaultRegionForTheWorld ======
        WentzelVIUni : Emin=    0 eV  Emax=  100 TeV Nbins=84 100 eV  - 100 TeV
          StepLim=Minimal Rfact=0.2 Gfact=2.5 Sfact=0.6 DispFlag:0 Skin=1 Llim=1 mm

hIoni:  for pi-  XStype:3  SubType=2
      dE/dx and range tables from 100 eV  to 100 TeV in 84 bins
      Lambda tables from threshold to 100 TeV, 7 bins/decade, spline: 1
      StepFunction=(0.2, 0.1 mm), integ: 3, fluct: 1, linLossLim= 0.01
      ===== EM models for the G4Region  DefaultRegionForTheWorld ======
            ICRU73QO : Emin=    0 eV  Emax=297.505 keV
          BetheBloch : Emin=297.505 keV Emax=  100 TeV

hBrems:  for pi-  XStype:1  SubType=3
      dE/dx and range tables from 100 eV  to 100 TeV in 84 bins
      Lambda tables from threshold to 100 TeV, 7 bins/decade, spline: 1
      ===== EM models for the G4Region  DefaultRegionForTheWorld ======
               hBrem : Emin=    0 eV  Emax=  100 TeV  ModifiedMephi

hPairProd:  for pi-  XStype:1  SubType=4
      dE/dx and range tables from 100 eV  to 100 TeV in 84 bins
      Lambda tables from threshold to 100 TeV, 7 bins/decade, spline: 1
      Sampling table 20x1001, from 1.11656 GeV to 100 TeV 
      ===== EM models for the G4Region  DefaultRegionForTheWorld ======
           hPairProd : Emin=    0 eV  Emax=  100 TeV  ModifiedMephi

CoulombScat:  for pi- XStype:1 SubType=1 BuildTable=1
      Used Lambda table of pi+
      ThetaMin(p) < Theta(degree) < 180, pLimit(GeV^1)= 0.139531
      ===== EM models for the G4Region  DefaultRegionForTheWorld ======
  eCoulombScattering : Emin=    0 eV  Emax=  100 TeV

====================================================================
                  HADRONIC PROCESSES SUMMARY (verbose level 1)
-----------------------------------------------------------------------
                           Hadronic Processes for neutron
  Process: hadElastic
        Model:             hElasticCHIPS: 0 eV  ---> 100 TeV
     Cr_sctns:        G4NeutronElasticXS: 0 eV  ---> 100 TeV
  Process: neutronInelastic
        Model:                      FTFP: 3 GeV ---> 100 TeV
        Model:            BertiniCascade: 0 eV  ---> 6 GeV
     Cr_sctns:      G4NeutronInelasticXS: 0 eV  ---> 100 TeV
  Process: nCapture
        Model:               nRadCapture: 0 eV  ---> 100 TeV
     Cr_sctns:        G4NeutronCaptureXS: 0 eV  ---> 100 TeV
  Process: nKiller
-----------------------------------------------------------------------
                           Hadronic Processes for B-
  Process: hadElastic
        Model:              hElasticLHEP: 0 eV  ---> 100 TeV
     Cr_sctns:            Glauber-Gribov: 0 eV  ---> 100 TeV
  Process: B-Inelastic
        Model:                      FTFP: 0 eV  ---> 100 TeV
     Cr_sctns:            Glauber-Gribov: 0 eV  ---> 100 TeV
-----------------------------------------------------------------------
                           Hadronic Processes for D-
  Process: hadElastic
        Model:              hElasticLHEP: 0 eV  ---> 100 TeV
     Cr_sctns:            Glauber-Gribov: 0 eV  ---> 100 TeV
  Process: D-Inelastic
        Model:                      FTFP: 0 eV  ---> 100 TeV
     Cr_sctns:            Glauber-Gribov: 0 eV  ---> 100 TeV
-----------------------------------------------------------------------
                           Hadronic Processes for GenericIon
  Process: ionInelastic
        Model:  Binary Light Ion Cascade: 0 eV /n ---> 6 GeV/n
        Model:                      FTFP: 3 GeV/n ---> 100 TeV/n
     Cr_sctns:  Glauber-Gribov Nucl-nucl: 0 eV  ---> 25.6 PeV
-----------------------------------------------------------------------
                           Hadronic Processes for He3
  Process: hadElastic
        Model:              hElasticLHEP: 0 eV /n ---> 100 TeV/n
     Cr_sctns:  Glauber-Gribov Nucl-nucl: 0 eV  ---> 25.6 PeV
  Process: He3Inelastic
        Model:  Binary Light Ion Cascade: 0 eV /n ---> 6 GeV/n
        Model:                      FTFP: 3 GeV/n ---> 100 TeV/n
     Cr_sctns:  Glauber-Gribov Nucl-nucl: 0 eV  ---> 25.6 PeV
-----------------------------------------------------------------------
                           Hadronic Processes for alpha
  Process: hadElastic
        Model:              hElasticLHEP: 0 eV /n ---> 100 TeV/n
     Cr_sctns:  Glauber-Gribov Nucl-nucl: 0 eV  ---> 25.6 PeV
  Process: alphaInelastic
        Model:  Binary Light Ion Cascade: 0 eV /n ---> 6 GeV/n
        Model:                      FTFP: 3 GeV/n ---> 100 TeV/n
     Cr_sctns:  Glauber-Gribov Nucl-nucl: 0 eV  ---> 25.6 PeV
-----------------------------------------------------------------------
                           Hadronic Processes for anti_He3
  Process: hadElastic
        Model:              hElasticLHEP: 0 eV /n ---> 100.1 MeV/n
        Model:              AntiAElastic: 100 MeV/n ---> 100 TeV/n
     Cr_sctns:              AntiAGlauber: 0 eV  ---> 25.6 PeV
  Process: anti_He3Inelastic
        Model:                      FTFP: 0 eV /n ---> 100 TeV/n
     Cr_sctns:              AntiAGlauber: 0 eV  ---> 25.6 PeV
  Process: hFritiofCaptureAtRest
-----------------------------------------------------------------------
                           Hadronic Processes for anti_alpha
  Process: hadElastic
        Model:              hElasticLHEP: 0 eV /n ---> 100.1 MeV/n
        Model:              AntiAElastic: 100 MeV/n ---> 100 TeV/n
     Cr_sctns:              AntiAGlauber: 0 eV  ---> 25.6 PeV
  Process: anti_alphaInelastic
        Model:                      FTFP: 0 eV /n ---> 100 TeV/n
     Cr_sctns:              AntiAGlauber: 0 eV  ---> 25.6 PeV
  Process: hFritiofCaptureAtRest
-----------------------------------------------------------------------
                           Hadronic Processes for anti_deuteron
  Process: hadElastic
        Model:              hElasticLHEP: 0 eV /n ---> 100.1 MeV/n
        Model:              AntiAElastic: 100 MeV/n ---> 100 TeV/n
     Cr_sctns:              AntiAGlauber: 0 eV  ---> 25.6 PeV
  Process: anti_deuteronInelastic
        Model:                      FTFP: 0 eV /n ---> 100 TeV/n
     Cr_sctns:              AntiAGlauber: 0 eV  ---> 25.6 PeV
  Process: hFritiofCaptureAtRest
-------------------------------------------------------------------------
                           Hadronic Processes for anti_hypertriton
  Process: hFritiofCaptureAtRest
-----------------------------------------------------------------------
                           Hadronic Processes for anti_lambda
  Process: hadElastic
        Model:              hElasticLHEP: 0 eV  ---> 100 TeV
     Cr_sctns:            Glauber-Gribov: 0 eV  ---> 100 TeV
  Process: anti_lambdaInelastic
        Model:                      FTFP: 0 eV  ---> 100 TeV
     Cr_sctns:            Glauber-Gribov: 0 eV  ---> 100 TeV
  Process: hFritiofCaptureAtRest
-----------------------------------------------------------------------
                           Hadronic Processes for anti_neutron
  Process: hadElastic
        Model:              hElasticLHEP: 0 eV  ---> 100.1 MeV
        Model:              AntiAElastic: 100 MeV ---> 100 TeV
     Cr_sctns:              AntiAGlauber: 0 eV  ---> 25.6 PeV
  Process: anti_neutronInelastic
        Model:                      FTFP: 0 eV  ---> 100 TeV
     Cr_sctns:              AntiAGlauber: 0 eV  ---> 25.6 PeV
  Process: hFritiofCaptureAtRest
-----------------------------------------------------------------------
                           Hadronic Processes for anti_proton
  Process: hadElastic
        Model:              hElasticLHEP: 0 eV  ---> 100.1 MeV
        Model:              AntiAElastic: 100 MeV ---> 100 TeV
     Cr_sctns:              AntiAGlauber: 0 eV  ---> 25.6 PeV
  Process: anti_protonInelastic
        Model:                      FTFP: 0 eV  ---> 100 TeV
     Cr_sctns:              AntiAGlauber: 0 eV  ---> 25.6 PeV
  Process: hFritiofCaptureAtRest
-----------------------------------------------------------------------
                           Hadronic Processes for anti_triton
  Process: hadElastic
        Model:              hElasticLHEP: 0 eV /n ---> 100.1 MeV/n
        Model:              AntiAElastic: 100 MeV/n ---> 100 TeV/n
     Cr_sctns:              AntiAGlauber: 0 eV  ---> 25.6 PeV
  Process: anti_tritonInelastic
        Model:                      FTFP: 0 eV /n ---> 100 TeV/n
     Cr_sctns:              AntiAGlauber: 0 eV  ---> 25.6 PeV
  Process: hFritiofCaptureAtRest
-----------------------------------------------------------------------
                           Hadronic Processes for deuteron
  Process: hadElastic
        Model:              hElasticLHEP: 0 eV /n ---> 100 TeV/n
     Cr_sctns:  Glauber-Gribov Nucl-nucl: 0 eV  ---> 25.6 PeV
  Process: dInelastic
        Model:  Binary Light Ion Cascade: 0 eV /n ---> 6 GeV/n
        Model:                      FTFP: 3 GeV/n ---> 100 TeV/n
     Cr_sctns:  Glauber-Gribov Nucl-nucl: 0 eV  ---> 25.6 PeV
-----------------------------------------------------------------------
                           Hadronic Processes for e+
  Process: positronNuclear
        Model:   G4ElectroVDNuclearModel: 0 eV  ---> 1 PeV
     Cr_sctns:          ElectroNuclearXS: 0 eV  ---> 100 TeV
-----------------------------------------------------------------------
                           Hadronic Processes for e-
  Process: electronNuclear
        Model:   G4ElectroVDNuclearModel: 0 eV  ---> 1 PeV
     Cr_sctns:          ElectroNuclearXS: 0 eV  ---> 100 TeV
-----------------------------------------------------------------------
                           Hadronic Processes for gamma
  Process: photonNuclear
        Model:               GammaNPreco: 0 eV  ---> 200 MeV
        Model:            BertiniCascade: 199 MeV ---> 6 GeV
        Model:           TheoFSGenerator: 3 GeV ---> 100 TeV
     Cr_sctns:            GammaNuclearXS: 0 eV  ---> 100 TeV
-----------------------------------------------------------------------
                           Hadronic Processes for kaon+
  Process: hadElastic
        Model:              hElasticLHEP: 0 eV  ---> 100 TeV
     Cr_sctns:            Glauber-Gribov: 0 eV  ---> 100 TeV
  Process: kaon+Inelastic
        Model:                      FTFP: 3 GeV ---> 100 TeV
        Model:            BertiniCascade: 0 eV  ---> 6 GeV
     Cr_sctns:            Glauber-Gribov: 0 eV  ---> 100 TeV
-----------------------------------------------------------------------
                           Hadronic Processes for kaon-
  Process: hadElastic
        Model:              hElasticLHEP: 0 eV  ---> 100 TeV
     Cr_sctns:            Glauber-Gribov: 0 eV  ---> 100 TeV
  Process: kaon-Inelastic
        Model:                      FTFP: 3 GeV ---> 100 TeV
        Model:            BertiniCascade: 0 eV  ---> 6 GeV
     Cr_sctns:            Glauber-Gribov: 0 eV  ---> 100 TeV
  Process: hBertiniCaptureAtRest
-----------------------------------------------------------------------
                           Hadronic Processes for lambda
  Process: hadElastic
        Model:              hElasticLHEP: 0 eV  ---> 100 TeV
     Cr_sctns:            Glauber-Gribov: 0 eV  ---> 100 TeV
  Process: lambdaInelastic
        Model:                      FTFP: 3 GeV ---> 100 TeV
        Model:            BertiniCascade: 0 eV  ---> 6 GeV
     Cr_sctns:            Glauber-Gribov: 0 eV  ---> 100 TeV
-----------------------------------------------------------------------
                           Hadronic Processes for mu+
  Process: muonNuclear
        Model:      G4MuonVDNuclearModel: 0 eV  ---> 1 PeV
     Cr_sctns:     KokoulinMuonNuclearXS: 0 eV  ---> 100 TeV
-----------------------------------------------------------------------
                           Hadronic Processes for mu-
  Process: muonNuclear
        Model:      G4MuonVDNuclearModel: 0 eV  ---> 1 PeV
     Cr_sctns:     KokoulinMuonNuclearXS: 0 eV  ---> 100 TeV
  Process: muMinusCaptureAtRest
-----------------------------------------------------------------------
                           Hadronic Processes for pi+
  Process: hadElastic
        Model:           hElasticGlauber: 0 eV  ---> 100 TeV
     Cr_sctns:  BarashenkovGlauberGribov: 0 eV  ---> 100 TeV
  Process: pi+Inelastic
        Model:                      FTFP: 3 GeV ---> 100 TeV
        Model:            BertiniCascade: 0 eV  ---> 6 GeV
     Cr_sctns:  BarashenkovGlauberGribov: 0 eV  ---> 100 TeV
-----------------------------------------------------------------------
                           Hadronic Processes for pi-
  Process: hadElastic
        Model:           hElasticGlauber: 0 eV  ---> 100 TeV
     Cr_sctns:  BarashenkovGlauberGribov: 0 eV  ---> 100 TeV
  Process: pi-Inelastic
        Model:                      FTFP: 3 GeV ---> 100 TeV
        Model:            BertiniCascade: 0 eV  ---> 6 GeV
     Cr_sctns:  BarashenkovGlauberGribov: 0 eV  ---> 100 TeV
  Process: hBertiniCaptureAtRest
-----------------------------------------------------------------------
                           Hadronic Processes for proton
  Process: hadElastic
        Model:             hElasticCHIPS: 0 eV  ---> 100 TeV
     Cr_sctns:  BarashenkovGlauberGribov: 0 eV  ---> 100 TeV
  Process: protonInelastic
        Model:                      FTFP: 3 GeV ---> 100 TeV
        Model:            BertiniCascade: 0 eV  ---> 6 GeV
     Cr_sctns:  BarashenkovGlauberGribov: 0 eV  ---> 100 TeV
-----------------------------------------------------------------------
                           Hadronic Processes for sigma-
  Process: hadElastic
        Model:              hElasticLHEP: 0 eV  ---> 100 TeV
     Cr_sctns:            Glauber-Gribov: 0 eV  ---> 100 TeV
  Process: sigma-Inelastic
        Model:                      FTFP: 3 GeV ---> 100 TeV
        Model:            BertiniCascade: 0 eV  ---> 6 GeV
     Cr_sctns:            Glauber-Gribov: 0 eV  ---> 100 TeV
  Process: hBertiniCaptureAtRest
-----------------------------------------------------------------------
                           Hadronic Processes for triton
  Process: hadElastic
        Model:              hElasticLHEP: 0 eV /n ---> 100 TeV/n
     Cr_sctns:  Glauber-Gribov Nucl-nucl: 0 eV  ---> 25.6 PeV
  Process: tInelastic
        Model:  Binary Light Ion Cascade: 0 eV /n ---> 6 GeV/n
        Model:                      FTFP: 3 GeV/n ---> 100 TeV/n
     Cr_sctns:  Glauber-Gribov Nucl-nucl: 0 eV  ---> 25.6 PeV
=======================================================================
======       Geant4 Native Pre-compound Model Parameters       ========
=======================================================================
Type of pre-compound model                          0
Type of pre-compound inverse x-section              1
Pre-compound model active                           1
Pre-compound excitation low energy                  0.1 MeV 
Pre-compound excitation high energy                 15 MeV 
Angular generator for pre-compound model            1
Use NeverGoBack option for pre-compound model       0
Use SoftCutOff option for pre-compound model        0
Use CEM transitions for pre-compound model          1
Use GNASH transitions for pre-compound model        0
Use HETC submodel for pre-compound model            0
=======================================================================
======       Nuclear De-excitation Module Parameters           ========
=======================================================================
Type of de-excitation inverse x-section             3
Type of de-excitation factory                       Evaporation+GEM
Number of de-excitation channels                    68
Type of Fermi BreakUp model                         ModelVI
Min excitation energy                               0.01 keV 
Min energy per nucleon for multifragmentation       2e+05 MeV
Level density (1/MeV)                               0.075
Use simple level density model                      1
Use discrete excitation energy of the residual      0
Time limit for long lived isomeres                  1 ns 
Isomer production flag                              1
Internal e- conversion flag                         1
Store e- internal conversion data                   1
Correlated gamma emission flag                      0
Max 2J for sampling of angular correlations         10
=======================================================================
       neutron, kinetic energy (MeV) =      900.501, position (cm) = (-33.6602,-28.201,200),	 weight = 2
    anti_nu_mu, kinetic energy (MeV) =      35.7369, position (cm) = (-60.802,-12.4978,200),	 weight = 5
       neutron, kinetic energy (MeV) =      1156.09, position (cm) = (-23.7504,13.9878,200),	 weight = 1
    anti_nu_mu, kinetic energy (MeV) =      36.4514, position (cm) = (89.1903,-1.02577,200),	 weight = 2
         gamma, kinetic energy (MeV) =       0.1286, position (cm) = (-78.5944,83.1399,200),	 weight = 1
       neutron, kinetic energy (MeV) =      89.5263, position (cm) = (-61.4984,-63.0535,200),	 weight = 1
        proton, kinetic energy (MeV) =      228.746, position (cm) = (-12.0067,-35.7086,200),	 weight = 1
         gamma, kinetic energy (MeV) =     0.126118, position (cm) = (-3.06503,16.046,200),	 weight = 10
         gamma, kinetic energy (MeV) =     0.126961, position (cm) = (4.2969,-15.6403,200),	 weight = 1
         gamma, kinetic energy (MeV) =    0.0732871, position (cm) = (12.1356,-3.65048,200),	 weight = 1
         gamma, kinetic energy (MeV) =     0.678495, position (cm) = (3.44645,-26.4321,200),	 weight = 1
         gamma, kinetic energy (MeV) =     0.205181, position (cm) = (9.65773,-33.496,200),	 weight = 1
         gamma, kinetic energy (MeV) =      3.07665, position (cm) = (8.97472,-36.7639,200),	 weight = 1
         gamma, kinetic energy (MeV) =     0.102217, position (cm) = (7.03094,-11.8502,200),	 weight = 1
         gamma, kinetic energy (MeV) =     0.266041, position (cm) = (31.226,-42.2467,200),	 weight = 1
         gamma, kinetic energy (MeV) =     0.216828, position (cm) = (-4.83216,-11.905,200),	 weight = 1
       neutron, kinetic energy (MeV) =      248.843, position (cm) = (-11.1649,12.5421,200),	 weight = 1
         gamma, kinetic energy (MeV) =     0.510999, position (cm) = (5.63688,27.3592,200),	 weight = 1
            e-, kinetic energy (MeV) =      3.04118, position (cm) = (22.2887,33.6671,200),	 weight = 1
            e-, kinetic energy (MeV) =      1.65778, position (cm) = (22.5864,33.8435,200),	 weight = 1
         gamma, kinetic energy (MeV) =    0.0735369, position (cm) = (22.1408,32.893,200),	 weight = 1
         gamma, kinetic energy (MeV) =     0.173313, position (cm) = (20.8052,32.0943,200),	 weight = 1
         gamma, kinetic energy (MeV) =     0.112826, position (cm) = (21.4996,36.0749,200),	 weight = 1
         gamma, kinetic energy (MeV) =     0.147591, position (cm) = (17.9023,31.0475,200),	 weight = 1
         gamma, kinetic energy (MeV) =      10.3491, position (cm) = (27.8741,37.6172,200),	 weight = 1
         gamma, kinetic energy (MeV) =      0.13772, position (cm) = (17.8138,30.6627,200),	 weight = 1
         gamma, kinetic energy (MeV) =     0.450825, position (cm) = (24.0147,33.9668,200),	 weight = 1
         gamma, kinetic energy (MeV) =     0.156376, position (cm) = (13.2166,28.8849,200),	 weight = 1
         gamma, kinetic energy (MeV) =      1.55182, position (cm) = (16.8102,30.0954,200),	 weight = 1
         gamma, kinetic energy (MeV) =      20.2193, position (cm) = (14.9407,28.9634,200),	 weight = 1
         gamma, kinetic energy (MeV) =      65.1787, position (cm) = (15.515,29.5712,200),	 weight = 1
            e+, kinetic energy (MeV) =      2.16724, position (cm) = (17.5205,30.2975,200),	 weight = 1
         gamma, kinetic energy (MeV) =      3.00532, position (cm) = (17.6527,30.3677,200),	 weight = 1
         gamma, kinetic energy (MeV) =    0.0502795, position (cm) = (15.3659,29.9395,200),	 weight = 1
         gamma, kinetic energy (MeV) =        3.542, position (cm) = (16.2027,29.7922,200),	 weight = 1
         gamma, kinetic energy (MeV) =      1.66892, position (cm) = (16.7657,30.3642,200),	 weight = 1
         gamma, kinetic energy (MeV) =       1.3412, position (cm) = (20.6129,30.8636,200),	 weight = 1
         gamma, kinetic energy (MeV) =     0.148374, position (cm) = (12.0525,31.5582,200),	 weight = 1
         gamma, kinetic energy (MeV) =     0.111639, position (cm) = (3.89374,21.4924,200),	 weight = 1
         gamma, kinetic energy (MeV) =     0.261642, position (cm) = (-18.3745,6.03941,200),	 weight = 3
       neutron, kinetic energy (MeV) =      11.5477, position (cm) = (-27.1714,7.54242,200),	 weight = 1
        proton, kinetic energy (MeV) =      158.719, position (cm) = (-19.5768,6.76009,200),	 weight = 2
         gamma, kinetic energy (MeV) =      292.257, position (cm) = (-19.5514,6.53737,200),	 weight = 1
         gamma, kinetic energy (MeV) =      7.55569, position (cm) = (33.7309,-10.5881,200),	 weight = 6
       neutron, kinetic energy (MeV) =    0.0634702, position (cm) = (33.6017,-37.5938,200),	 weight = 2
         gamma, kinetic energy (MeV) =     0.527046, position (cm) = (56.7859,-27.5279,200),	 weight = 2
         gamma, kinetic energy (MeV) =     0.215374, position (cm) = (51.6121,-22.6963,200),	 weight = 1
         gamma, kinetic energy (MeV) =      4.24009, position (cm) = (54.2246,-27.3931,200),	 weight = 1
         nu_mu, kinetic energy (MeV) =      235.532, position (cm) = (-53.9719,-59.25,200),	 weight = 1
          nu_e, kinetic energy (MeV) =      26.9871, position (cm) = (0.552272,-58.0422,200),	 weight = 1
         nu_mu, kinetic energy (MeV) =      29.7919, position (cm) = (-12.0528,70.3397,200),	 weight = 4
         gamma, kinetic energy (MeV) =     0.720625, position (cm) = (7.32859,-33.833,200),	 weight = 2
         gamma, kinetic energy (MeV) =      2.61164, position (cm) = (21.0623,-17.4871,200),	 weight = 2
         gamma, kinetic energy (MeV) =     0.657931, position (cm) = (15.8691,-8.98443,200),	 weight = 2
            e-, kinetic energy (MeV) =     0.241922, position (cm) = (17.216,-8.5943,200),	 weight = 2
         gamma, kinetic energy (MeV) =    0.0644852, position (cm) = (57.1441,4.1463,200),	 weight = 2
         gamma, kinetic energy (MeV) =      4.86628, position (cm) = (10.1119,-23.9575,200),	 weight = 2
         gamma, kinetic energy (MeV) =     0.093143, position (cm) = (22.1777,-10.4278,200),	 weight = 2
         gamma, kinetic energy (MeV) =      2.69073, position (cm) = (19.9915,-18.3816,200),	 weight = 2
         gamma, kinetic energy (MeV) =     0.300604, position (cm) = (11.8897,22.3877,200),	 weight = 2
       neutron, kinetic energy (MeV) =      1.67517, position (cm) = (-31.006,-32.3893,200),	 weight = 2
        proton, kinetic energy (MeV) =         3124, position (cm) = (12.5624,-4.2338,200),	 weight = 1
            e-, kinetic energy (MeV) =      2.55109, position (cm) = (12.6417,-4.16798,200),	 weight = 1
         nu_mu, kinetic energy (MeV) =      29.7919, position (cm) = (11.3985,-21.4534,200),	 weight = 2
       neutron, kinetic energy (MeV) =      90.6327, position (cm) = (-0.871532,-14.2499,200),	 weight = 2
       neutron, kinetic energy (MeV) =      286.404, position (cm) = (17.239,17.6571,200),	 weight = 1
         gamma, kinetic energy (MeV) =      7.59551, position (cm) = (-5.64766,15.4999,200),	 weight = 1
         gamma, kinetic energy (MeV) =     0.117743, position (cm) = (-29.5857,32.6391,200),	 weight = 1
       neutron, kinetic energy (MeV) =     0.132971, position (cm) = (-22.255,50.6902,200),	 weight = 3
         gamma, kinetic energy (MeV) =       0.0917, position (cm) = (-48.9478,53.1053,200),	 weight = 9
       neutron, kinetic energy (MeV) =      175.497, position (cm) = (-30.2307,33.7108,200),	 weight = 3
         kaon+, kinetic energy (MeV) =      171.592, position (cm) = (31.5276,27.5218,200),	 weight = 3
         gamma, kinetic energy (MeV) =     0.180595, position (cm) = (-14.2197,-9.99563,200),	 weight = 1
        proton, kinetic energy (MeV) =      135.619, position (cm) = (-12.1623,22.982,200),	 weight = 2
       neutron, kinetic energy (MeV) =      154.693, position (cm) = (-1.69699,4.91141,200),	 weight = 1
         gamma, kinetic energy (MeV) =     0.761877, position (cm) = (25.8842,-10.5696,200),	 weight = 1
         gamma, kinetic energy (MeV) =    0.0742171, position (cm) = (18.5958,-25.6171,200),	 weight = 1
       neutron, kinetic energy (MeV) =      97.6783, position (cm) = (4.91197,37.9095,200),	 weight = 12
       neutron, kinetic energy (MeV) =      176.227, position (cm) = (4.80296,37.5418,200),	 weight = 12
         gamma, kinetic energy (MeV) =    0.0478762, position (cm) = (27.7285,15.4766,200),	 weight = 4
       neutron, kinetic energy (MeV) =     0.841537, position (cm) = (23.2544,5.42029,200),	 weight = 8
         gamma, kinetic energy (MeV) =      2.17089, position (cm) = (25.9582,9.34451,200),	 weight = 12
       neutron, kinetic energy (MeV) =     0.352038, position (cm) = (24.5557,7.16113,200),	 weight = 16
       neutron, kinetic energy (MeV) =      9.08902, position (cm) = (30.1243,6.43825,200),	 weight = 8
       neutron, kinetic energy (MeV) =      68.6312, position (cm) = (0.933873,19.9738,200),	 weight = 4
       neutron, kinetic energy (MeV) =      170.668, position (cm) = (25.7506,4.6531,200),	 weight = 4
    anti_nu_mu, kinetic energy (MeV) =      34.2946, position (cm) = (-1.99438,7.58594,200),	 weight = 1
         gamma, kinetic energy (MeV) =     0.189554, position (cm) = (38.2277,-12.6635,200),	 weight = 4
       neutron, kinetic energy (MeV) =     0.704353, position (cm) = (32.7449,-17.1803,200),	 weight = 2
        proton, kinetic energy (MeV) =      9041.82, position (cm) = (-2.353,-0.645758,200),	 weight = 1
         gamma, kinetic energy (MeV) =    0.0954482, position (cm) = (0.472374,14.6392,200),	 weight = 1
    anti_nu_mu, kinetic energy (MeV) =      18.4186, position (cm) = (-58.7817,85.164,200),	 weight = 1
       neutron, kinetic energy (MeV) =      139.221, position (cm) = (-24.6394,74.51,200),	 weight = 1
         gamma, kinetic energy (MeV) =      4.59843, position (cm) = (-13.4778,17.2954,200),	 weight = 2
         nu_mu, kinetic energy (MeV) =      29.7919, position (cm) = (-50.5615,-49.8259,200),	 weight = 1
         gamma, kinetic energy (MeV) =      5.34889, position (cm) = (81.9668,17.1601,200),	 weight = 4
          nu_e, kinetic energy (MeV) =      13.9035, position (cm) = (-91.0577,-17.8757,200),	 weight = 1
       neutron, kinetic energy (MeV) =      309.991, position (cm) = (-98.2942,-56.1184,200),	 weight = 5
         gamma, kinetic energy (MeV) =     0.568296, position (cm) = (78.9612,6.67596,200),	 weight = 15
       neutron, kinetic energy (MeV) =      6.77352, position (cm) = (79.6031,0.338841,200),	 weight = 15
         gamma, kinetic energy (MeV) =      2.57053, position (cm) = (46.7988,23.079,200),	 weight = 1
       neutron, kinetic energy (MeV) =      160.304, position (cm) = (-25.319,-5.89727,200),	 weight = 1
         gamma, kinetic energy (MeV) =      2.39564, position (cm) = (-17.1913,-33.1642,200),	 weight = 1
         gamma, kinetic energy (MeV) =     0.921175, position (cm) = (-30.335,-33.5906,200),	 weight = 1
         gamma, kinetic energy (MeV) =     0.510999, position (cm) = (-59.7821,-53.4489,200),	 weight = 1
            e-, kinetic energy (MeV) =      2.51237, position (cm) = (-7.55219,-33.6907,200),	 weight = 1
         gamma, kinetic energy (MeV) =    0.0741288, position (cm) = (-7.55023,-33.6893,200),	 weight = 1
         gamma, kinetic energy (MeV) =     0.158221, position (cm) = (-38.0669,-30.9179,200),	 weight = 3
         gamma, kinetic energy (MeV) =     0.510999, position (cm) = (-20.0967,-40.8177,200),	 weight = 1
         gamma, kinetic energy (MeV) =     0.221684, position (cm) = (-31.0731,-30.045,200),	 weight = 1
         gamma, kinetic energy (MeV) =       6.9988, position (cm) = (-32.5309,-62.8585,200),	 weight = 1
       neutron, kinetic energy (MeV) =      2.56264, position (cm) = (20.1742,31.5163,200),	 weight = 1
       neutron, kinetic energy (MeV) =       28.648, position (cm) = (4.21241,54.3767,200),	 weight = 1
         gamma, kinetic energy (MeV) =     0.294474, position (cm) = (7.89967,-19.2602,200),	 weight = 3
         gamma, kinetic energy (MeV) =      1.01414, position (cm) = (-4.8487,-1.37814,200),	 weight = 2
         gamma, kinetic energy (MeV) =     0.114174, position (cm) = (1.02353,-0.581272,200),	 weight = 2
         gamma, kinetic energy (MeV) =     0.300356, position (cm) = (-4.37976,4.48169,200),	 weight = 2
       neutron, kinetic energy (MeV) =      57.2646, position (cm) = (2.36995,2.49042,200),	 weight = 2
       neutron, kinetic energy (MeV) =      365.425, position (cm) = (-7.36559,-2.85337,200),	 weight = 1
        proton, kinetic energy (MeV) =      1193.76, position (cm) = (-6.47467,-2.1678,200),	 weight = 1
          nu_e, kinetic energy (MeV) =      27.9262, position (cm) = (78.2492,-61.6595,200),	 weight = 3
       neutron, kinetic energy (MeV) =     0.163038, position (cm) = (18.6642,-24.1703,200),	 weight = 3
         gamma, kinetic energy (MeV) =      1.60885, position (cm) = (16.3492,21.3236,200),	 weight = 1
         gamma, kinetic energy (MeV) =     0.428765, position (cm) = (6.62363,-9.09581,200),	 weight = 1
         gamma, kinetic energy (MeV) =     0.156553, position (cm) = (-2.24842,-0.964922,200),	 weight = 1
         gamma, kinetic energy (MeV) =       22.351, position (cm) = (-2.68671,-11.7354,200),	 weight = 1
         gamma, kinetic energy (MeV) =      5.35271, position (cm) = (6.01419,-0.517438,200),	 weight = 1
         gamma, kinetic energy (MeV) =      5.67399, position (cm) = (-5.13901,-8.33721,200),	 weight = 1
         gamma, kinetic energy (MeV) =      2.15167, position (cm) = (16.1964,-12.9188,200),	 weight = 1
         gamma, kinetic energy (MeV) =       25.964, position (cm) = (3.26051,-6.92982,200),	 weight = 1
         gamma, kinetic energy (MeV) =      9.41333, position (cm) = (-18.3947,-13.385,200),	 weight = 1
         gamma, kinetic energy (MeV) =      4.62342, position (cm) = (-0.169164,11.7803,200),	 weight = 1
         gamma, kinetic energy (MeV) =      9.88732, position (cm) = (0.39841,-2.67855,200),	 weight = 1
         gamma, kinetic energy (MeV) =      1.64486, position (cm) = (14.6369,-27.0506,200),	 weight = 1
         gamma, kinetic energy (MeV) =     0.107413, position (cm) = (19.1484,-14.9604,200),	 weight = 1
         gamma, kinetic energy (MeV) =     0.136534, position (cm) = (11.3674,-14.4559,200),	 weight = 1
         gamma, kinetic energy (MeV) =      11.9073, position (cm) = (-18.7343,-7.73884,200),	 weight = 1
         gamma, kinetic energy (MeV) =     0.872284, position (cm) = (-3.62059,-44.2048,200),	 weight = 1
         gamma, kinetic energy (MeV) =      1.33006, position (cm) = (-17.0433,1.14285,200),	 weight = 1
         gamma, kinetic energy (MeV) =     0.724279, position (cm) = (4.32232,2.9401,200),	 weight = 1
         gamma, kinetic energy (MeV) =     0.350746, position (cm) = (4.461,1.81162,200),	 weight = 1
         gamma, kinetic energy (MeV) =      1.25515, position (cm) = (-22.973,-0.383788,200),	 weight = 1
         gamma, kinetic energy (MeV) =      0.79487, position (cm) = (-19.4045,9.22564,200),	 weight = 1
         gamma, kinetic energy (MeV) =       8.6165, position (cm) = (7.85689,11.2356,200),	 weight = 1
         gamma, kinetic energy (MeV) =     0.307321, position (cm) = (0.779026,4.90156,200),	 weight = 1
         gamma, kinetic energy (MeV) =      5.58529, position (cm) = (-3.32672,7.48156,200),	 weight = 1
         gamma, kinetic energy (MeV) =      10.3666, position (cm) = (1.54815,-2.15639,200),	 weight = 1
            e+, kinetic energy (MeV) =      119.288, position (cm) = (-0.434408,1.44557,200),	 weight = 1
            e-, kinetic energy (MeV) =      90.0486, position (cm) = (-0.403502,1.41476,200),	 weight = 1
         gamma, kinetic energy (MeV) =     0.317907, position (cm) = (0.0300784,1.38259,200),	 weight = 1
         gamma, kinetic energy (MeV) =     0.629964, position (cm) = (-0.418382,1.43184,200),	 weight = 1
         gamma, kinetic energy (MeV) =      18.6924, position (cm) = (1.12511,1.77154,200),	 weight = 1
            e-, kinetic energy (MeV) =      468.858, position (cm) = (1.10335,1.82414,200),	 weight = 1
         gamma, kinetic energy (MeV) =       3.7719, position (cm) = (-0.0526171,4.918,200),	 weight = 1
         gamma, kinetic energy (MeV) =      5.51754, position (cm) = (3.60847,-6.16188,200),	 weight = 1
         gamma, kinetic energy (MeV) =     0.108492, position (cm) = (8.36878,11.4304,200),	 weight = 1
         gamma, kinetic energy (MeV) =      11.0712, position (cm) = (-6.65157,-4.66044,200),	 weight = 1
         gamma, kinetic energy (MeV) =       63.906, position (cm) = (-5.95382,-2.87423,200),	 weight = 1
         gamma, kinetic energy (MeV) =    0.0946553, position (cm) = (8.47121,7.60273,200),	 weight = 1
         gamma, kinetic energy (MeV) =     0.226887, position (cm) = (-6.69542,-4.15387,200),	 weight = 1
         gamma, kinetic energy (MeV) =      8.04222, position (cm) = (-10.937,5.61209,200),	 weight = 1
         gamma, kinetic energy (MeV) =      23.3968, position (cm) = (-5.63575,-17.1073,200),	 weight = 1
         gamma, kinetic energy (MeV) =      4.97678, position (cm) = (-27.512,2.66313,200),	 weight = 1
         gamma, kinetic energy (MeV) =       18.442, position (cm) = (0.688257,-2.59214,200),	 weight = 1
         gamma, kinetic energy (MeV) =      3.28469, position (cm) = (29.3491,3.83287,200),	 weight = 1
         gamma, kinetic energy (MeV) =      6.16836, position (cm) = (-5.8602,11.5314,200),	 weight = 1
         gamma, kinetic energy (MeV) =        1.157, position (cm) = (6.96893,6.49412,200),	 weight = 1
         gamma, kinetic energy (MeV) =      19.0363, position (cm) = (2.93861,-18.5506,200),	 weight = 1
         gamma, kinetic energy (MeV) =       46.714, position (cm) = (-4.94202,-4.9858,200),	 weight = 1
         gamma, kinetic energy (MeV) =     0.381356, position (cm) = (-22.831,-11.3568,200),	 weight = 1
         gamma, kinetic energy (MeV) =     0.260354, position (cm) = (16.4303,14.7455,200),	 weight = 1
         gamma, kinetic energy (MeV) =      4.67574, position (cm) = (2.24265,-14.8842,200),	 weight = 1
         gamma, kinetic energy (MeV) =      7.82512, position (cm) = (-15.4903,27.7712,200),	 weight = 1
         gamma, kinetic energy (MeV) =     0.355654, position (cm) = (8.75978,-26.3303,200),	 weight = 1
         gamma, kinetic energy (MeV) =     0.209607, position (cm) = (9.13783,-24.8243,200),	 weight = 1
         gamma, kinetic energy (MeV) =     0.170579, position (cm) = (10.022,-28.2055,200),	 weight = 1
         gamma, kinetic energy (MeV) =      1.58564, position (cm) = (4.36713,0.607785,200),	 weight = 1
         gamma, kinetic energy (MeV) =      4.95993, position (cm) = (5.15239,5.51218,200),	 weight = 1
         gamma, kinetic energy (MeV) =     0.841185, position (cm) = (-15.4335,3.80278,200),	 weight = 1
         gamma, kinetic energy (MeV) =      26.4303, position (cm) = (4.49228,-2.0193,200),	 weight = 1
         gamma, kinetic energy (MeV) =      5.01525, position (cm) = (-3.08902,0.815373,200),	 weight = 1
         gamma, kinetic energy (MeV) =      2.75932, position (cm) = (-13.4866,-22.4586,200),	 weight = 1
         gamma, kinetic energy (MeV) =     0.412739, position (cm) = (8.04394,-1.73995,200),	 weight = 1
         gamma, kinetic energy (MeV) =     0.150758, position (cm) = (2.33223,-5.9537,200),	 weight = 1
         gamma, kinetic energy (MeV) =     0.539737, position (cm) = (4.02867,-4.6644,200),	 weight = 1
         gamma, kinetic energy (MeV) =     0.140786, position (cm) = (15.0952,2.67709,200),	 weight = 1
         gamma, kinetic energy (MeV) =      1.23921, position (cm) = (1.51854,-2.22809,200),	 weight = 1
         gamma, kinetic energy (MeV) =      1.04532, position (cm) = (5.25252,-2.15575,200),	 weight = 1
         gamma, kinetic energy (MeV) =      0.46137, position (cm) = (4.47647,-3.16622,200),	 weight = 1
         gamma, kinetic energy (MeV) =    0.0540479, position (cm) = (1.06965,-7.51045,200),	 weight = 1
         gamma, kinetic energy (MeV) =       1.3234, position (cm) = (4.38686,-3.5728,200),	 weight = 1
         gamma, kinetic energy (MeV) =      1.66148, position (cm) = (6.32715,2.61789,200),	 weight = 1
         gamma, kinetic energy (MeV) =     0.993342, position (cm) = (15.9206,8.45314,200),	 weight = 1
         gamma, kinetic energy (MeV) =      1.19554, position (cm) = (-2.8784,-15.2537,200),	 weight = 1
         gamma, kinetic energy (MeV) =      6.07956, position (cm) = (33.6777,15.7203,200),	 weight = 1
         gamma, kinetic energy (MeV) =    0.0979843, position (cm) = (0.370899,8.07561,200),	 weight = 1
         gamma, kinetic energy (MeV) =      6.61358, position (cm) = (-12.0882,-12.7946,200),	 weight = 1
         gamma, kinetic energy (MeV) =      1.56015, position (cm) = (-9.09084,-7.2638,200),	 weight = 3
         gamma, kinetic energy (MeV) =      6.92485, position (cm) = (2.13325,-0.087892,200),	 weight = 1
         gamma, kinetic energy (MeV) =      6.18439, position (cm) = (-3.23092,0.579156,200),	 weight = 1
         gamma, kinetic energy (MeV) =       1.8742, position (cm) = (-12.2162,-17.9935,200),	 weight = 1
         gamma, kinetic energy (MeV) =      11.0772, position (cm) = (-3.41439,1.1128,200),	 weight = 1
            e-, kinetic energy (MeV) =      5.65939, position (cm) = (26.9712,-14.7525,200),	 weight = 1
         gamma, kinetic energy (MeV) =      2.70167, position (cm) = (27.6749,-14.1078,200),	 weight = 1
         gamma, kinetic energy (MeV) =     0.232072, position (cm) = (32.239,-11.2006,200),	 weight = 1
         gamma, kinetic energy (MeV) =      2.35975, position (cm) = (19.7554,7.01988,200),	 weight = 1
         gamma, kinetic energy (MeV) =      2.96955, position (cm) = (-39.1904,20.8798,200),	 weight = 1
         gamma, kinetic energy (MeV) =      12.2358, position (cm) = (-3.05961,-0.867241,200),	 weight = 1
         gamma, kinetic energy (MeV) =      82.0293, position (cm) = (-0.127372,2.27324,200),	 weight = 1
         gamma, kinetic energy (MeV) =      8.12489, position (cm) = (5.53305,-12.898,200),	 weight = 1
         gamma, kinetic energy (MeV) =       10.334, position (cm) = (-3.47707,-1.34135,200),	 weight = 1
         gamma, kinetic energy (MeV) =       15.658, position (cm) = (9.12579,-5.4388,200),	 weight = 1
         gamma, kinetic energy (MeV) =      1.55863, position (cm) = (3.38469,-16.3797,200),	 weight = 1
         gamma, kinetic energy (MeV) =     0.510999, position (cm) = (0.527518,0.497637,200),	 weight = 1
         gamma, kinetic energy (MeV) =     0.129656, position (cm) = (-0.0598925,2.12896,200),	 weight = 1
            e-, kinetic energy (MeV) =      2.04387, position (cm) = (0.859839,2.31817,200),	 weight = 1
         gamma, kinetic energy (MeV) =     0.154762, position (cm) = (-4.74154,-2.13765,200),	 weight = 1
         gamma, kinetic energy (MeV) =      1.18808, position (cm) = (0.962448,2.6393,200),	 weight = 1
         gamma, kinetic energy (MeV) =     0.337037, position (cm) = (2.69515,3.29251,200),	 weight = 1
         gamma, kinetic energy (MeV) =     0.498396, position (cm) = (-2.09628,6.25087,200),	 weight = 1
         gamma, kinetic energy (MeV) =      1.10472, position (cm) = (3.26856,0.676635,200),	 weight = 1
         gamma, kinetic energy (MeV) =      9.94771, position (cm) = (1.8863,-0.749502,200),	 weight = 1
         gamma, kinetic energy (MeV) =     0.356275, position (cm) = (-21.4006,12.6105,200),	 weight = 1
         gamma, kinetic energy (MeV) =      1.89914, position (cm) = (6.05881,2.16551,200),	 weight = 1
         gamma, kinetic energy (MeV) =     0.657009, position (cm) = (8.26187,2.1541,200),	 weight = 1
         gamma, kinetic energy (MeV) =      6.30964, position (cm) = (-12.496,2.82785,200),	 weight = 1
         gamma, kinetic energy (MeV) =       0.1033, position (cm) = (-9.84465,1.77164,200),	 weight = 1
         gamma, kinetic energy (MeV) =     0.510999, position (cm) = (0.919485,4.28394,200),	 weight = 1
         gamma, kinetic energy (MeV) =       2.4109, position (cm) = (-0.194664,4.49019,200),	 weight = 1
         gamma, kinetic energy (MeV) =     0.125251, position (cm) = (3.6023,8.22735,200),	 weight = 1
         gamma, kinetic energy (MeV) =    0.0842556, position (cm) = (6.92851,-2.48172,200),	 weight = 1
         gamma, kinetic energy (MeV) =      2.59758, position (cm) = (0.682286,-4.48543,200),	 weight = 1
         gamma, kinetic energy (MeV) =      56.7677, position (cm) = (0.295877,-0.316279,200),	 weight = 1
         gamma, kinetic energy (MeV) =      1.31542, position (cm) = (-21.043,-1.1046,200),	 weight = 1
         gamma, kinetic energy (MeV) =    0.0922542, position (cm) = (-13.9466,51.683,200),	 weight = 1
         gamma, kinetic energy (MeV) =     0.496946, position (cm) = (47.9011,17.4781,200),	 weight = 1
         gamma, kinetic energy (MeV) =      1.36336, position (cm) = (5.62327,2.63718,200),	 weight = 1
         gamma, kinetic energy (MeV) =      10.0231, position (cm) = (-19.1167,1.38785,200),	 weight = 1
         gamma, kinetic energy (MeV) =      1.88597, position (cm) = (-18.0188,2.11411,200),	 weight = 1
         gamma, kinetic energy (MeV) =    0.0713507, position (cm) = (-17.3185,2.86195,200),	 weight = 1
         gamma, kinetic energy (MeV) =      13.6046, position (cm) = (-16.2469,4.014,200),	 weight = 1
         gamma, kinetic energy (MeV) =      12.6439, position (cm) = (-8.05086,4.37124,200),	 weight = 1
         gamma, kinetic energy (MeV) =      14.3725, position (cm) = (30.9966,1.18843,200),	 weight = 1
         gamma, kinetic energy (MeV) =     0.510999, position (cm) = (19.1163,0.0155464,200),	 weight = 1
         gamma, kinetic energy (MeV) =    0.0946325, position (cm) = (7.03324,5.66838,200),	 weight = 1
         gamma, kinetic energy (MeV) =      6.33135, position (cm) = (13.6879,-2.35383,200),	 weight = 1
         gamma, kinetic energy (MeV) =      3.81173, position (cm) = (32.7702,-27.7686,200),	 weight = 1
         gamma, kinetic energy (MeV) =      4.84271, position (cm) = (8.00595,-14.5793,200),	 weight = 1
         gamma, kinetic energy (MeV) =      4.66366, position (cm) = (16.0088,1.11904,200),	 weight = 1
         gamma, kinetic energy (MeV) =      8.56804, position (cm) = (-3.61161,-4.46331,200),	 weight = 1
         gamma, kinetic energy (MeV) =      4.92643, position (cm) = (23.0827,35.0501,200),	 weight = 1
         gamma, kinetic energy (MeV) =     0.353065, position (cm) = (8.18009,11.3742,200),	 weight = 1
         gamma, kinetic energy (MeV) =      8.45944, position (cm) = (-6.64665,9.261,200),	 weight = 1
         gamma, kinetic energy (MeV) =      24.9735, position (cm) = (0.643002,-11.7344,200),	 weight = 1
         gamma, kinetic energy (MeV) =     0.270706, position (cm) = (26.8757,-1.00102,200),	 weight = 1
         gamma, kinetic energy (MeV) =      7.48898, position (cm) = (4.93746,6.01467,200),	 weight = 1
            e+, kinetic energy (MeV) =      7.49947, position (cm) = (2.14859,0.343431,200),	 weight = 1
         gamma, kinetic energy (MeV) =     0.090351, position (cm) = (2.07424,0.406195,200),	 weight = 1
         gamma, kinetic energy (MeV) =      2.03189, position (cm) = (2.72826,0.172724,200),	 weight = 1
            e-, kinetic energy (MeV) =      62.8632, position (cm) = (2.4355,-0.793253,200),	 weight = 1
         gamma, kinetic energy (MeV) =    0.0847571, position (cm) = (2.43531,-0.790036,200),	 weight = 1
         gamma, kinetic energy (MeV) =     0.804147, position (cm) = (2.43727,-0.781926,200),	 weight = 1
         gamma, kinetic energy (MeV) =      5.86677, position (cm) = (2.45684,-0.772699,200),	 weight = 1
         gamma, kinetic energy (MeV) =     0.356322, position (cm) = (2.47512,-0.908073,200),	 weight = 1
         gamma, kinetic energy (MeV) =     0.659243, position (cm) = (2.41048,-0.927278,200),	 weight = 1
         gamma, kinetic energy (MeV) =      1.98162, position (cm) = (9.39165,4.61187,200),	 weight = 1
         gamma, kinetic energy (MeV) =      10.6679, position (cm) = (-0.356758,16.9578,200),	 weight = 1
         gamma, kinetic energy (MeV) =     0.416621, position (cm) = (-30.4202,27.4707,200),	 weight = 1
         gamma, kinetic energy (MeV) =      6.47064, position (cm) = (25.2256,-9.71514,200),	 weight = 1
         gamma, kinetic energy (MeV) =     0.611333, position (cm) = (25.3993,-6.2205,200),	 weight = 1
         gamma, kinetic energy (MeV) =       1.9524, position (cm) = (-45.86,20.4198,200),	 weight = 1
         gamma, kinetic energy (MeV) =      1.52736, position (cm) = (-10.9094,-16.534,200),	 weight = 1
         gamma, kinetic energy (MeV) =      1.91556, position (cm) = (-19.4185,6.49096,200),	 weight = 1
         gamma, kinetic energy (MeV) =      4.68501, position (cm) = (-15.0904,4.98821,200),	 weight = 1
         gamma, kinetic energy (MeV) =      2.47601, position (cm) = (-0.353985,-15.7045,200),	 weight = 1
         gamma, kinetic energy (MeV) =     0.115986, position (cm) = (-6.35621,3.77449,200),	 weight = 1
         gamma, kinetic energy (MeV) =       1.3052, position (cm) = (5.94684,5.2475,200),	 weight = 1
         gamma, kinetic energy (MeV) =      1.02145, position (cm) = (-1.28385,3.70154,200),	 weight = 1
         gamma, kinetic energy (MeV) =     0.887763, position (cm) = (-4.27735,5.46864,200),	 weight = 1
         gamma, kinetic energy (MeV) =      4.89602, position (cm) = (-3.5016,7.03094,200),	 weight = 1
            e-, kinetic energy (MeV) =      2.33524, position (cm) = (-3.75538,7.19129,200),	 weight = 1
            e+, kinetic energy (MeV) =      6.87862, position (cm) = (-2.44865,2.89441,200),	 weight = 1
         gamma, kinetic energy (MeV) =      4.25235, position (cm) = (-2.43076,2.88476,200),	 weight = 1
         gamma, kinetic energy (MeV) =      1.77764, position (cm) = (2.96122,54.531,200),	 weight = 1
         gamma, kinetic energy (MeV) =     0.574337, position (cm) = (-29.34,-14.036,200),	 weight = 1
            e-, kinetic energy (MeV) =      10.0028, position (cm) = (-31.9917,-16.1724,200),	 weight = 1
         gamma, kinetic energy (MeV) =      3.08701, position (cm) = (-11.6258,3.55263,200),	 weight = 1
         gamma, kinetic energy (MeV) =      1.65108, position (cm) = (15.288,20.5459,200),	 weight = 1
Graphics systems deleted.
Visualization Manager deleting...
