Environment variable "G4FORCE_RUN_MANAGER_TYPE" enabled with value == Serial. Forcing G4RunManager type...

        ############################################
        !!! WARNING - FPE detection is activated !!!
        ############################################


          ################################
          !!! G4Backtrace is activated !!!
          ################################


**************************************************************
 Geant4 version Name: geant4-11-04-patch-02    (12-June-2026)
                       Copyright : Geant4 Collaboration
                      References : NIM A 506 (2003), 250-303
                                 : IEEE-TNS 53 (2006), 270-278
                                 : NIM A 835 (2016), 186-225
                             WWW : http://geant4.org/
**************************************************************

<<< Geant4 Physics List simulation engine: FTFP_BERT

Visualization Manager instantiating with verbosity "warnings (3)"...
Visualization Manager initialising...
Registering graphics systems...

You have successfully registered the following graphics systems.
Registered graphics systems are:
  ASCIITree (ATree)
  DAWNFILE (DAWNFILE)
  RayTracer (RT)
  VRML2FILE (VRML2FILE)
  gMocrenFile (gMocrenFile)
  TOOLSSG_OFFSCREEN (TSG_OFFSCREEN, TSG_FILE)
  OpenGLImmediateQt (OGLIQt, OGLI)
  OpenGLStoredQt (OGLSQt, OGLS)
  OpenGLImmediateXm (OGLIXm, OGLIQt_FALLBACK)
  OpenGLStoredXm (OGLSXm, OGLSQt_FALLBACK)
  OpenGLImmediateX (OGLIX, OGLIQt_FALLBACK, OGLIXm_FALLBACK)
  OpenGLStoredX (OGLSX, OGLSQt_FALLBACK, OGLSXm_FALLBACK)
  RayTracerX (RTX)
  RayTracerQt (RTQt)
  TOOLSSG_X11_GLES (TSG_X11_GLES, TSGX11, TSG_XT_GLES_FALLBACK)
  TOOLSSG_X11_ZB (TSG_X11_ZB, TSGX11ZB)
  TOOLSSG_XT_GLES (TSG_XT_GLES, TSGXt, TSG_QT_GLES_FALLBACK)
  TOOLSSG_XT_ZB (TSG_XT_ZB, TSGXtZB)
  TOOLSSG_QT_GLES (TSG_QT_GLES, TSGQt, TSG, OGL)
  TOOLSSG_QT_ZB (TSG_QT_ZB, TSGQtZB, TSGZB)
You may choose a graphics system (driver) with a parameter of
the command "/vis/open" or "/vis/sceneHandler/create",
or you may omit the driver parameter and choose at run time:
- by argument in the construction of G4VisExecutive
- by environment variable "G4VIS_DEFAULT_DRIVER"
- by entry in "~/.g4session"
- by build flags.
- Note: This feature is not allowed in batch mode.
For further information see "examples/basic/B1/exampleB1.cc"
and "vis.mac".

Registering model factories...

You have successfully registered the following model factories.
Registered model factories:
  generic
  drawByAttribute
  drawByCharge
  drawByOriginVolume
  drawByParticleID
  drawByEncounteredVolume

Registered models:
  None

Registered filter factories:
  attributeFilter
  chargeFilter
  originVolumeFilter
  particleFilter
  encounteredVolumeFilter

Registered filters:
  None

You have successfully registered the following user vis actions.
Run Duration User Vis Actions: none
End of Event User Vis Actions: none
End of Run User Vis Actions: none

Some /vis commands (optionally) take a string to specify colour.
"/vis/list" to see available colours.

The materials defined are : 


***** Table : Nb of materials = 5 *****

 Material:   G4_AIR    density:  1.205 mg/cm3  RadL: 303.921 m    Nucl.Int.Length: 710.095 m  
                       Imean:  85.700 eV   temperature: 293.15 K  pressure:   1.00 atm

   --->  Element: C (C)   Z =  6.0   N =    12   A = 12.011 g/mole
         --->  Isotope:   C12   Z =  6   N =  12   A =  12.00 g/mole   abundance: 98.930 %
         --->  Isotope:   C13   Z =  6   N =  13   A =  13.00 g/mole   abundance:  1.070 %
          ElmMassFraction:   0.01 %  ElmAbundance   0.02 % 

   --->  Element: N (N)   Z =  7.0   N =    14   A = 14.007 g/mole
         --->  Isotope:   N14   Z =  7   N =  14   A =  14.00 g/mole   abundance: 99.632 %
         --->  Isotope:   N15   Z =  7   N =  15   A =  15.00 g/mole   abundance:  0.368 %
          ElmMassFraction:  75.53 %  ElmAbundance  78.44 % 

   --->  Element: O (O)   Z =  8.0   N =    16   A = 15.999 g/mole
         --->  Isotope:   O16   Z =  8   N =  16   A =  15.99 g/mole   abundance: 99.757 %
         --->  Isotope:   O17   Z =  8   N =  17   A =  17.00 g/mole   abundance:  0.038 %
         --->  Isotope:   O18   Z =  8   N =  18   A =  18.00 g/mole   abundance:  0.205 %
          ElmMassFraction:  23.18 %  ElmAbundance  21.07 % 

   --->  Element: Ar (Ar)   Z = 18.0   N =    40   A = 39.948 g/mole
         --->  Isotope:  Ar36   Z = 18   N =  36   A =  35.97 g/mole   abundance:  0.337 %
         --->  Isotope:  Ar38   Z = 18   N =  38   A =  37.96 g/mole   abundance:  0.063 %
         --->  Isotope:  Ar40   Z = 18   N =  40   A =  39.96 g/mole   abundance: 99.600 %
          ElmMassFraction:   1.28 %  ElmAbundance   0.47 % 


 Material:    G4_Ar    density:  1.662 mg/cm3  RadL: 117.621 m    Nucl.Int.Length: 719.888 m  
                       Imean: 188.000 eV   temperature: 293.15 K  pressure:   1.00 atm

   --->  Element: Ar (Ar)   Z = 18.0   N =    40   A = 39.948 g/mole
         --->  Isotope:  Ar36   Z = 18   N =  36   A =  35.97 g/mole   abundance:  0.337 %
         --->  Isotope:  Ar38   Z = 18   N =  38   A =  37.96 g/mole   abundance:  0.063 %
         --->  Isotope:  Ar40   Z = 18   N =  40   A =  39.96 g/mole   abundance: 99.600 %
          ElmMassFraction: 100.00 %  ElmAbundance 100.00 % 


 Material: G4_PLASTIC_SC_VINYLTOLUENE    density:  1.032 g/cm3   RadL:  42.544 cm   Nucl.Int.Length:  69.969 cm 
                       Imean:  64.700 eV   temperature: 293.15 K  pressure:   1.00 atm

   --->  Element: C (C)   Z =  6.0   N =    12   A = 12.011 g/mole
         --->  Isotope:   C12   Z =  6   N =  12   A =  12.00 g/mole   abundance: 98.930 %
         --->  Isotope:   C13   Z =  6   N =  13   A =  13.00 g/mole   abundance:  1.070 %
          ElmMassFraction:  91.47 %  ElmAbundance  47.37 % 

   --->  Element: H (H)   Z =  1.0   N =     1   A =  1.008 g/mole
         --->  Isotope:    H1   Z =  1   N =   1   A =   1.01 g/mole   abundance: 99.989 %
         --->  Isotope:    H2   Z =  1   N =   2   A =   2.01 g/mole   abundance:  0.011 %
          ElmMassFraction:   8.53 %  ElmAbundance  52.63 % 


 Material: G4_CESIUM_IODIDE    density:  4.510 g/cm3   RadL:   1.860 cm   Nucl.Int.Length:  39.306 cm 
                       Imean: 553.100 eV   temperature: 293.15 K  pressure:   1.00 atm

   --->  Element: Cs (Cs)   Z = 55.0   N =   133   A = 132.905 g/mole
         --->  Isotope: Cs133   Z = 55   N = 133   A = 132.91 g/mole   abundance: 100.000 %
          ElmMassFraction:  51.15 %  ElmAbundance  50.00 % 

   --->  Element: I (I)   Z = 53.0   N =   127   A = 126.904 g/mole
         --->  Isotope:  I127   Z = 53   N = 127   A = 126.90 g/mole   abundance: 100.000 %
          ElmMassFraction:  48.85 %  ElmAbundance  50.00 % 


 Material:    G4_Pb    density: 11.350 g/cm3   RadL:   5.613 mm   Nucl.Int.Length:  18.248 cm 
                       Imean: 823.000 eV   temperature: 293.15 K  pressure:   1.00 atm

   --->  Element: Pb (Pb)   Z = 82.0   N =   207   A = 207.217 g/mole
         --->  Isotope: Pb204   Z = 82   N = 204   A = 203.97 g/mole   abundance:  1.400 %
         --->  Isotope: Pb206   Z = 82   N = 206   A = 205.97 g/mole   abundance: 24.100 %
         --->  Isotope: Pb207   Z = 82   N = 207   A = 206.98 g/mole   abundance: 22.100 %
         --->  Isotope: Pb208   Z = 82   N = 208   A = 207.98 g/mole   abundance: 52.400 %
          ElmMassFraction: 100.00 %  ElmAbundance 100.00 % 



Checking overlaps for volume magneticPhysical:0 (G4Tubs) ... OK! 
Checking overlaps for volume firstArmPhysical:0 (G4Box) ... OK! 
Checking overlaps for volume fSecondArmPhys:0 (G4Box) ... OK! 
Checking overlaps for volume hodoscope1Physical:0 (G4Box) ... OK! 
Checking overlaps for volume hodoscope1Physical:1 (G4Box) ... OK! 
Checking overlaps for volume hodoscope1Physical:2 (G4Box) ... OK! 
Checking overlaps for volume hodoscope1Physical:3 (G4Box) ... OK! 
Checking overlaps for volume hodoscope1Physical:4 (G4Box) ... OK! 
Checking overlaps for volume hodoscope1Physical:5 (G4Box) ... OK! 
Checking overlaps for volume hodoscope1Physical:6 (G4Box) ... OK! 
Checking overlaps for volume hodoscope1Physical:7 (G4Box) ... OK! 
Checking overlaps for volume hodoscope1Physical:8 (G4Box) ... OK! 
Checking overlaps for volume hodoscope1Physical:9 (G4Box) ... OK! 
Checking overlaps for volume hodoscope1Physical:10 (G4Box) ... OK! 
Checking overlaps for volume hodoscope1Physical:11 (G4Box) ... OK! 
Checking overlaps for volume hodoscope1Physical:12 (G4Box) ... OK! 
Checking overlaps for volume hodoscope1Physical:13 (G4Box) ... OK! 
Checking overlaps for volume hodoscope1Physical:14 (G4Box) ... OK! 
Checking overlaps for volume chamber1Physical:0 (G4Box) ... OK! 
Checking overlaps for volume chamber1Physical:1 (G4Box) ... OK! 
Checking overlaps for volume chamber1Physical:2 (G4Box) ... OK! 
Checking overlaps for volume chamber1Physical:3 (G4Box) ... OK! 
Checking overlaps for volume chamber1Physical:4 (G4Box) ... OK! 
Checking overlaps for volume wirePlane1Physical:0 (G4Box) ... OK! 
Checking overlaps for volume hodoscope2Physical:0 (G4Box) ... OK! 
Checking overlaps for volume hodoscope2Physical:1 (G4Box) ... OK! 
Checking overlaps for volume hodoscope2Physical:2 (G4Box) ... OK! 
Checking overlaps for volume hodoscope2Physical:3 (G4Box) ... OK! 
Checking overlaps for volume hodoscope2Physical:4 (G4Box) ... OK! 
Checking overlaps for volume hodoscope2Physical:5 (G4Box) ... OK! 
Checking overlaps for volume hodoscope2Physical:6 (G4Box) ... OK! 
Checking overlaps for volume hodoscope2Physical:7 (G4Box) ... OK! 
Checking overlaps for volume hodoscope2Physical:8 (G4Box) ... OK! 
Checking overlaps for volume hodoscope2Physical:9 (G4Box) ... OK! 
Checking overlaps for volume hodoscope2Physical:10 (G4Box) ... OK! 
Checking overlaps for volume hodoscope2Physical:11 (G4Box) ... OK! 
Checking overlaps for volume hodoscope2Physical:12 (G4Box) ... OK! 
Checking overlaps for volume hodoscope2Physical:13 (G4Box) ... OK! 
Checking overlaps for volume hodoscope2Physical:14 (G4Box) ... OK! 
Checking overlaps for volume hodoscope2Physical:15 (G4Box) ... OK! 
Checking overlaps for volume hodoscope2Physical:16 (G4Box) ... OK! 
Checking overlaps for volume hodoscope2Physical:17 (G4Box) ... OK! 
Checking overlaps for volume hodoscope2Physical:18 (G4Box) ... OK! 
Checking overlaps for volume hodoscope2Physical:19 (G4Box) ... OK! 
Checking overlaps for volume hodoscope2Physical:20 (G4Box) ... OK! 
Checking overlaps for volume hodoscope2Physical:21 (G4Box) ... OK! 
Checking overlaps for volume hodoscope2Physical:22 (G4Box) ... OK! 
Checking overlaps for volume hodoscope2Physical:23 (G4Box) ... OK! 
Checking overlaps for volume hodoscope2Physical:24 (G4Box) ... OK! 
Checking overlaps for volume chamber2Physical:0 (G4Box) ... OK! 
Checking overlaps for volume chamber2Physical:1 (G4Box) ... OK! 
Checking overlaps for volume chamber2Physical:2 (G4Box) ... OK! 
Checking overlaps for volume chamber2Physical:3 (G4Box) ... OK! 
Checking overlaps for volume chamber2Physical:4 (G4Box) ... OK! 
Checking overlaps for volume wirePlane2Physical:0 (G4Box) ... OK! 
Checking overlaps for volume EMcalorimeterPhysical:0 (G4Box) ... OK! 
Checking overlaps for volume HadCalorimeterPhysical:0 (G4Box) ... OK! 
Checking overlaps for volume HadCalScintiPhysical:0 (G4Box) ... OK! 
 G4ChordFinder: stepperDriverId: 2

 hInelastic FTFP_BERT : threshold between BERT and FTFP is over the interval 
 for pions :   3 to 6 GeV
 for kaons :   3 to 6 GeV
 for proton :  3 to 6 GeV
 for neutron : 3 to 6 GeV

### Adding tracking cuts for neutron  TimeCut(ns)= 10000  KinEnergyCut(MeV)= 0
=======================================================================
======                 Electromagnetic Physics Parameters      ========
=======================================================================
LPM effect enabled                                 1
Enable creation and use of sampling tables         0
Apply cuts on all EM processes                     0
Use combined TransportationWithMsc                 Disabled
Use general process                                1
Enable linear polarisation for gamma               0
Enable photoeffect sampling below K-shell          1
Enable sampling of quantum entanglement            0
X-section factor for integral approach             0.8
Min kinetic energy for tables                      100 eV 
Max kinetic energy for tables                      100 TeV
Number of bins per decade of a table               7
Verbose level                                      1
Verbose level for worker thread                    0
Bremsstrahlung energy threshold above which 
  primary e+- is added to the list of secondary    100 TeV
Bremsstrahlung energy threshold above which primary
  muon/hadron is added to the list of secondary    100 TeV
Positron annihilation at rest model                SimplePositronium
Enable 3 gamma annihilation on fly                 0
Lowest triplet kinetic energy                      1 MeV
Enable sampling of gamma linear polarisation       0
5D gamma conversion model type                     0
5D gamma conversion model on isolated ion          0
Use RiGe 5D e+e- pair production model by muons    0
Livermore data directory                           epics_2017
=======================================================================
======                 Ionisation Parameters                   ========
=======================================================================
Step function for e+-                              (0.2, 1 mm)
Step function for muons/hadrons                    (0.2, 0.1 mm)
Step function for light ions                       (0.2, 0.1 mm)
Step function for general ions                     (0.2, 0.1 mm)
Lowest e+e- kinetic energy                         1 keV
Lowest muon/hadron kinetic energy                  1 keV
Use ICRU90 data                                    0
Fluctuations of dE/dx are enabled                  1
Type of fluctuation model for leptons and hadrons  Urban
Use built-in Birks saturation                      0
Build CSDA range enabled                           0
Use cut as a final range enabled                   0
Enable angular generator interface                 0
Max kinetic energy for CSDA tables                 1 GeV
Max kinetic energy for NIEL computation            0 eV 
Linear loss limit                                  0.01
Read data from file for e+e- pair production by mu 0
=======================================================================
======                 Multiple Scattering Parameters          ========
=======================================================================
Type of msc step limit algorithm for e+-           1
Type of msc step limit algorithm for muons/hadrons 0
Msc lateral displacement for e+- enabled           1
Msc lateral displacement for muons and hadrons     0
Urban msc model lateral displacement alg96         1
Range factor for msc step limit for e+-            0.04
Range factor for msc step limit for muons/hadrons  0.2
Geometry factor for msc step limitation of e+-     2.5
Safety factor for msc step limit for e+-           0.6
Skin parameter for msc step limitation of e+-      1
Lambda limit for msc step limit for e+-            1 mm
Use Mott correction for e- scattering              0
Factor used for dynamic computation of angular 
  limit between single and multiple scattering     1
Fixed angular limit between single 
  and multiple scattering                          3.1416 rad
Upper energy limit for e+- multiple scattering     100 MeV
Type of electron single scattering model           0
Type of nuclear form-factor                        1
Screening factor                                   1
=======================================================================

phot:  for gamma SubType=12 BuildTable=0
      LambdaPrime table from 200 keV to 100 TeV in 61 bins 
      ===== EM models for the G4Region  DefaultRegionForTheWorld ======
 LivermorePhElectric : Emin=    0 eV  Emax=  100 TeV  SauterGavrila Fluo

compt:  for gamma SubType=13 BuildTable=1
      Lambda table from 100 eV  to 1 MeV, 7 bins/decade, spline: 1
      LambdaPrime table from 1 MeV to 100 TeV in 56 bins 
      ===== EM models for the G4Region  DefaultRegionForTheWorld ======
       Klein-Nishina : Emin=    0 eV  Emax=  100 TeV

conv:  for gamma SubType=14 BuildTable=1
      Lambda table from 1.022 MeV to 100 TeV, 18 bins/decade, spline: 1
      ===== EM models for the G4Region  DefaultRegionForTheWorld ======
     BetheHeitlerLPM : Emin=    0 eV  Emax=  100 TeV  ModifiedTsai

Rayl:  for gamma SubType=11 BuildTable=1
      Lambda table from 100 eV  to 150 keV, 7 bins/decade, spline: 0
      LambdaPrime table from 150 keV to 100 TeV in 62 bins 
      ===== EM models for the G4Region  DefaultRegionForTheWorld ======
   LivermoreRayleigh : Emin=    0 eV  Emax=  100 TeV  CullenGenerator

msc:  for e-  SubType= 10
      ===== EM models for the G4Region  DefaultRegionForTheWorld ======
            UrbanMsc : Emin=    0 eV  Emax=  100 MeV Nbins=42 100 eV  - 100 MeV
          StepLim=UseSafety Rfact=0.04 Gfact=2.5 Sfact=0.6 DispFlag:1 Skin=1 Llim=1 mm
        WentzelVIUni : Emin=  100 MeV Emax=  100 TeV Nbins=42 100 MeV - 100 TeV
          StepLim=UseSafety Rfact=0.04 Gfact=2.5 Sfact=0.6 DispFlag:1 Skin=1 Llim=1 mm

eIoni:  for e-  XStype:3  SubType=2
      dE/dx and range tables from 100 eV  to 100 TeV in 84 bins
      Lambda tables from threshold to 100 TeV, 7 bins/decade, spline: 1
      StepFunction=(0.2, 1 mm), integ: 3, fluct: 1, linLossLim= 0.01
      ===== EM models for the G4Region  DefaultRegionForTheWorld ======
        MollerBhabha : Emin=    0 eV  Emax=  100 TeV

eBrem:  for e-  XStype:4  SubType=3
      dE/dx and range tables from 100 eV  to 100 TeV in 84 bins
      Lambda tables from threshold to 100 TeV, 7 bins/decade, spline: 1
      LPM flag: 1 for E > 1 GeV,  VertexHighEnergyTh(GeV)= 100000
      ===== EM models for the G4Region  DefaultRegionForTheWorld ======
             eBremSB : Emin=    0 eV  Emax=    1 GeV  ModifiedTsai
            eBremLPM : Emin=    1 GeV Emax=  100 TeV  ModifiedTsai

CoulombScat:  for e- XStype:1 SubType=1 BuildTable=1
      Lambda table from 100 MeV to 100 TeV, 7 bins/decade, spline: 0
      ThetaMin(p) < Theta(degree) < 180, pLimit(GeV^1)= 0.139531
      ===== EM models for the G4Region  DefaultRegionForTheWorld ======
  eCoulombScattering : Emin=  100 MeV Emax=  100 TeV

msc:  for e+  SubType= 10
      ===== EM models for the G4Region  DefaultRegionForTheWorld ======
            UrbanMsc : Emin=    0 eV  Emax=  100 MeV Nbins=42 100 eV  - 100 MeV
          StepLim=UseSafety Rfact=0.04 Gfact=2.5 Sfact=0.6 DispFlag:1 Skin=1 Llim=1 mm
        WentzelVIUni : Emin=  100 MeV Emax=  100 TeV Nbins=42 100 MeV - 100 TeV
          StepLim=UseSafety Rfact=0.04 Gfact=2.5 Sfact=0.6 DispFlag:1 Skin=1 Llim=1 mm

eIoni:  for e+  XStype:3  SubType=2
      dE/dx and range tables from 100 eV  to 100 TeV in 84 bins
      Lambda tables from threshold to 100 TeV, 7 bins/decade, spline: 1
      StepFunction=(0.2, 1 mm), integ: 3, fluct: 1, linLossLim= 0.01
      ===== EM models for the G4Region  DefaultRegionForTheWorld ======
        MollerBhabha : Emin=    0 eV  Emax=  100 TeV

eBrem:  for e+  XStype:4  SubType=3
      dE/dx and range tables from 100 eV  to 100 TeV in 84 bins
      Lambda tables from threshold to 100 TeV, 7 bins/decade, spline: 1
      LPM flag: 1 for E > 1 GeV,  VertexHighEnergyTh(GeV)= 100000
      ===== EM models for the G4Region  DefaultRegionForTheWorld ======
             eBremSB : Emin=    0 eV  Emax=    1 GeV  ModifiedTsai
            eBremLPM : Emin=    1 GeV Emax=  100 TeV  ModifiedTsai

annihil:  for e+ XStype:2 SubType=5 AtRestModel:Simple BuildTable=0
      ===== EM models for the G4Region  DefaultRegionForTheWorld ======
            eplus2gg : Emin=    0 eV  Emax=  100 TeV

CoulombScat:  for e+ XStype:1 SubType=1 BuildTable=1
      Lambda table from 100 MeV to 100 TeV, 7 bins/decade, spline: 0
      ThetaMin(p) < Theta(degree) < 180, pLimit(GeV^1)= 0.139531
      ===== EM models for the G4Region  DefaultRegionForTheWorld ======
  eCoulombScattering : Emin=  100 MeV Emax=  100 TeV

msc:  for proton  SubType= 10
      ===== EM models for the G4Region  DefaultRegionForTheWorld ======
        WentzelVIUni : Emin=    0 eV  Emax=  100 TeV Nbins=84 100 eV  - 100 TeV
          StepLim=Minimal Rfact=0.2 Gfact=2.5 Sfact=0.6 DispFlag:0 Skin=1 Llim=1 mm

hIoni:  for proton  XStype:3  SubType=2
      dE/dx and range tables from 100 eV  to 100 TeV in 84 bins
      Lambda tables from threshold to 100 TeV, 7 bins/decade, spline: 1
      StepFunction=(0.2, 0.1 mm), integ: 3, fluct: 1, linLossLim= 0.01
      ===== EM models for the G4Region  DefaultRegionForTheWorld ======
               Bragg : Emin=    0 eV  Emax=    2 MeV
          BetheBloch : Emin=    2 MeV Emax=  100 TeV

hBrems:  for proton  XStype:1  SubType=3
      dE/dx and range tables from 100 eV  to 100 TeV in 84 bins
      Lambda tables from threshold to 100 TeV, 7 bins/decade, spline: 1
      ===== EM models for the G4Region  DefaultRegionForTheWorld ======
               hBrem : Emin=    0 eV  Emax=  100 TeV  ModifiedMephi

hPairProd:  for proton  XStype:1  SubType=4
      dE/dx and range tables from 100 eV  to 100 TeV in 84 bins
      Lambda tables from threshold to 100 TeV, 7 bins/decade, spline: 1
      Sampling table 17x1001, from 7.50618 GeV to 100 TeV 
      ===== EM models for the G4Region  DefaultRegionForTheWorld ======
           hPairProd : Emin=    0 eV  Emax=  100 TeV  ModifiedMephi

CoulombScat:  for proton XStype:1 SubType=1 BuildTable=1
      Lambda table from threshold  to 100 TeV, 7 bins/decade, spline: 0
      ThetaMin(p) < Theta(degree) < 180, pLimit(GeV^1)= 0.139531
      ===== EM models for the G4Region  DefaultRegionForTheWorld ======
  eCoulombScattering : Emin=    0 eV  Emax=  100 TeV

msc:  for GenericIon  SubType= 10
      ===== EM models for the G4Region  DefaultRegionForTheWorld ======
            UrbanMsc : Emin=    0 eV  Emax=  100 TeV
          StepLim=Minimal Rfact=0.2 Gfact=2.5 Sfact=0.6 DispFlag:0 Skin=1 Llim=1 mm

ionIoni:  for GenericIon  XStype:3  SubType=2
      dE/dx and range tables from 100 eV  to 100 TeV in 84 bins
      Lambda tables from threshold to 100 TeV, 7 bins/decade, spline: 1
      StepFunction=(0.2, 0.1 mm), integ: 3, fluct: 1, linLossLim= 0.02
      ===== EM models for the G4Region  DefaultRegionForTheWorld ======
               Bragg : Emin=    0 eV  Emax=    2 MeV
          BetheBloch : Emin=    2 MeV Emax=  100 TeV

msc:  for alpha  SubType= 10
      ===== EM models for the G4Region  DefaultRegionForTheWorld ======
            UrbanMsc : Emin=    0 eV  Emax=  100 TeV
          StepLim=Minimal Rfact=0.2 Gfact=2.5 Sfact=0.6 DispFlag:0 Skin=1 Llim=1 mm

ionIoni:  for alpha  XStype:3  SubType=2
      dE/dx and range tables from 100 eV  to 100 TeV in 84 bins
      Lambda tables from threshold to 100 TeV, 7 bins/decade, spline: 1
      StepFunction=(0.2, 0.1 mm), integ: 3, fluct: 1, linLossLim= 0.02
      ===== EM models for the G4Region  DefaultRegionForTheWorld ======
            BraggIon : Emin=    0 eV  Emax=7.9452 MeV
          BetheBloch : Emin=7.9452 MeV Emax=  100 TeV

msc:  for anti_proton  SubType= 10
      ===== EM models for the G4Region  DefaultRegionForTheWorld ======
        WentzelVIUni : Emin=    0 eV  Emax=  100 TeV Nbins=84 100 eV  - 100 TeV
          StepLim=Minimal Rfact=0.2 Gfact=2.5 Sfact=0.6 DispFlag:0 Skin=1 Llim=1 mm

hIoni:  for anti_proton  XStype:3  SubType=2
      dE/dx and range tables from 100 eV  to 100 TeV in 84 bins
      Lambda tables from threshold to 100 TeV, 7 bins/decade, spline: 1
      StepFunction=(0.2, 0.1 mm), integ: 3, fluct: 1, linLossLim= 0.01
      ===== EM models for the G4Region  DefaultRegionForTheWorld ======
            ICRU73QO : Emin=    0 eV  Emax=    2 MeV
          BetheBloch : Emin=    2 MeV Emax=  100 TeV

hBrems:  for anti_proton  XStype:1  SubType=3
      dE/dx and range tables from 100 eV  to 100 TeV in 84 bins
      Lambda tables from threshold to 100 TeV, 7 bins/decade, spline: 1
      ===== EM models for the G4Region  DefaultRegionForTheWorld ======
               hBrem : Emin=    0 eV  Emax=  100 TeV  ModifiedMephi

hPairProd:  for anti_proton  XStype:1  SubType=4
      dE/dx and range tables from 100 eV  to 100 TeV in 84 bins
      Lambda tables from threshold to 100 TeV, 7 bins/decade, spline: 1
      Sampling table 17x1001, from 7.50618 GeV to 100 TeV 
      ===== EM models for the G4Region  DefaultRegionForTheWorld ======
           hPairProd : Emin=    0 eV  Emax=  100 TeV  ModifiedMephi

CoulombScat:  for anti_proton XStype:1 SubType=1 BuildTable=1
      Lambda table from threshold  to 100 TeV, 7 bins/decade, spline: 0
      ThetaMin(p) < Theta(degree) < 180, pLimit(GeV^1)= 0.139531
      ===== EM models for the G4Region  DefaultRegionForTheWorld ======
  eCoulombScattering : Emin=    0 eV  Emax=  100 TeV

msc:  for kaon+  SubType= 10
      ===== EM models for the G4Region  DefaultRegionForTheWorld ======
        WentzelVIUni : Emin=    0 eV  Emax=  100 TeV Nbins=84 100 eV  - 100 TeV
          StepLim=Minimal Rfact=0.2 Gfact=2.5 Sfact=0.6 DispFlag:0 Skin=1 Llim=1 mm

hIoni:  for kaon+  XStype:3  SubType=2
      dE/dx and range tables from 100 eV  to 100 TeV in 84 bins
      Lambda tables from threshold to 100 TeV, 7 bins/decade, spline: 1
      StepFunction=(0.2, 0.1 mm), integ: 3, fluct: 1, linLossLim= 0.01
      ===== EM models for the G4Region  DefaultRegionForTheWorld ======
               Bragg : Emin=    0 eV  Emax=1.05231 MeV
          BetheBloch : Emin=1.05231 MeV Emax=  100 TeV

hBrems:  for kaon+  XStype:1  SubType=3
      dE/dx and range tables from 100 eV  to 100 TeV in 84 bins
      Lambda tables from threshold to 100 TeV, 7 bins/decade, spline: 1
      ===== EM models for the G4Region  DefaultRegionForTheWorld ======
               hBrem : Emin=    0 eV  Emax=  100 TeV  ModifiedMephi

hPairProd:  for kaon+  XStype:1  SubType=4
      dE/dx and range tables from 100 eV  to 100 TeV in 84 bins
      Lambda tables from threshold to 100 TeV, 7 bins/decade, spline: 1
      Sampling table 18x1001, from 3.94942 GeV to 100 TeV 
      ===== EM models for the G4Region  DefaultRegionForTheWorld ======
           hPairProd : Emin=    0 eV  Emax=  100 TeV  ModifiedMephi

CoulombScat:  for kaon+ XStype:1 SubType=1 BuildTable=1
      Lambda table from threshold  to 100 TeV, 7 bins/decade, spline: 0
      ThetaMin(p) < Theta(degree) < 180, pLimit(GeV^1)= 0.139531
      ===== EM models for the G4Region  DefaultRegionForTheWorld ======
  eCoulombScattering : Emin=    0 eV  Emax=  100 TeV

msc:  for kaon-  SubType= 10
      ===== EM models for the G4Region  DefaultRegionForTheWorld ======
        WentzelVIUni : Emin=    0 eV  Emax=  100 TeV Nbins=84 100 eV  - 100 TeV
          StepLim=Minimal Rfact=0.2 Gfact=2.5 Sfact=0.6 DispFlag:0 Skin=1 Llim=1 mm

hIoni:  for kaon-  XStype:3  SubType=2
      dE/dx and range tables from 100 eV  to 100 TeV in 84 bins
      Lambda tables from threshold to 100 TeV, 7 bins/decade, spline: 1
      StepFunction=(0.2, 0.1 mm), integ: 3, fluct: 1, linLossLim= 0.01
      ===== EM models for the G4Region  DefaultRegionForTheWorld ======
            ICRU73QO : Emin=    0 eV  Emax=1.05231 MeV
          BetheBloch : Emin=1.05231 MeV Emax=  100 TeV

hBrems:  for kaon-  XStype:1  SubType=3
      dE/dx and range tables from 100 eV  to 100 TeV in 84 bins
      Lambda tables from threshold to 100 TeV, 7 bins/decade, spline: 1
      ===== EM models for the G4Region  DefaultRegionForTheWorld ======
               hBrem : Emin=    0 eV  Emax=  100 TeV  ModifiedMephi

hPairProd:  for kaon-  XStype:1  SubType=4
      dE/dx and range tables from 100 eV  to 100 TeV in 84 bins
      Lambda tables from threshold to 100 TeV, 7 bins/decade, spline: 1
      Sampling table 18x1001, from 3.94942 GeV to 100 TeV 
      ===== EM models for the G4Region  DefaultRegionForTheWorld ======
           hPairProd : Emin=    0 eV  Emax=  100 TeV  ModifiedMephi

CoulombScat:  for kaon- XStype:1 SubType=1 BuildTable=1
      Used Lambda table of kaon+
      ThetaMin(p) < Theta(degree) < 180, pLimit(GeV^1)= 0.139531
      ===== EM models for the G4Region  DefaultRegionForTheWorld ======
  eCoulombScattering : Emin=    0 eV  Emax=  100 TeV

msc:  for mu+  SubType= 10
      ===== EM models for the G4Region  DefaultRegionForTheWorld ======
        WentzelVIUni : Emin=    0 eV  Emax=  100 TeV Nbins=84 100 eV  - 100 TeV
          StepLim=Minimal Rfact=0.2 Gfact=2.5 Sfact=0.6 DispFlag:0 Skin=1 Llim=1 mm

muIoni:  for mu+  XStype:3  SubType=2
      dE/dx and range tables from 100 eV  to 100 TeV in 84 bins
      Lambda tables from threshold to 100 TeV, 7 bins/decade, spline: 1
      StepFunction=(0.2, 0.1 mm), integ: 3, fluct: 1, linLossLim= 0.01
      ===== EM models for the G4Region  DefaultRegionForTheWorld ======
               Bragg : Emin=    0 eV  Emax=  200 keV
        MuBetheBloch : Emin=  200 keV Emax=  100 TeV

muBrems:  for mu+  XStype:1  SubType=3
      dE/dx and range tables from 100 eV  to 100 TeV in 84 bins
      Lambda tables from threshold to 100 TeV, 7 bins/decade, spline: 1
      ===== EM models for the G4Region  DefaultRegionForTheWorld ======
              MuBrem : Emin=    0 eV  Emax=  100 TeV  ModifiedMephi

muPairProd:  for mu+  XStype:1  SubType=4
      dE/dx and range tables from 100 eV  to 100 TeV in 84 bins
      Lambda tables from threshold to 100 TeV, 7 bins/decade, spline: 1
      Sampling table 21x1001, from 0.85 GeV to 100 TeV 
      ===== EM models for the G4Region  DefaultRegionForTheWorld ======
          muPairProd : Emin=    0 eV  Emax=  100 TeV  ModifiedMephi

CoulombScat:  for mu+ XStype:1 SubType=1 BuildTable=1
      Lambda table from threshold  to 100 TeV, 7 bins/decade, spline: 0
      ThetaMin(p) < Theta(degree) < 180, pLimit(GeV^1)= 0.139531
      ===== EM models for the G4Region  DefaultRegionForTheWorld ======
  eCoulombScattering : Emin=    0 eV  Emax=  100 TeV

msc:  for mu-  SubType= 10
      ===== EM models for the G4Region  DefaultRegionForTheWorld ======
        WentzelVIUni : Emin=    0 eV  Emax=  100 TeV Nbins=84 100 eV  - 100 TeV
          StepLim=Minimal Rfact=0.2 Gfact=2.5 Sfact=0.6 DispFlag:0 Skin=1 Llim=1 mm

muIoni:  for mu-  XStype:3  SubType=2
      dE/dx and range tables from 100 eV  to 100 TeV in 84 bins
      Lambda tables from threshold to 100 TeV, 7 bins/decade, spline: 1
      StepFunction=(0.2, 0.1 mm), integ: 3, fluct: 1, linLossLim= 0.01
      ===== EM models for the G4Region  DefaultRegionForTheWorld ======
            ICRU73QO : Emin=    0 eV  Emax=  200 keV
        MuBetheBloch : Emin=  200 keV Emax=  100 TeV

muBrems:  for mu-  XStype:1  SubType=3
      dE/dx and range tables from 100 eV  to 100 TeV in 84 bins
      Lambda tables from threshold to 100 TeV, 7 bins/decade, spline: 1
      ===== EM models for the G4Region  DefaultRegionForTheWorld ======
              MuBrem : Emin=    0 eV  Emax=  100 TeV  ModifiedMephi

muPairProd:  for mu-  XStype:1  SubType=4
      dE/dx and range tables from 100 eV  to 100 TeV in 84 bins
      Lambda tables from threshold to 100 TeV, 7 bins/decade, spline: 1
      Sampling table 21x1001, from 0.85 GeV to 100 TeV 
      ===== EM models for the G4Region  DefaultRegionForTheWorld ======
          muPairProd : Emin=    0 eV  Emax=  100 TeV  ModifiedMephi

CoulombScat:  for mu- XStype:1 SubType=1 BuildTable=1
      Used Lambda table of mu+
      ThetaMin(p) < Theta(degree) < 180, pLimit(GeV^1)= 0.139531
      ===== EM models for the G4Region  DefaultRegionForTheWorld ======
  eCoulombScattering : Emin=    0 eV  Emax=  100 TeV

msc:  for pi+  SubType= 10
      ===== EM models for the G4Region  DefaultRegionForTheWorld ======
        WentzelVIUni : Emin=    0 eV  Emax=  100 TeV Nbins=84 100 eV  - 100 TeV
          StepLim=Minimal Rfact=0.2 Gfact=2.5 Sfact=0.6 DispFlag:0 Skin=1 Llim=1 mm

hIoni:  for pi+  XStype:3  SubType=2
      dE/dx and range tables from 100 eV  to 100 TeV in 84 bins
      Lambda tables from threshold to 100 TeV, 7 bins/decade, spline: 1
      StepFunction=(0.2, 0.1 mm), integ: 3, fluct: 1, linLossLim= 0.01
      ===== EM models for the G4Region  DefaultRegionForTheWorld ======
               Bragg : Emin=    0 eV  Emax=297.505 keV
          BetheBloch : Emin=297.505 keV Emax=  100 TeV

hBrems:  for pi+  XStype:1  SubType=3
      dE/dx and range tables from 100 eV  to 100 TeV in 84 bins
      Lambda tables from threshold to 100 TeV, 7 bins/decade, spline: 1
      ===== EM models for the G4Region  DefaultRegionForTheWorld ======
               hBrem : Emin=    0 eV  Emax=  100 TeV  ModifiedMephi

hPairProd:  for pi+  XStype:1  SubType=4
      dE/dx and range tables from 100 eV  to 100 TeV in 84 bins
      Lambda tables from threshold to 100 TeV, 7 bins/decade, spline: 1
      Sampling table 20x1001, from 1.11656 GeV to 100 TeV 
      ===== EM models for the G4Region  DefaultRegionForTheWorld ======
           hPairProd : Emin=    0 eV  Emax=  100 TeV  ModifiedMephi

CoulombScat:  for pi+ XStype:1 SubType=1 BuildTable=1
      Lambda table from threshold  to 100 TeV, 7 bins/decade, spline: 0
      ThetaMin(p) < Theta(degree) < 180, pLimit(GeV^1)= 0.139531
      ===== EM models for the G4Region  DefaultRegionForTheWorld ======
  eCoulombScattering : Emin=    0 eV  Emax=  100 TeV

msc:  for pi-  SubType= 10
      ===== EM models for the G4Region  DefaultRegionForTheWorld ======
        WentzelVIUni : Emin=    0 eV  Emax=  100 TeV Nbins=84 100 eV  - 100 TeV
          StepLim=Minimal Rfact=0.2 Gfact=2.5 Sfact=0.6 DispFlag:0 Skin=1 Llim=1 mm

hIoni:  for pi-  XStype:3  SubType=2
      dE/dx and range tables from 100 eV  to 100 TeV in 84 bins
      Lambda tables from threshold to 100 TeV, 7 bins/decade, spline: 1
      StepFunction=(0.2, 0.1 mm), integ: 3, fluct: 1, linLossLim= 0.01
      ===== EM models for the G4Region  DefaultRegionForTheWorld ======
            ICRU73QO : Emin=    0 eV  Emax=297.505 keV
          BetheBloch : Emin=297.505 keV Emax=  100 TeV

hBrems:  for pi-  XStype:1  SubType=3
      dE/dx and range tables from 100 eV  to 100 TeV in 84 bins
      Lambda tables from threshold to 100 TeV, 7 bins/decade, spline: 1
      ===== EM models for the G4Region  DefaultRegionForTheWorld ======
               hBrem : Emin=    0 eV  Emax=  100 TeV  ModifiedMephi

hPairProd:  for pi-  XStype:1  SubType=4
      dE/dx and range tables from 100 eV  to 100 TeV in 84 bins
      Lambda tables from threshold to 100 TeV, 7 bins/decade, spline: 1
      Sampling table 20x1001, from 1.11656 GeV to 100 TeV 
      ===== EM models for the G4Region  DefaultRegionForTheWorld ======
           hPairProd : Emin=    0 eV  Emax=  100 TeV  ModifiedMephi

CoulombScat:  for pi- XStype:1 SubType=1 BuildTable=1
      Used Lambda table of pi+
      ThetaMin(p) < Theta(degree) < 180, pLimit(GeV^1)= 0.139531
      ===== EM models for the G4Region  DefaultRegionForTheWorld ======
  eCoulombScattering : Emin=    0 eV  Emax=  100 TeV

====================================================================
                  HADRONIC PROCESSES SUMMARY (verbose level 1)
-----------------------------------------------------------------------
                           Hadronic Processes for neutron
  Process: hadElastic
        Model:             hElasticCHIPS: 0 eV  ---> 100 TeV
     Cr_sctns:        G4NeutronElasticXS: 0 eV  ---> 100 TeV
  Process: neutronInelastic
        Model:                      FTFP: 3 GeV ---> 100 TeV
        Model:            BertiniCascade: 0 eV  ---> 6 GeV
     Cr_sctns:      G4NeutronInelasticXS: 0 eV  ---> 100 TeV
  Process: nCapture
        Model:               nRadCapture: 0 eV  ---> 100 TeV
     Cr_sctns:        G4NeutronCaptureXS: 0 eV  ---> 100 TeV
  Process: nKiller
-----------------------------------------------------------------------
                           Hadronic Processes for B-
  Process: hadElastic
        Model:              hElasticLHEP: 0 eV  ---> 100 TeV
     Cr_sctns:            Glauber-Gribov: 0 eV  ---> 100 TeV
  Process: B-Inelastic
        Model:                      FTFP: 0 eV  ---> 100 TeV
     Cr_sctns:            Glauber-Gribov: 0 eV  ---> 100 TeV
-----------------------------------------------------------------------
                           Hadronic Processes for D-
  Process: hadElastic
        Model:              hElasticLHEP: 0 eV  ---> 100 TeV
     Cr_sctns:            Glauber-Gribov: 0 eV  ---> 100 TeV
  Process: D-Inelastic
        Model:                      FTFP: 0 eV  ---> 100 TeV
     Cr_sctns:            Glauber-Gribov: 0 eV  ---> 100 TeV
-----------------------------------------------------------------------
                           Hadronic Processes for GenericIon
  Process: ionInelastic
        Model:  Binary Light Ion Cascade: 0 eV /n ---> 6 GeV/n
        Model:                      FTFP: 3 GeV/n ---> 100 TeV/n
     Cr_sctns:  Glauber-Gribov Nucl-nucl: 0 eV  ---> 25.6 PeV
-----------------------------------------------------------------------
                           Hadronic Processes for He3
  Process: hadElastic
        Model:              hElasticLHEP: 0 eV /n ---> 100 TeV/n
     Cr_sctns:  Glauber-Gribov Nucl-nucl: 0 eV  ---> 25.6 PeV
  Process: He3Inelastic
        Model:  Binary Light Ion Cascade: 0 eV /n ---> 6 GeV/n
        Model:                      FTFP: 3 GeV/n ---> 100 TeV/n
     Cr_sctns:  Glauber-Gribov Nucl-nucl: 0 eV  ---> 25.6 PeV
-----------------------------------------------------------------------
                           Hadronic Processes for alpha
  Process: hadElastic
        Model:              hElasticLHEP: 0 eV /n ---> 100 TeV/n
     Cr_sctns:  Glauber-Gribov Nucl-nucl: 0 eV  ---> 25.6 PeV
  Process: alphaInelastic
        Model:  Binary Light Ion Cascade: 0 eV /n ---> 6 GeV/n
        Model:                      FTFP: 3 GeV/n ---> 100 TeV/n
     Cr_sctns:  Glauber-Gribov Nucl-nucl: 0 eV  ---> 25.6 PeV
-----------------------------------------------------------------------
                           Hadronic Processes for anti_He3
  Process: hadElastic
        Model:              hElasticLHEP: 0 eV /n ---> 100.1 MeV/n
        Model:              AntiAElastic: 100 MeV/n ---> 100 TeV/n
     Cr_sctns:              AntiAGlauber: 0 eV  ---> 25.6 PeV
  Process: anti_He3Inelastic
        Model:                      FTFP: 0 eV /n ---> 100 TeV/n
     Cr_sctns:              AntiAGlauber: 0 eV  ---> 25.6 PeV
  Process: hFritiofCaptureAtRest
-----------------------------------------------------------------------
                           Hadronic Processes for anti_alpha
  Process: hadElastic
        Model:              hElasticLHEP: 0 eV /n ---> 100.1 MeV/n
        Model:              AntiAElastic: 100 MeV/n ---> 100 TeV/n
     Cr_sctns:              AntiAGlauber: 0 eV  ---> 25.6 PeV
  Process: anti_alphaInelastic
        Model:                      FTFP: 0 eV /n ---> 100 TeV/n
     Cr_sctns:              AntiAGlauber: 0 eV  ---> 25.6 PeV
  Process: hFritiofCaptureAtRest
-----------------------------------------------------------------------
                           Hadronic Processes for anti_deuteron
  Process: hadElastic
        Model:              hElasticLHEP: 0 eV /n ---> 100.1 MeV/n
        Model:              AntiAElastic: 100 MeV/n ---> 100 TeV/n
     Cr_sctns:              AntiAGlauber: 0 eV  ---> 25.6 PeV
  Process: anti_deuteronInelastic
        Model:                      FTFP: 0 eV /n ---> 100 TeV/n
     Cr_sctns:              AntiAGlauber: 0 eV  ---> 25.6 PeV
  Process: hFritiofCaptureAtRest
-------------------------------------------------------------------------
                           Hadronic Processes for anti_hypertriton
  Process: hFritiofCaptureAtRest
-----------------------------------------------------------------------
                           Hadronic Processes for anti_lambda
  Process: hadElastic
        Model:              hElasticLHEP: 0 eV  ---> 100 TeV
     Cr_sctns:            Glauber-Gribov: 0 eV  ---> 100 TeV
  Process: anti_lambdaInelastic
        Model:                      FTFP: 0 eV  ---> 100 TeV
     Cr_sctns:            Glauber-Gribov: 0 eV  ---> 100 TeV
  Process: hFritiofCaptureAtRest
-----------------------------------------------------------------------
                           Hadronic Processes for anti_neutron
  Process: hadElastic
        Model:              hElasticLHEP: 0 eV  ---> 100.1 MeV
        Model:              AntiAElastic: 100 MeV ---> 100 TeV
     Cr_sctns:              AntiAGlauber: 0 eV  ---> 25.6 PeV
  Process: anti_neutronInelastic
        Model:                      FTFP: 0 eV  ---> 100 TeV
     Cr_sctns:              AntiAGlauber: 0 eV  ---> 25.6 PeV
  Process: hFritiofCaptureAtRest
-----------------------------------------------------------------------
                           Hadronic Processes for anti_proton
  Process: hadElastic
        Model:              hElasticLHEP: 0 eV  ---> 100.1 MeV
        Model:              AntiAElastic: 100 MeV ---> 100 TeV
     Cr_sctns:              AntiAGlauber: 0 eV  ---> 25.6 PeV
  Process: anti_protonInelastic
        Model:                      FTFP: 0 eV  ---> 100 TeV
     Cr_sctns:              AntiAGlauber: 0 eV  ---> 25.6 PeV
  Process: hFritiofCaptureAtRest
-----------------------------------------------------------------------
                           Hadronic Processes for anti_triton
  Process: hadElastic
        Model:              hElasticLHEP: 0 eV /n ---> 100.1 MeV/n
        Model:              AntiAElastic: 100 MeV/n ---> 100 TeV/n
     Cr_sctns:              AntiAGlauber: 0 eV  ---> 25.6 PeV
  Process: anti_tritonInelastic
        Model:                      FTFP: 0 eV /n ---> 100 TeV/n
     Cr_sctns:              AntiAGlauber: 0 eV  ---> 25.6 PeV
  Process: hFritiofCaptureAtRest
-----------------------------------------------------------------------
                           Hadronic Processes for deuteron
  Process: hadElastic
        Model:              hElasticLHEP: 0 eV /n ---> 100 TeV/n
     Cr_sctns:  Glauber-Gribov Nucl-nucl: 0 eV  ---> 25.6 PeV
  Process: dInelastic
        Model:  Binary Light Ion Cascade: 0 eV /n ---> 6 GeV/n
        Model:                      FTFP: 3 GeV/n ---> 100 TeV/n
     Cr_sctns:  Glauber-Gribov Nucl-nucl: 0 eV  ---> 25.6 PeV
-----------------------------------------------------------------------
                           Hadronic Processes for e+
  Process: positronNuclear
        Model:   G4ElectroVDNuclearModel: 0 eV  ---> 1 PeV
     Cr_sctns:          ElectroNuclearXS: 0 eV  ---> 100 TeV
-----------------------------------------------------------------------
                           Hadronic Processes for e-
  Process: electronNuclear
        Model:   G4ElectroVDNuclearModel: 0 eV  ---> 1 PeV
     Cr_sctns:          ElectroNuclearXS: 0 eV  ---> 100 TeV
-----------------------------------------------------------------------
                           Hadronic Processes for gamma
  Process: photonNuclear
        Model:               GammaNPreco: 0 eV  ---> 200 MeV
        Model:            BertiniCascade: 199 MeV ---> 6 GeV
        Model:           TheoFSGenerator: 3 GeV ---> 100 TeV
     Cr_sctns:            GammaNuclearXS: 0 eV  ---> 100 TeV
-----------------------------------------------------------------------
                           Hadronic Processes for kaon+
  Process: hadElastic
        Model:              hElasticLHEP: 0 eV  ---> 100 TeV
     Cr_sctns:            Glauber-Gribov: 0 eV  ---> 100 TeV
  Process: kaon+Inelastic
        Model:                      FTFP: 3 GeV ---> 100 TeV
        Model:            BertiniCascade: 0 eV  ---> 6 GeV
     Cr_sctns:            Glauber-Gribov: 0 eV  ---> 100 TeV
-----------------------------------------------------------------------
                           Hadronic Processes for kaon-
  Process: hadElastic
        Model:              hElasticLHEP: 0 eV  ---> 100 TeV
     Cr_sctns:            Glauber-Gribov: 0 eV  ---> 100 TeV
  Process: kaon-Inelastic
        Model:                      FTFP: 3 GeV ---> 100 TeV
        Model:            BertiniCascade: 0 eV  ---> 6 GeV
     Cr_sctns:            Glauber-Gribov: 0 eV  ---> 100 TeV
  Process: hBertiniCaptureAtRest
-----------------------------------------------------------------------
                           Hadronic Processes for lambda
  Process: hadElastic
        Model:              hElasticLHEP: 0 eV  ---> 100 TeV
     Cr_sctns:            Glauber-Gribov: 0 eV  ---> 100 TeV
  Process: lambdaInelastic
        Model:                      FTFP: 3 GeV ---> 100 TeV
        Model:            BertiniCascade: 0 eV  ---> 6 GeV
     Cr_sctns:            Glauber-Gribov: 0 eV  ---> 100 TeV
-----------------------------------------------------------------------
                           Hadronic Processes for mu+
  Process: muonNuclear
        Model:      G4MuonVDNuclearModel: 0 eV  ---> 1 PeV
     Cr_sctns:     KokoulinMuonNuclearXS: 0 eV  ---> 100 TeV
-----------------------------------------------------------------------
                           Hadronic Processes for mu-
  Process: muonNuclear
        Model:      G4MuonVDNuclearModel: 0 eV  ---> 1 PeV
     Cr_sctns:     KokoulinMuonNuclearXS: 0 eV  ---> 100 TeV
  Process: muMinusCaptureAtRest
-----------------------------------------------------------------------
                           Hadronic Processes for pi+
  Process: hadElastic
        Model:           hElasticGlauber: 0 eV  ---> 100 TeV
     Cr_sctns:  BarashenkovGlauberGribov: 0 eV  ---> 100 TeV
  Process: pi+Inelastic
        Model:                      FTFP: 3 GeV ---> 100 TeV
        Model:            BertiniCascade: 0 eV  ---> 6 GeV
     Cr_sctns:  BarashenkovGlauberGribov: 0 eV  ---> 100 TeV
-----------------------------------------------------------------------
                           Hadronic Processes for pi-
  Process: hadElastic
        Model:           hElasticGlauber: 0 eV  ---> 100 TeV
     Cr_sctns:  BarashenkovGlauberGribov: 0 eV  ---> 100 TeV
  Process: pi-Inelastic
        Model:                      FTFP: 3 GeV ---> 100 TeV
        Model:            BertiniCascade: 0 eV  ---> 6 GeV
     Cr_sctns:  BarashenkovGlauberGribov: 0 eV  ---> 100 TeV
  Process: hBertiniCaptureAtRest
-----------------------------------------------------------------------
                           Hadronic Processes for proton
  Process: hadElastic
        Model:             hElasticCHIPS: 0 eV  ---> 100 TeV
     Cr_sctns:  BarashenkovGlauberGribov: 0 eV  ---> 100 TeV
  Process: protonInelastic
        Model:                      FTFP: 3 GeV ---> 100 TeV
        Model:            BertiniCascade: 0 eV  ---> 6 GeV
     Cr_sctns:  BarashenkovGlauberGribov: 0 eV  ---> 100 TeV
-----------------------------------------------------------------------
                           Hadronic Processes for sigma-
  Process: hadElastic
        Model:              hElasticLHEP: 0 eV  ---> 100 TeV
     Cr_sctns:            Glauber-Gribov: 0 eV  ---> 100 TeV
  Process: sigma-Inelastic
        Model:                      FTFP: 3 GeV ---> 100 TeV
        Model:            BertiniCascade: 0 eV  ---> 6 GeV
     Cr_sctns:            Glauber-Gribov: 0 eV  ---> 100 TeV
  Process: hBertiniCaptureAtRest
-----------------------------------------------------------------------
                           Hadronic Processes for triton
  Process: hadElastic
        Model:              hElasticLHEP: 0 eV /n ---> 100 TeV/n
     Cr_sctns:  Glauber-Gribov Nucl-nucl: 0 eV  ---> 25.6 PeV
  Process: tInelastic
        Model:  Binary Light Ion Cascade: 0 eV /n ---> 6 GeV/n
        Model:                      FTFP: 3 GeV/n ---> 100 TeV/n
     Cr_sctns:  Glauber-Gribov Nucl-nucl: 0 eV  ---> 25.6 PeV
=======================================================================
======       Geant4 Native Pre-compound Model Parameters       ========
=======================================================================
Type of pre-compound model                          0
Type of pre-compound inverse x-section              1
Pre-compound model active                           1
Pre-compound excitation low energy                  0.1 MeV 
Pre-compound excitation high energy                 15 MeV 
Angular generator for pre-compound model            1
Use NeverGoBack option for pre-compound model       0
Use SoftCutOff option for pre-compound model        0
Use CEM transitions for pre-compound model          1
Use GNASH transitions for pre-compound model        0
Use HETC submodel for pre-compound model            0
=======================================================================
======       Nuclear De-excitation Module Parameters           ========
=======================================================================
Type of de-excitation inverse x-section             3
Type of de-excitation factory                       Evaporation+GEM
Number of de-excitation channels                    68
Type of Fermi BreakUp model                         ModelVI
Min excitation energy                               0.01 keV 
Min energy per nucleon for multifragmentation       2e+05 MeV
Level density (1/MeV)                               0.075
Use simple level density model                      1
Use discrete excitation energy of the residual      0
Time limit for long lived isomeres                  1 ns 
Isomer production flag                              1
Internal e- conversion flag                         1
Store e- internal conversion data                   1
Correlated gamma emission flag                      0
Max 2J for sampling of angular correlations         10
=======================================================================
### Run 0 starts.

-------- WWWW ------- G4Exception-START -------- WWWW -------
*** G4Exception : Analysis_W001
      issued by : G4RootNtupleFileManager::SetNtupleMergingMode
Merging ntuples is not applicable in sequential application.
Setting was ignored.
*** This is just a warning message. ***
-------- WWWW -------- G4Exception-END --------- WWWW -------

... set ntuple merging row mode : row-wise - done
... create file : B5.root - done
... open analysis file : B5.root - done
... create file : B5ntuple.root - done
... open analysis file : B5.root - done
--> Event 0 starts.

>>> Event 0 >>> Simulation truth : proton (0,0,100000)
Hodoscope 1 has 2 hits.
  Hodoscope[7] 4.9870027260872 (nsec)
  Hodoscope[10] 43.079749026655 (nsec)
Hodoscope 2 has 0 hits.
Drift Chamber 1 has 51 hits.
  Layer[0] : time 6.7003455022627 (nsec) --- local (x,y) 34.711898788203, 63.30673453331
  Layer[0] : time 6.6722560005557 (nsec) --- local (x,y) -8.9755422921273, 7.5205317187763
  Layer[0] : time 42.001555952922 (nsec) --- local (x,y) 847.97983545878, 168.89023516838
  Layer[0] : time 6.6731244680017 (nsec) --- local (x,y) 13.131944448677, 4.2681365813641
  Layer[0] : time 41.422457331855 (nsec) --- local (x,y) 275.749469482, 92.671220526616
  Layer[0] : time 6.6768059237046 (nsec) --- local (x,y) -19.270812951366, -32.078428514142
  Layer[0] : time 6.6729436023968 (nsec) --- local (x,y) -18.699856348266, 5.0971208829894
  Layer[0] : time 6.9218559769075 (nsec) --- local (x,y) -147.56779341396, -140.16330784819
  Layer[0] : time 6.6949527341162 (nsec) --- local (x,y) -17.375246550062, -62.709495599034
  Layer[0] : time 6.6829582760473 (nsec) --- local (x,y) -3.0101576488507, 22.978779840326
  Layer[0] : time 6.7464348996511 (nsec) --- local (x,y) -85.080272367489, -50.43253023332
  Layer[1] : time 8.3971480216769 (nsec) --- local (x,y) 69.18030319821, 126.17980286494
  Layer[1] : time 8.3411621924205 (nsec) --- local (x,y) -17.946457164877, 15.025150035117
  Layer[1] : time 40.320657237604 (nsec) --- local (x,y) 787.27384895201, 161.1947969543
  Layer[1] : time 8.3428876420879 (nsec) --- local (x,y) 26.12740051582, 8.6083055347666
  Layer[1] : time 39.748776137069 (nsec) --- local (x,y) 239.07032308135, 88.510674803219
  Layer[1] : time 8.3502084589133 (nsec) --- local (x,y) -38.362076609721, -63.895321857172
  Layer[1] : time 8.3425365858019 (nsec) --- local (x,y) -37.347281171406, 10.164859581457
  Layer[1] : time 8.8377933465701 (nsec) --- local (x,y) -293.32168893599, -279.21864911956
  Layer[1] : time 8.3862961460311 (nsec) --- local (x,y) -34.575472704295, -124.77142684196
  Layer[1] : time 8.3624771087642 (nsec) --- local (x,y) -5.9665328678743, 45.716013552072
  Layer[1] : time 8.4886055004868 (nsec) --- local (x,y) -169.08715861926, -100.10412790581
  Layer[2] : time 10.09396375314 (nsec) --- local (x,y) 103.66615403948, 189.07419718993
  Layer[2] : time 10.01007341973 (nsec) --- local (x,y) -26.977119944472, 22.55813058507
  Layer[2] : time 38.639773852165 (nsec) --- local (x,y) 726.60315301844, 153.52129984533
  Layer[2] : time 10.01264887437 (nsec) --- local (x,y) 39.096203251344, 12.958121113804
  Layer[2] : time 38.075097084546 (nsec) --- local (x,y) 202.39936551156, 84.347185371933
  Layer[2] : time 10.023632030078 (nsec) --- local (x,y) -57.519199603263, -95.771654639838
  Layer[2] : time 10.012135387026 (nsec) --- local (x,y) -56.035121997855, 15.255207862564
  Layer[2] : time 10.077511312521 (nsec) --- local (x,y) -51.67928658591, -186.54542090278
  Layer[2] : time 10.041998237208 (nsec) --- local (x,y) -8.9289661385936, 68.456251547825
  Layer[2] : time 10.230837693971 (nsec) --- local (x,y) -253.09197810294, -149.92771456637
  Layer[3] : time 11.790771688665 (nsec) --- local (x,y) 138.16938819015, 251.93973965719
  Layer[3] : time 11.678985830017 (nsec) --- local (x,y) -36.033289543683, 30.083488101894
  Layer[3] : time 36.958905415916 (nsec) --- local (x,y) 665.96979450085, 145.84619656855
  Layer[3] : time 37.000462649364 (nsec) --- local (x,y) 672.46373614127, 153.3394741443
  Layer[3] : time 11.682402727176 (nsec) --- local (x,y) 51.996154745684, 17.256577511251
  Layer[3] : time 36.401409338915 (nsec) --- local (x,y) 165.69288565376, 80.177665396977
  Layer[3] : time 11.697056134839 (nsec) --- local (x,y) -76.66327586597, -127.6581188411
  Layer[3] : time 11.681730791601 (nsec) --- local (x,y) -74.694048130146, 20.350818061495
  Layer[3] : time 11.768642496596 (nsec) --- local (x,y) -68.598462977587, -248.15657961546
  Layer[3] : time 11.721523769535 (nsec) --- local (x,y) -12.263265555791, 91.163402240563
  Layer[3] : time 11.973251158708 (nsec) --- local (x,y) -337.38658646065, -199.76386414542
  Layer[4] : time 13.347897460662 (nsec) --- local (x,y) -45.080801682032, 37.603044534833
  Layer[4] : time 35.27800398169 (nsec) --- local (x,y) 605.26875284939, 138.05656981488
  Layer[4] : time 13.352151406974 (nsec) --- local (x,y) 64.8240796015, 21.587351932419
  Layer[4] : time 34.727704034742 (nsec) --- local (x,y) 128.91012351373, 76.045043044816
  Layer[4] : time 13.370496371669 (nsec) --- local (x,y) -95.826634997779, -159.60874867039
  Layer[4] : time 13.351324079281 (nsec) --- local (x,y) -93.339380240673, 25.433228667709
  Layer[4] : time 13.401087611274 (nsec) --- local (x,y) -15.560491167344, 114.11725585956
  Layer[4] : time 13.715489581324 (nsec) --- local (x,y) -421.58483738226, -249.21077961586
Drift Chamber 2 has 0 hits.
EM Calorimeter has 0 hits. Total Edep is 0 (MeV)
Hadron Calorimeter has 0 hits. Total Edep is 0 (MeV)

-------- WWWW ------- G4Exception-START -------- WWWW -------
*** G4Exception : GeomNav1002
      issued by : G4Navigator::ComputeStep()
Stuck Track: potential geometry or navigation problem.
  Track stuck, not moving for 10 steps.
  Current  phys volume: 'worldPhysical'
   - at position : (-73.19742636289639,-268.1961564385068,-997.3174704044086)
     in direction: (0.2704393871198912,-0.4788201908480795,0.8352207868165318)
    (local position: (-73.19742636289639,-268.1961564385068,-997.3174704044086))
    (local direction: (0.2704393871198912,-0.4788201908480795,0.8352207868165318)).
  Previous phys volume: 'magneticPhysical'

  Likely geometry overlap - else navigation problem !
   *** Trying to get *unstuck* using a push - expanding step to 1e-07 (mm) ...       Potential overlap in geometry !

*** This is just a warning message. ***
-------- WWWW -------- G4Exception-END --------- WWWW -------


-------- WWWW ------- G4Exception-START -------- WWWW -------
*** G4Exception : GeomNav1002
      issued by : G4Navigator::ComputeStep()
Stuck Track: potential geometry or navigation problem.
  Track stuck, not moving for 10 steps.
  Current  phys volume: 'worldPhysical'
   - at position : (-117.5327509878293,-489.5664106306258,-993.06900688987)
     in direction: (0.4668596202494705,-0.7130721145235621,0.5230394387323157)
    (local position: (-117.5327509878293,-489.5664106306258,-993.06900688987))
    (local direction: (0.4668596202494705,-0.7130721145235621,0.5230394387323157)).
  Previous phys volume: 'magneticPhysical'

  Likely geometry overlap - else navigation problem !
   *** Trying to get *unstuck* using a push - expanding step to 1e-07 (mm) ...       Potential overlap in geometry !

*** This is just a warning message. ***
-------- WWWW -------- G4Exception-END --------- WWWW -------

... write file : B5.root - done
... write file : B5ntuple.root - done
... close file : B5.root - done
... close file : B5ntuple.root - done
### Run 1 starts.
... create file : B5.root - done
... open analysis file : B5.root - done
... create file : B5ntuple.root - done
... open analysis file : B5.root - done
--> Event 0 starts.

>>> Event 0 >>> Simulation truth : pi+ (0,0,100000)
Hodoscope 1 has 1 hits.
  Hodoscope[7] 4.9867880803378 (nsec)
Hodoscope 2 has 4 hits.
  Hodoscope[10] 42.693904464855 (nsec)
  Hodoscope[11] 345.76127595189 (nsec)
  Hodoscope[1] 301.07248261532 (nsec)
  Hodoscope[12] 162.05372187181 (nsec)
Drift Chamber 1 has 5 hits.
  Layer[0] : time 6.6709548375351 (nsec) --- local (x,y) -0.0072440894619288, -0.001670000900305
  Layer[1] : time 8.3387769381064 (nsec) --- local (x,y) -0.011253232131196, -0.0019882010524481
  Layer[2] : time 10.006599038747 (nsec) --- local (x,y) -0.017304347302199, -0.0029324339682987
  Layer[3] : time 11.674421139429 (nsec) --- local (x,y) -0.024189658676577, -0.003256414158139
  Layer[4] : time 13.342243239996 (nsec) --- local (x,y) -0.027093062070079, -0.0032611562774402
Drift Chamber 2 has 5 hits.
  Layer[0] : time 34.36659491734 (nsec) --- local (x,y) -82.694039365713, 0.052954327018549
  Layer[1] : time 36.035327586129 (nsec) --- local (x,y) -99.218431800135, 0.066609044930518
  Layer[2] : time 37.704060261494 (nsec) --- local (x,y) -115.74288231417, 0.08207166599293
  Layer[3] : time 39.372793033704 (nsec) --- local (x,y) -132.26820708792, 0.10169869552861
  Layer[4] : time 41.041525710834 (nsec) --- local (x,y) -148.79266746473, 0.12264076653713
EM Calorimeter has 60 hits. Total Edep is 73217.320438833 (MeV)
Hadron Calorimeter has 14 hits. Total Edep is 898.255886379 (MeV)
... write file : B5.root - done
... write file : B5ntuple.root - done
... close file : B5.root - done
... close file : B5ntuple.root - done
### Run 2 starts.
... create file : B5.root - done
... open analysis file : B5.root - done
... create file : B5ntuple.root - done
... open analysis file : B5.root - done
--> Event 0 starts.

>>> Event 0 >>> Simulation truth : e+ (-0,0,100000)
Hodoscope 1 has 1 hits.
  Hodoscope[7] 4.986783223318 (nsec)
Hodoscope 2 has 1 hits.
  Hodoscope[9] 43.185983247264 (nsec)
Drift Chamber 1 has 5 hits.
  Layer[0] : time 6.6709483402314 (nsec) --- local (x,y) 0.00056673382747477, -0.0049371379463794
  Layer[1] : time 8.3387688164554 (nsec) --- local (x,y) 0.0036877013153167, -0.012184536550378
  Layer[2] : time 10.006589292686 (nsec) --- local (x,y) 0.0055886743336662, -0.019996016532231
  Layer[3] : time 11.674409768969 (nsec) --- local (x,y) 0.0081765320057089, -0.02859866208536
  Layer[4] : time 13.342230245227 (nsec) --- local (x,y) 0.0078805431393343, -0.037120201757731
Drift Chamber 2 has 5 hits.
  Layer[0] : time 34.84872895441 (nsec) --- local (x,y) -147.52845234607, -0.14185056282822
  Layer[1] : time 36.519453632049 (nsec) --- local (x,y) -177.04820360325, -0.15045637953209
  Layer[2] : time 38.19017871957 (nsec) --- local (x,y) -206.57003985625, -0.15853715008157
  Layer[3] : time 39.860904124497 (nsec) --- local (x,y) -236.09348997478, -0.16838315494565
  Layer[4] : time 41.531630113444 (nsec) --- local (x,y) -265.61991052701, -0.17736593864482
EM Calorimeter has 44 hits. Total Edep is 89845.371760031 (MeV)
Hadron Calorimeter has 7 hits. Total Edep is 52.6416731815 (MeV)
... write file : B5.root - done
... write file : B5ntuple.root - done
... close file : B5.root - done
... close file : B5ntuple.root - done
### Run 3 starts.
... create file : B5.root - done
... open analysis file : B5.root - done
... create file : B5ntuple.root - done
... open analysis file : B5.root - done
--> Event 0 starts.

>>> Event 0 >>> Simulation truth : proton (0,0,10000)
Hodoscope 1 has 1 hits.
  Hodoscope[7] 5.008686721507 (nsec)
Hodoscope 2 has 1 hits.
  Hodoscope[9] 43.375544507006 (nsec)
Drift Chamber 1 has 5 hits.
  Layer[0] : time 6.7002519537716 (nsec) --- local (x,y) 0.16705957028277, 0.16438693856468
  Layer[1] : time 8.3754009007713 (nsec) --- local (x,y) 0.22795225112103, 0.28184531544847
  Layer[2] : time 10.05054993088 (nsec) --- local (x,y) 0.23030275529239, 0.2527415456892
  Layer[3] : time 11.725699069029 (nsec) --- local (x,y) 0.22424306477342, 0.21898532866971
  Layer[4] : time 13.400848321361 (nsec) --- local (x,y) 0.23559561784582, 0.18797534341927
Drift Chamber 2 has 5 hits.
  Layer[0] : time 35.001567414941 (nsec) --- local (x,y) -148.18596511804, 0.62509871352432
  Layer[1] : time 36.679647890493 (nsec) --- local (x,y) -177.76806364721, 0.72144542843862
  Layer[2] : time 38.357728144657 (nsec) --- local (x,y) -207.34806177232, 0.79509355792258
  Layer[3] : time 40.035816247505 (nsec) --- local (x,y) -236.96710718013, 0.86850680679073
  Layer[4] : time 41.713900024912 (nsec) --- local (x,y) -266.56364402769, 0.9413233218192
EM Calorimeter has 40 hits. Total Edep is 1586.1627267328 (MeV)
Hadron Calorimeter has 11 hits. Total Edep is 206.67092135539 (MeV)
... write file : B5.root - done
... write file : B5ntuple.root - done
... close file : B5.root - done
... close file : B5ntuple.root - done
### Run 4 starts.
... create file : B5.root - done
... open analysis file : B5.root - done
... create file : B5ntuple.root - done
... open analysis file : B5.root - done
--> Event 0 starts.

>>> Event 0 >>> Simulation truth : pi+ (0,0,10000)
Hodoscope 1 has 1 hits.
  Hodoscope[7] 4.9872689358619 (nsec)
Hodoscope 2 has 3 hits.
  Hodoscope[10] 42.70517782581 (nsec)
  Hodoscope[14] 226.77820961289 (nsec)
  Hodoscope[12] 115.43209979747 (nsec)
Drift Chamber 1 has 5 hits.
  Layer[0] : time 6.6715981916272 (nsec) --- local (x,y) 0.21471673495726, -0.0026710166367925
  Layer[1] : time 8.3395812463237 (nsec) --- local (x,y) 0.36296319494469, -0.015782027567502
  Layer[2] : time 10.007564309477 (nsec) --- local (x,y) 0.5179995603409, -0.004840537373792
  Layer[3] : time 11.675547389195 (nsec) --- local (x,y) 0.68491000105797, 0.013594318531903
  Layer[4] : time 13.343530471351 (nsec) --- local (x,y) 0.85169853195244, 0.029548216567555
Drift Chamber 2 has 5 hits.
  Layer[0] : time 34.376740993908 (nsec) --- local (x,y) -83.165902025344, 0.40810521340032
  Layer[1] : time 36.045695665779 (nsec) --- local (x,y) -100.23451232116, 0.34743439578303
  Layer[2] : time 37.714645001127 (nsec) --- local (x,y) -117.2558597521, 0.21379122660797
  Layer[3] : time 39.383607480326 (nsec) --- local (x,y) -134.39203439232, 0.0219032846303
  Layer[4] : time 41.052569080068 (nsec) --- local (x,y) -151.520567944, -0.16195543566724
EM Calorimeter has 43 hits. Total Edep is 5796.5240813352 (MeV)
Hadron Calorimeter has 13 hits. Total Edep is 161.40196142721 (MeV)
... write file : B5.root - done
... write file : B5ntuple.root - done
... close file : B5.root - done
... close file : B5ntuple.root - done
### Run 5 starts.
... create file : B5.root - done
... open analysis file : B5.root - done
... create file : B5ntuple.root - done
... open analysis file : B5.root - done
--> Event 0 starts.

>>> Event 0 >>> Simulation truth : e+ (-0,0,10000)
Hodoscope 1 has 1 hits.
  Hodoscope[7] 4.9867832360313 (nsec)
Hodoscope 2 has 1 hits.
  Hodoscope[9] 43.185228960803 (nsec)
Drift Chamber 1 has 5 hits.
  Layer[0] : time 6.6709483875155 (nsec) --- local (x,y) 0.035754116263626, -0.15175094301985
  Layer[1] : time 8.3387689388751 (nsec) --- local (x,y) 0.072626185935432, -0.29477271978467
  Layer[2] : time 10.006589516975 (nsec) --- local (x,y) 0.10068811448883, -0.46527557979392
  Layer[3] : time 11.674410145745 (nsec) --- local (x,y) 0.12747947173042, -0.675813912614
  Layer[4] : time 13.342230781539 (nsec) --- local (x,y) 0.15163836669416, -0.89174214529666
Drift Chamber 2 has 5 hits.
  Layer[0] : time 34.847916070158 (nsec) --- local (x,y) -148.57717087396, -2.8304595560829
  Layer[1] : time 36.518653122968 (nsec) --- local (x,y) -178.15934688426, -2.9929818794636
  Layer[2] : time 38.189388825205 (nsec) --- local (x,y) -207.73463388456, -3.1612846105313
  Layer[3] : time 39.860131003304 (nsec) --- local (x,y) -237.34257386802, -3.36273188646
  Layer[4] : time 41.530866853412 (nsec) --- local (x,y) -266.91825577312, -3.5848734960867
EM Calorimeter has 18 hits. Total Edep is 9567.1368232753 (MeV)
Hadron Calorimeter has 2 hits. Total Edep is 4.677147403155 (MeV)
... write file : B5.root - done
... write file : B5ntuple.root - done
... close file : B5.root - done
... close file : B5ntuple.root - done
### Run 6 starts.
... create file : B5.root - done
... open analysis file : B5.root - done
... create file : B5ntuple.root - done
... open analysis file : B5.root - done
--> Event 0 starts.

>>> Event 0 >>> Simulation truth : proton (0,0,1000)
Hodoscope 1 has 1 hits.
  Hodoscope[7] 6.8389190013124 (nsec)
Hodoscope 2 has 0 hits.
Drift Chamber 1 has 5 hits.
  Layer[0] : time 9.1529235720688 (nsec) --- local (x,y) -0.67612040900792, 1.3825839869445
  Layer[1] : time 11.444774517595 (nsec) --- local (x,y) -1.3950947091624, 2.4997529216492
  Layer[2] : time 13.736798105084 (nsec) --- local (x,y) -2.1029568524109, 3.859359111448
  Layer[3] : time 16.029008059842 (nsec) --- local (x,y) -2.6615993315858, 5.3997446826581
  Layer[4] : time 18.321421572942 (nsec) --- local (x,y) -3.110434749084, 6.7921669168407
Drift Chamber 2 has 7 hits.
  Layer[0] : time 47.871527667401 (nsec) --- local (x,y) -400.22661644604, -134.27480392826
  Layer[0] : time 47.872104227833 (nsec) --- local (x,y) -400.24359543016, -134.28106204103
  Layer[0] : time 47.872104227833 (nsec) --- local (x,y) -400.24359543016, -134.28106204103
  Layer[1] : time 50.191695356214 (nsec) --- local (x,y) -468.39755992829, -159.52096890361
  Layer[2] : time 52.51178550774 (nsec) --- local (x,y) -536.20013096699, -184.52077128968
  Layer[3] : time 54.83188023663 (nsec) --- local (x,y) -603.84285620665, -208.99114422272
  Layer[4] : time 57.152126247442 (nsec) --- local (x,y) -671.68272849743, -232.74114986793
EM Calorimeter has 0 hits. Total Edep is 0 (MeV)
Hadron Calorimeter has 0 hits. Total Edep is 0 (MeV)
... write file : B5.root - done
... write file : B5ntuple.root - done
... close file : B5.root - done
... close file : B5ntuple.root - done
### Run 7 starts.
... create file : B5.root - done
... open analysis file : B5.root - done
... create file : B5ntuple.root - done
... open analysis file : B5.root - done
--> Event 0 starts.

>>> Event 0 >>> Simulation truth : pi+ (-0,0,1000)
Hodoscope 1 has 1 hits.
  Hodoscope[7] 5.0351330931357 (nsec)
Hodoscope 2 has 1 hits.
  Hodoscope[10] 43.097309576118 (nsec)
Drift Chamber 1 has 5 hits.
  Layer[0] : time 6.7356878257679 (nsec) --- local (x,y) 0.56426812565133, 0.50221673778421
  Layer[1] : time 8.4197442013107 (nsec) --- local (x,y) 0.11707292665996, 1.0504386846518
  Layer[2] : time 10.10380344883 (nsec) --- local (x,y) -0.32021936600725, 1.3578975585771
  Layer[3] : time 11.787865846989 (nsec) --- local (x,y) -0.4598971369308, 1.5615622306271
  Layer[4] : time 13.471931049546 (nsec) --- local (x,y) -0.6021120151145, 1.9280094082241
Drift Chamber 2 has 5 hits.
  Layer[0] : time 34.687989125835 (nsec) --- local (x,y) -92.833350217991, 1.0511847848264
  Layer[1] : time 36.373137873344 (nsec) --- local (x,y) -110.37889878745, 0.44276228793037
  Layer[2] : time 38.058302144808 (nsec) --- local (x,y) -127.95989926957, -0.41789427195683
  Layer[3] : time 39.743492411885 (nsec) --- local (x,y) -145.710160696, -1.4354513830695
  Layer[4] : time 41.428670411752 (nsec) --- local (x,y) -163.34070054492, -2.3564369412211
EM Calorimeter has 16 hits. Total Edep is 196.0193837539 (MeV)
Hadron Calorimeter has 6 hits. Total Edep is 41.230342006134 (MeV)
... write file : B5.root - done
... write file : B5ntuple.root - done
... close file : B5.root - done
... close file : B5ntuple.root - done
### Run 8 starts.
... create file : B5.root - done
... open analysis file : B5.root - done
... create file : B5ntuple.root - done
... open analysis file : B5.root - done
--> Event 0 starts.

>>> Event 0 >>> Simulation truth : e+ (-0,0,1000)
Hodoscope 1 has 1 hits.
  Hodoscope[7] 4.9867880327121 (nsec)
Hodoscope 2 has 1 hits.
  Hodoscope[7] 43.172956249701 (nsec)
Drift Chamber 1 has 5 hits.
  Layer[0] : time 6.6709685998605 (nsec) --- local (x,y) -1.6751694944402, -3.4423291124944
  Layer[1] : time 8.3388020484864 (nsec) --- local (x,y) -2.8591577733384, -4.9929466487232
  Layer[2] : time 10.00663390076 (nsec) --- local (x,y) -4.0911946780638, -6.3379587747202
  Layer[3] : time 11.674463807445 (nsec) --- local (x,y) -5.3886255694097, -7.3671129879192
  Layer[4] : time 13.34229245121 (nsec) --- local (x,y) -6.7169783280404, -8.1472187955086
Drift Chamber 2 has 5 hits.
  Layer[0] : time 34.816620294272 (nsec) --- local (x,y) -245.22901953988, -24.851737511342
  Layer[1] : time 36.491197558087 (nsec) --- local (x,y) -290.24579008086, -26.625661120612
  Layer[2] : time 38.165780247238 (nsec) --- local (x,y) -335.28522902113, -28.28142202249
  Layer[3] : time 39.840343580595 (nsec) --- local (x,y) -380.26017226347, -29.931073921054
  Layer[4] : time 41.514867574019 (nsec) --- local (x,y) -425.10371116206, -31.568444804441
EM Calorimeter has 8 hits. Total Edep is 926.11839121311 (MeV)
Hadron Calorimeter has 0 hits. Total Edep is 0 (MeV)
... write file : B5.root - done
... write file : B5ntuple.root - done
... close file : B5.root - done
... close file : B5ntuple.root - done
Graphics systems deleted.
Visualization Manager deleting...
