Environment variable "G4FORCE_RUN_MANAGER_TYPE" enabled with value == Serial. Forcing G4RunManager type...

        ############################################
        !!! WARNING - FPE detection is activated !!!
        ############################################


          ################################
          !!! G4Backtrace is activated !!!
          ################################


**************************************************************
 Geant4 version Name: geant4-11-04-patch-02    (12-June-2026)
                       Copyright : Geant4 Collaboration
                      References : NIM A 506 (2003), 250-303
                                 : IEEE-TNS 53 (2006), 270-278
                                 : NIM A 835 (2016), 186-225
                             WWW : http://geant4.org/
**************************************************************

/run/verbose 1
/process/em/verbose 0
/process/had/verbose 0
/testhadr/det/setNbOfLayers 50
/testhadr/det/setNbOfAbsor 2
/testhadr/det/setAbsor 1 Iron 36 mm
/testhadr/det/setAbsor 2 Scintillator 4 mm
/testhadr/det/setSizeYZ 1.5 m
/run/initialize

-------------------------------------------------------------
 ---> The calorimeter is 50 layers of:
           Iron:    3.6 cm   --->  sum =    1.8 m   =  102.4 Radl  =  10.59 NuclearInteractionLength 
   Scintillator:      4 mm   --->  sum =     20 cm  = 0.4701 Radl  = 0.2858 NuclearInteractionLength 

                       total thickness =      2 m   =  102.8 Radl  =  10.87 NuclearInteractionLength 
                     transverse sizeYZ =    1.5 m  
-------------------------------------------------------------

 Material: Galactic    density:  0.000 mg/cm3  RadL: 204310098.490 pc   Nucl.Int.Length: 3240.779 pc 
                       Imean:  19.200 eV   temperature:   2.73 K  pressure:   0.00 atm

   --->  Element: H (H)   Z =  1.0   N =     1   A =  1.008 g/mole
         --->  Isotope:    H1   Z =  1   N =   1   A =   1.01 g/mole   abundance: 99.989 %
         --->  Isotope:    H2   Z =  1   N =   2   A =   2.01 g/mole   abundance:  0.011 %
          ElmMassFraction: 100.00 %  ElmAbundance 100.00 % 


 Material:     Iron    density:  7.870 g/cm3   RadL:   1.758 cm   Nucl.Int.Length:  16.999 cm 
                       Imean: 286.000 eV   temperature: 293.15 K  pressure:   1.00 atm

   --->  Element: Fe (Fe)   Z = 26.0   N =    56   A = 55.845 g/mole
         --->  Isotope:  Fe54   Z = 26   N =  54   A =  53.94 g/mole   abundance:  5.845 %
         --->  Isotope:  Fe56   Z = 26   N =  56   A =  55.93 g/mole   abundance: 91.754 %
         --->  Isotope:  Fe57   Z = 26   N =  57   A =  56.94 g/mole   abundance:  2.119 %
         --->  Isotope:  Fe58   Z = 26   N =  58   A =  57.93 g/mole   abundance:  0.282 %
          ElmMassFraction: 100.00 %  ElmAbundance 100.00 % 


 Material: Scintillator    density:  1.032 g/cm3   RadL:  42.544 cm   Nucl.Int.Length:  69.969 cm 
                       Imean:  64.684 eV   temperature: 293.15 K  pressure:   1.00 atm

   --->  Element: C (C)   Z =  6.0   N =    12   A = 12.011 g/mole
         --->  Isotope:   C12   Z =  6   N =  12   A =  12.00 g/mole   abundance: 98.930 %
         --->  Isotope:   C13   Z =  6   N =  13   A =  13.00 g/mole   abundance:  1.070 %
          ElmMassFraction:  91.47 %  ElmAbundance  47.37 % 

   --->  Element: H (H)   Z =  1.0   N =     1   A =  1.008 g/mole
         --->  Isotope:    H1   Z =  1   N =   1   A =   1.01 g/mole   abundance: 99.989 %
         --->  Isotope:    H2   Z =  1   N =   2   A =   2.01 g/mole   abundance:  0.011 %
          ElmMassFraction:   8.53 %  ElmAbundance  52.63 % 


-------------------------------------------------------------
/testhadr/gun/setDefault
/gun/particle proton
/gun/energy 5 GeV
/run/printProgress 100
/run/beamOn 1000

========= Table of registered couples ============================

Index : 0     used in the geometry : Yes
 Material : Galactic
 Range cuts        :  gamma  1 mm     e-  1 mm     e+  1 mm  proton 0 fm 
 Energy thresholds :  gamma  990 eV     e-  990 eV     e+  990 eV  proton 0 eV 
 Region(s) which use this couple : 
    DefaultRegionForTheWorld

Index : 1     used in the geometry : Yes
 Material : Iron
 Range cuts        :  gamma  1 mm     e-  1 mm     e+  1 mm  proton 0 fm 
 Energy thresholds :  gamma  20.7519 keV    e-  1.28828 MeV    e+  1.21724 MeV proton 0 eV 
 Region(s) which use this couple : 
    DefaultRegionForTheWorld

Index : 2     used in the geometry : Yes
 Material : Scintillator
 Range cuts        :  gamma  1 mm     e-  1 mm     e+  1 mm  proton 0 fm 
 Energy thresholds :  gamma  2.3988 keV    e-  356.841 keV    e+  347.078 keV proton 0 eV 
 Region(s) which use this couple : 
    DefaultRegionForTheWorld

==================================================================

### Run 0 starts.
--> Event 0 starts.
--> Event 100 starts.
--> Event 200 starts.
--> Event 300 starts.
--> Event 400 starts.
--> Event 500 starts.
--> Event 600 starts.
--> Event 700 starts.
--> Event 800 starts.
--> Event 900 starts.
 Run terminated.
Run Summary
  Number of events processed : 1000
  User=39.550000s Real=45.947494s Sys=0.010000s

 ---> The run is 1000 proton of 5 GeV through calorimeter

 Process calls frequency :
                  Decay=      4691            He3Inelastic=         1               NoProcess=   4110315
       RadioactiveDecay=     60206                    Rayl=    214225          Transportation=   3562429
         alphaInelastic=         9                 annihil=     58793                   compt=   2586054
                   conv=     55291              dInelastic=        68                   eBrem=    388696
                  eIoni=   6059867   hBertiniCaptureAtRest=       689                   hIoni=   1428754
             hadElastic=   4559289                 ionIoni=   4192705          kaon+Inelastic=        10
        kaon0LInelastic=         8         kaon0SInelastic=         5         lambdaInelastic=         5
                    msc=    254989                  muIoni=     11285    muMinusCaptureAtRest=         9
               nCapture=     52074        neutronInelastic=     90410                    phot=    835206
          photonNuclear=       144            pi+Inelastic=      1097            pi-Inelastic=       903
        protonInelastic=      4130         sigma-Inelastic=         1              tInelastic=         6


------------------------------------------------------------
        material      Edep        rmsE        sqrt(E0(GeV))*rmsE/Edep     total tracklen 
 
 1          Iron    4.0219 GeV   289.9 MeV     16.12 +-  0.51 %       2.165 m   +-  45.3 cm 
 2  Scintillator    112.87 MeV   32.03 MeV     63.46 +-  2.01 %        22.3 cm  +-  6.63 cm 

 Total energy deposited = 4.135 GeV +- 292.5 MeV
 Leakage :  primary = 0 eV    secondaries = 217 MeV  ---> total = 217 MeV +- 192.5 MeV
 Total energy released :  Edep + Eleak = 4.352 GeV +- 173.3 MeV
------------------------------------------------------------
================== Deleting memory pools ===================
Number of memory pools allocated: 11 of which, static: 0
Dynamic pools deleted: 11 / Total memory freed: 0.29 MB
============================================================
