Environment variable "G4FORCE_RUN_MANAGER_TYPE" enabled with value == Serial. Forcing G4RunManager type...

        ############################################
        !!! WARNING - FPE detection is activated !!!
        ############################################


          ################################
          !!! G4Backtrace is activated !!!
          ################################


**************************************************************
 Geant4 version Name: geant4-11-04-patch-02    (12-June-2026)
                       Copyright : Geant4 Collaboration
                      References : NIM A 506 (2003), 250-303
                                 : IEEE-TNS 53 (2006), 270-278
                                 : NIM A 835 (2016), 186-225
                             WWW : http://geant4.org/
**************************************************************

<<< Geant4 Physics List simulation engine: FTFP_BERT

      ********************************************************* 
      ********** processes are wrapped for biasing ************ 
      ********************************************************* 
Parallel World `parallelWorldForSlices' constructed.
--- G4CoupledTransportation is used 

 hInelastic FTFP_BERT : threshold between BERT and FTFP is over the interval 
 for pions :   3 to 6 GeV
 for kaons :   3 to 6 GeV
 for proton :  3 to 6 GeV
 for neutron : 3 to 6 GeV

### Adding tracking cuts for neutron  TimeCut(ns)= 10000  KinEnergyCut(MeV)= 0
           neutron : biasWrapper(0) 
Visualization Manager instantiating with verbosity "warnings (3)"...
Visualization Manager initialising...
Registering graphics systems...

You have successfully registered the following graphics systems.
Registered graphics systems are:
  ASCIITree (ATree)
  DAWNFILE (DAWNFILE)
  RayTracer (RT)
  VRML2FILE (VRML2FILE)
  gMocrenFile (gMocrenFile)
  TOOLSSG_OFFSCREEN (TSG_OFFSCREEN, TSG_FILE)
  OpenGLImmediateQt (OGLIQt, OGLI)
  OpenGLStoredQt (OGLSQt, OGLS)
  OpenGLImmediateXm (OGLIXm, OGLIQt_FALLBACK)
  OpenGLStoredXm (OGLSXm, OGLSQt_FALLBACK)
  OpenGLImmediateX (OGLIX, OGLIQt_FALLBACK, OGLIXm_FALLBACK)
  OpenGLStoredX (OGLSX, OGLSQt_FALLBACK, OGLSXm_FALLBACK)
  RayTracerX (RTX)
  RayTracerQt (RTQt)
  TOOLSSG_X11_GLES (TSG_X11_GLES, TSGX11, TSG_XT_GLES_FALLBACK)
  TOOLSSG_X11_ZB (TSG_X11_ZB, TSGX11ZB)
  TOOLSSG_XT_GLES (TSG_XT_GLES, TSGXt, TSG_QT_GLES_FALLBACK)
  TOOLSSG_XT_ZB (TSG_XT_ZB, TSGXtZB)
  TOOLSSG_QT_GLES (TSG_QT_GLES, TSGQt, TSG, OGL)
  TOOLSSG_QT_ZB (TSG_QT_ZB, TSGQtZB, TSGZB)
You may choose a graphics system (driver) with a parameter of
the command "/vis/open" or "/vis/sceneHandler/create",
or you may omit the driver parameter and choose at run time:
- by argument in the construction of G4VisExecutive
- by environment variable "G4VIS_DEFAULT_DRIVER"
- by entry in "~/.g4session"
- by build flags.
- Note: This feature is not allowed in batch mode.
For further information see "examples/basic/B1/exampleB1.cc"
and "vis.mac".

Registering model factories...

You have successfully registered the following model factories.
Registered model factories:
  generic
  drawByAttribute
  drawByCharge
  drawByOriginVolume
  drawByParticleID
  drawByEncounteredVolume

Registered models:
  None

Registered filter factories:
  attributeFilter
  chargeFilter
  originVolumeFilter
  particleFilter
  encounteredVolumeFilter

Registered filters:
  None

You have successfully registered the following user vis actions.
Run Duration User Vis Actions: none
End of Event User Vis Actions: none
End of Run User Vis Actions: none

Some /vis commands (optionally) take a string to specify colour.
"/vis/list" to see available colours.
=======================================================================
======                 Electromagnetic Physics Parameters      ========
=======================================================================
LPM effect enabled                                 1
Enable creation and use of sampling tables         0
Apply cuts on all EM processes                     0
Use combined TransportationWithMsc                 Disabled
Use general process                                1
Enable linear polarisation for gamma               0
Enable photoeffect sampling below K-shell          1
Enable sampling of quantum entanglement            0
X-section factor for integral approach             0.8
Min kinetic energy for tables                      100 eV 
Max kinetic energy for tables                      100 TeV
Number of bins per decade of a table               7
Verbose level                                      1
Verbose level for worker thread                    0
Bremsstrahlung energy threshold above which 
  primary e+- is added to the list of secondary    100 TeV
Bremsstrahlung energy threshold above which primary
  muon/hadron is added to the list of secondary    100 TeV
Positron annihilation at rest model                SimplePositronium
Enable 3 gamma annihilation on fly                 0
Lowest triplet kinetic energy                      1 MeV
Enable sampling of gamma linear polarisation       0
5D gamma conversion model type                     0
5D gamma conversion model on isolated ion          0
Use RiGe 5D e+e- pair production model by muons    0
Livermore data directory                           epics_2017
=======================================================================
======                 Ionisation Parameters                   ========
=======================================================================
Step function for e+-                              (0.2, 1 mm)
Step function for muons/hadrons                    (0.2, 0.1 mm)
Step function for light ions                       (0.2, 0.1 mm)
Step function for general ions                     (0.2, 0.1 mm)
Lowest e+e- kinetic energy                         1 keV
Lowest muon/hadron kinetic energy                  1 keV
Use ICRU90 data                                    0
Fluctuations of dE/dx are enabled                  1
Type of fluctuation model for leptons and hadrons  Urban
Use built-in Birks saturation                      0
Build CSDA range enabled                           0
Use cut as a final range enabled                   0
Enable angular generator interface                 0
Max kinetic energy for CSDA tables                 1 GeV
Max kinetic energy for NIEL computation            0 eV 
Linear loss limit                                  0.01
Read data from file for e+e- pair production by mu 0
=======================================================================
======                 Multiple Scattering Parameters          ========
=======================================================================
Type of msc step limit algorithm for e+-           1
Type of msc step limit algorithm for muons/hadrons 0
Msc lateral displacement for e+- enabled           1
Msc lateral displacement for muons and hadrons     0
Urban msc model lateral displacement alg96         1
Range factor for msc step limit for e+-            0.04
Range factor for msc step limit for muons/hadrons  0.2
Geometry factor for msc step limitation of e+-     2.5
Safety factor for msc step limit for e+-           0.6
Skin parameter for msc step limitation of e+-      1
Lambda limit for msc step limit for e+-            1 mm
Use Mott correction for e- scattering              0
Factor used for dynamic computation of angular 
  limit between single and multiple scattering     1
Fixed angular limit between single 
  and multiple scattering                          3.1416 rad
Upper energy limit for e+- multiple scattering     100 MeV
Type of electron single scattering model           0
Type of nuclear form-factor                        1
Screening factor                                   1
=======================================================================

phot:  for gamma SubType=12 BuildTable=0
      LambdaPrime table from 200 keV to 100 TeV in 61 bins 
      ===== EM models for the G4Region  DefaultRegionForTheWorld ======
 LivermorePhElectric : Emin=    0 eV  Emax=  100 TeV  SauterGavrila Fluo

compt:  for gamma SubType=13 BuildTable=1
      Lambda table from 100 eV  to 1 MeV, 7 bins/decade, spline: 1
      LambdaPrime table from 1 MeV to 100 TeV in 56 bins 
      ===== EM models for the G4Region  DefaultRegionForTheWorld ======
       Klein-Nishina : Emin=    0 eV  Emax=  100 TeV

conv:  for gamma SubType=14 BuildTable=1
      Lambda table from 1.022 MeV to 100 TeV, 18 bins/decade, spline: 1
      ===== EM models for the G4Region  DefaultRegionForTheWorld ======
     BetheHeitlerLPM : Emin=    0 eV  Emax=  100 TeV  ModifiedTsai

Rayl:  for gamma SubType=11 BuildTable=1
      Lambda table from 100 eV  to 150 keV, 7 bins/decade, spline: 0
      LambdaPrime table from 150 keV to 100 TeV in 62 bins 
      ===== EM models for the G4Region  DefaultRegionForTheWorld ======
   LivermoreRayleigh : Emin=    0 eV  Emax=  100 TeV  CullenGenerator

msc:  for e-  SubType= 10
      ===== EM models for the G4Region  DefaultRegionForTheWorld ======
            UrbanMsc : Emin=    0 eV  Emax=  100 MeV Nbins=42 100 eV  - 100 MeV
          StepLim=UseSafety Rfact=0.04 Gfact=2.5 Sfact=0.6 DispFlag:1 Skin=1 Llim=1 mm
        WentzelVIUni : Emin=  100 MeV Emax=  100 TeV Nbins=42 100 MeV - 100 TeV
          StepLim=UseSafety Rfact=0.04 Gfact=2.5 Sfact=0.6 DispFlag:1 Skin=1 Llim=1 mm

eIoni:  for e-  XStype:3  SubType=2
      dE/dx and range tables from 100 eV  to 100 TeV in 84 bins
      Lambda tables from threshold to 100 TeV, 7 bins/decade, spline: 1
      StepFunction=(0.2, 1 mm), integ: 3, fluct: 1, linLossLim= 0.01
      ===== EM models for the G4Region  DefaultRegionForTheWorld ======
        MollerBhabha : Emin=    0 eV  Emax=  100 TeV

eBrem:  for e-  XStype:4  SubType=3
      dE/dx and range tables from 100 eV  to 100 TeV in 84 bins
      Lambda tables from threshold to 100 TeV, 7 bins/decade, spline: 1
      LPM flag: 1 for E > 1 GeV,  VertexHighEnergyTh(GeV)= 100000
      ===== EM models for the G4Region  DefaultRegionForTheWorld ======
             eBremSB : Emin=    0 eV  Emax=    1 GeV  ModifiedTsai
            eBremLPM : Emin=    1 GeV Emax=  100 TeV  ModifiedTsai

CoulombScat:  for e- XStype:1 SubType=1 BuildTable=1
      Lambda table from 100 MeV to 100 TeV, 7 bins/decade, spline: 0
      ThetaMin(p) < Theta(degree) < 180, pLimit(GeV^1)= 0.139531
      ===== EM models for the G4Region  DefaultRegionForTheWorld ======
  eCoulombScattering : Emin=  100 MeV Emax=  100 TeV

msc:  for e+  SubType= 10
      ===== EM models for the G4Region  DefaultRegionForTheWorld ======
            UrbanMsc : Emin=    0 eV  Emax=  100 MeV Nbins=42 100 eV  - 100 MeV
          StepLim=UseSafety Rfact=0.04 Gfact=2.5 Sfact=0.6 DispFlag:1 Skin=1 Llim=1 mm
        WentzelVIUni : Emin=  100 MeV Emax=  100 TeV Nbins=42 100 MeV - 100 TeV
          StepLim=UseSafety Rfact=0.04 Gfact=2.5 Sfact=0.6 DispFlag:1 Skin=1 Llim=1 mm

eIoni:  for e+  XStype:3  SubType=2
      dE/dx and range tables from 100 eV  to 100 TeV in 84 bins
      Lambda tables from threshold to 100 TeV, 7 bins/decade, spline: 1
      StepFunction=(0.2, 1 mm), integ: 3, fluct: 1, linLossLim= 0.01
      ===== EM models for the G4Region  DefaultRegionForTheWorld ======
        MollerBhabha : Emin=    0 eV  Emax=  100 TeV

eBrem:  for e+  XStype:4  SubType=3
      dE/dx and range tables from 100 eV  to 100 TeV in 84 bins
      Lambda tables from threshold to 100 TeV, 7 bins/decade, spline: 1
      LPM flag: 1 for E > 1 GeV,  VertexHighEnergyTh(GeV)= 100000
      ===== EM models for the G4Region  DefaultRegionForTheWorld ======
             eBremSB : Emin=    0 eV  Emax=    1 GeV  ModifiedTsai
            eBremLPM : Emin=    1 GeV Emax=  100 TeV  ModifiedTsai

annihil:  for e+ XStype:2 SubType=5 AtRestModel:Simple BuildTable=0
      ===== EM models for the G4Region  DefaultRegionForTheWorld ======
            eplus2gg : Emin=    0 eV  Emax=  100 TeV

CoulombScat:  for e+ XStype:1 SubType=1 BuildTable=1
      Lambda table from 100 MeV to 100 TeV, 7 bins/decade, spline: 0
      ThetaMin(p) < Theta(degree) < 180, pLimit(GeV^1)= 0.139531
      ===== EM models for the G4Region  DefaultRegionForTheWorld ======
  eCoulombScattering : Emin=  100 MeV Emax=  100 TeV

msc:  for proton  SubType= 10
      ===== EM models for the G4Region  DefaultRegionForTheWorld ======
        WentzelVIUni : Emin=    0 eV  Emax=  100 TeV Nbins=84 100 eV  - 100 TeV
          StepLim=Minimal Rfact=0.2 Gfact=2.5 Sfact=0.6 DispFlag:0 Skin=1 Llim=1 mm

hIoni:  for proton  XStype:3  SubType=2
      dE/dx and range tables from 100 eV  to 100 TeV in 84 bins
      Lambda tables from threshold to 100 TeV, 7 bins/decade, spline: 1
      StepFunction=(0.2, 0.1 mm), integ: 3, fluct: 1, linLossLim= 0.01
      ===== EM models for the G4Region  DefaultRegionForTheWorld ======
               Bragg : Emin=    0 eV  Emax=    2 MeV
          BetheBloch : Emin=    2 MeV Emax=  100 TeV

hBrems:  for proton  XStype:1  SubType=3
      dE/dx and range tables from 100 eV  to 100 TeV in 84 bins
      Lambda tables from threshold to 100 TeV, 7 bins/decade, spline: 1
      ===== EM models for the G4Region  DefaultRegionForTheWorld ======
               hBrem : Emin=    0 eV  Emax=  100 TeV  ModifiedMephi

hPairProd:  for proton  XStype:1  SubType=4
      dE/dx and range tables from 100 eV  to 100 TeV in 84 bins
      Lambda tables from threshold to 100 TeV, 7 bins/decade, spline: 1
      Sampling table 17x1001, from 7.50618 GeV to 100 TeV 
      ===== EM models for the G4Region  DefaultRegionForTheWorld ======
           hPairProd : Emin=    0 eV  Emax=  100 TeV  ModifiedMephi

CoulombScat:  for proton XStype:1 SubType=1 BuildTable=1
      Lambda table from threshold  to 100 TeV, 7 bins/decade, spline: 0
      ThetaMin(p) < Theta(degree) < 180, pLimit(GeV^1)= 0.139531
      ===== EM models for the G4Region  DefaultRegionForTheWorld ======
  eCoulombScattering : Emin=    0 eV  Emax=  100 TeV

msc:  for GenericIon  SubType= 10
      ===== EM models for the G4Region  DefaultRegionForTheWorld ======
            UrbanMsc : Emin=    0 eV  Emax=  100 TeV
          StepLim=Minimal Rfact=0.2 Gfact=2.5 Sfact=0.6 DispFlag:0 Skin=1 Llim=1 mm

ionIoni:  for GenericIon  XStype:3  SubType=2
      dE/dx and range tables from 100 eV  to 100 TeV in 84 bins
      Lambda tables from threshold to 100 TeV, 7 bins/decade, spline: 1
      StepFunction=(0.2, 0.1 mm), integ: 3, fluct: 1, linLossLim= 0.02
      ===== EM models for the G4Region  DefaultRegionForTheWorld ======
               Bragg : Emin=    0 eV  Emax=    2 MeV
          BetheBloch : Emin=    2 MeV Emax=  100 TeV

msc:  for alpha  SubType= 10
      ===== EM models for the G4Region  DefaultRegionForTheWorld ======
            UrbanMsc : Emin=    0 eV  Emax=  100 TeV
          StepLim=Minimal Rfact=0.2 Gfact=2.5 Sfact=0.6 DispFlag:0 Skin=1 Llim=1 mm

ionIoni:  for alpha  XStype:3  SubType=2
      dE/dx and range tables from 100 eV  to 100 TeV in 84 bins
      Lambda tables from threshold to 100 TeV, 7 bins/decade, spline: 1
      StepFunction=(0.2, 0.1 mm), integ: 3, fluct: 1, linLossLim= 0.02
      ===== EM models for the G4Region  DefaultRegionForTheWorld ======
            BraggIon : Emin=    0 eV  Emax=7.9452 MeV
          BetheBloch : Emin=7.9452 MeV Emax=  100 TeV

msc:  for anti_proton  SubType= 10
      ===== EM models for the G4Region  DefaultRegionForTheWorld ======
        WentzelVIUni : Emin=    0 eV  Emax=  100 TeV Nbins=84 100 eV  - 100 TeV
          StepLim=Minimal Rfact=0.2 Gfact=2.5 Sfact=0.6 DispFlag:0 Skin=1 Llim=1 mm

hIoni:  for anti_proton  XStype:3  SubType=2
      dE/dx and range tables from 100 eV  to 100 TeV in 84 bins
      Lambda tables from threshold to 100 TeV, 7 bins/decade, spline: 1
      StepFunction=(0.2, 0.1 mm), integ: 3, fluct: 1, linLossLim= 0.01
      ===== EM models for the G4Region  DefaultRegionForTheWorld ======
            ICRU73QO : Emin=    0 eV  Emax=    2 MeV
          BetheBloch : Emin=    2 MeV Emax=  100 TeV

hBrems:  for anti_proton  XStype:1  SubType=3
      dE/dx and range tables from 100 eV  to 100 TeV in 84 bins
      Lambda tables from threshold to 100 TeV, 7 bins/decade, spline: 1
      ===== EM models for the G4Region  DefaultRegionForTheWorld ======
               hBrem : Emin=    0 eV  Emax=  100 TeV  ModifiedMephi

hPairProd:  for anti_proton  XStype:1  SubType=4
      dE/dx and range tables from 100 eV  to 100 TeV in 84 bins
      Lambda tables from threshold to 100 TeV, 7 bins/decade, spline: 1
      Sampling table 17x1001, from 7.50618 GeV to 100 TeV 
      ===== EM models for the G4Region  DefaultRegionForTheWorld ======
           hPairProd : Emin=    0 eV  Emax=  100 TeV  ModifiedMephi

CoulombScat:  for anti_proton XStype:1 SubType=1 BuildTable=1
      Lambda table from threshold  to 100 TeV, 7 bins/decade, spline: 0
      ThetaMin(p) < Theta(degree) < 180, pLimit(GeV^1)= 0.139531
      ===== EM models for the G4Region  DefaultRegionForTheWorld ======
  eCoulombScattering : Emin=    0 eV  Emax=  100 TeV

msc:  for kaon+  SubType= 10
      ===== EM models for the G4Region  DefaultRegionForTheWorld ======
        WentzelVIUni : Emin=    0 eV  Emax=  100 TeV Nbins=84 100 eV  - 100 TeV
          StepLim=Minimal Rfact=0.2 Gfact=2.5 Sfact=0.6 DispFlag:0 Skin=1 Llim=1 mm

hIoni:  for kaon+  XStype:3  SubType=2
      dE/dx and range tables from 100 eV  to 100 TeV in 84 bins
      Lambda tables from threshold to 100 TeV, 7 bins/decade, spline: 1
      StepFunction=(0.2, 0.1 mm), integ: 3, fluct: 1, linLossLim= 0.01
      ===== EM models for the G4Region  DefaultRegionForTheWorld ======
               Bragg : Emin=    0 eV  Emax=1.05231 MeV
          BetheBloch : Emin=1.05231 MeV Emax=  100 TeV

hBrems:  for kaon+  XStype:1  SubType=3
      dE/dx and range tables from 100 eV  to 100 TeV in 84 bins
      Lambda tables from threshold to 100 TeV, 7 bins/decade, spline: 1
      ===== EM models for the G4Region  DefaultRegionForTheWorld ======
               hBrem : Emin=    0 eV  Emax=  100 TeV  ModifiedMephi

hPairProd:  for kaon+  XStype:1  SubType=4
      dE/dx and range tables from 100 eV  to 100 TeV in 84 bins
      Lambda tables from threshold to 100 TeV, 7 bins/decade, spline: 1
      Sampling table 18x1001, from 3.94942 GeV to 100 TeV 
      ===== EM models for the G4Region  DefaultRegionForTheWorld ======
           hPairProd : Emin=    0 eV  Emax=  100 TeV  ModifiedMephi

CoulombScat:  for kaon+ XStype:1 SubType=1 BuildTable=1
      Lambda table from threshold  to 100 TeV, 7 bins/decade, spline: 0
      ThetaMin(p) < Theta(degree) < 180, pLimit(GeV^1)= 0.139531
      ===== EM models for the G4Region  DefaultRegionForTheWorld ======
  eCoulombScattering : Emin=    0 eV  Emax=  100 TeV

msc:  for kaon-  SubType= 10
      ===== EM models for the G4Region  DefaultRegionForTheWorld ======
        WentzelVIUni : Emin=    0 eV  Emax=  100 TeV Nbins=84 100 eV  - 100 TeV
          StepLim=Minimal Rfact=0.2 Gfact=2.5 Sfact=0.6 DispFlag:0 Skin=1 Llim=1 mm

hIoni:  for kaon-  XStype:3  SubType=2
      dE/dx and range tables from 100 eV  to 100 TeV in 84 bins
      Lambda tables from threshold to 100 TeV, 7 bins/decade, spline: 1
      StepFunction=(0.2, 0.1 mm), integ: 3, fluct: 1, linLossLim= 0.01
      ===== EM models for the G4Region  DefaultRegionForTheWorld ======
            ICRU73QO : Emin=    0 eV  Emax=1.05231 MeV
          BetheBloch : Emin=1.05231 MeV Emax=  100 TeV

hBrems:  for kaon-  XStype:1  SubType=3
      dE/dx and range tables from 100 eV  to 100 TeV in 84 bins
      Lambda tables from threshold to 100 TeV, 7 bins/decade, spline: 1
      ===== EM models for the G4Region  DefaultRegionForTheWorld ======
               hBrem : Emin=    0 eV  Emax=  100 TeV  ModifiedMephi

hPairProd:  for kaon-  XStype:1  SubType=4
      dE/dx and range tables from 100 eV  to 100 TeV in 84 bins
      Lambda tables from threshold to 100 TeV, 7 bins/decade, spline: 1
      Sampling table 18x1001, from 3.94942 GeV to 100 TeV 
      ===== EM models for the G4Region  DefaultRegionForTheWorld ======
           hPairProd : Emin=    0 eV  Emax=  100 TeV  ModifiedMephi

CoulombScat:  for kaon- XStype:1 SubType=1 BuildTable=1
      Used Lambda table of kaon+
      ThetaMin(p) < Theta(degree) < 180, pLimit(GeV^1)= 0.139531
      ===== EM models for the G4Region  DefaultRegionForTheWorld ======
  eCoulombScattering : Emin=    0 eV  Emax=  100 TeV

msc:  for mu+  SubType= 10
      ===== EM models for the G4Region  DefaultRegionForTheWorld ======
        WentzelVIUni : Emin=    0 eV  Emax=  100 TeV Nbins=84 100 eV  - 100 TeV
          StepLim=Minimal Rfact=0.2 Gfact=2.5 Sfact=0.6 DispFlag:0 Skin=1 Llim=1 mm

muIoni:  for mu+  XStype:3  SubType=2
      dE/dx and range tables from 100 eV  to 100 TeV in 84 bins
      Lambda tables from threshold to 100 TeV, 7 bins/decade, spline: 1
      StepFunction=(0.2, 0.1 mm), integ: 3, fluct: 1, linLossLim= 0.01
      ===== EM models for the G4Region  DefaultRegionForTheWorld ======
               Bragg : Emin=    0 eV  Emax=  200 keV
        MuBetheBloch : Emin=  200 keV Emax=  100 TeV

muBrems:  for mu+  XStype:1  SubType=3
      dE/dx and range tables from 100 eV  to 100 TeV in 84 bins
      Lambda tables from threshold to 100 TeV, 7 bins/decade, spline: 1
      ===== EM models for the G4Region  DefaultRegionForTheWorld ======
              MuBrem : Emin=    0 eV  Emax=  100 TeV  ModifiedMephi

muPairProd:  for mu+  XStype:1  SubType=4
      dE/dx and range tables from 100 eV  to 100 TeV in 84 bins
      Lambda tables from threshold to 100 TeV, 7 bins/decade, spline: 1
      Sampling table 21x1001, from 0.85 GeV to 100 TeV 
      ===== EM models for the G4Region  DefaultRegionForTheWorld ======
          muPairProd : Emin=    0 eV  Emax=  100 TeV  ModifiedMephi

CoulombScat:  for mu+ XStype:1 SubType=1 BuildTable=1
      Lambda table from threshold  to 100 TeV, 7 bins/decade, spline: 0
      ThetaMin(p) < Theta(degree) < 180, pLimit(GeV^1)= 0.139531
      ===== EM models for the G4Region  DefaultRegionForTheWorld ======
  eCoulombScattering : Emin=    0 eV  Emax=  100 TeV

msc:  for mu-  SubType= 10
      ===== EM models for the G4Region  DefaultRegionForTheWorld ======
        WentzelVIUni : Emin=    0 eV  Emax=  100 TeV Nbins=84 100 eV  - 100 TeV
          StepLim=Minimal Rfact=0.2 Gfact=2.5 Sfact=0.6 DispFlag:0 Skin=1 Llim=1 mm

muIoni:  for mu-  XStype:3  SubType=2
      dE/dx and range tables from 100 eV  to 100 TeV in 84 bins
      Lambda tables from threshold to 100 TeV, 7 bins/decade, spline: 1
      StepFunction=(0.2, 0.1 mm), integ: 3, fluct: 1, linLossLim= 0.01
      ===== EM models for the G4Region  DefaultRegionForTheWorld ======
            ICRU73QO : Emin=    0 eV  Emax=  200 keV
        MuBetheBloch : Emin=  200 keV Emax=  100 TeV

muBrems:  for mu-  XStype:1  SubType=3
      dE/dx and range tables from 100 eV  to 100 TeV in 84 bins
      Lambda tables from threshold to 100 TeV, 7 bins/decade, spline: 1
      ===== EM models for the G4Region  DefaultRegionForTheWorld ======
              MuBrem : Emin=    0 eV  Emax=  100 TeV  ModifiedMephi

muPairProd:  for mu-  XStype:1  SubType=4
      dE/dx and range tables from 100 eV  to 100 TeV in 84 bins
      Lambda tables from threshold to 100 TeV, 7 bins/decade, spline: 1
      Sampling table 21x1001, from 0.85 GeV to 100 TeV 
      ===== EM models for the G4Region  DefaultRegionForTheWorld ======
          muPairProd : Emin=    0 eV  Emax=  100 TeV  ModifiedMephi

CoulombScat:  for mu- XStype:1 SubType=1 BuildTable=1
      Used Lambda table of mu+
      ThetaMin(p) < Theta(degree) < 180, pLimit(GeV^1)= 0.139531
      ===== EM models for the G4Region  DefaultRegionForTheWorld ======
  eCoulombScattering : Emin=    0 eV  Emax=  100 TeV

msc:  for pi+  SubType= 10
      ===== EM models for the G4Region  DefaultRegionForTheWorld ======
        WentzelVIUni : Emin=    0 eV  Emax=  100 TeV Nbins=84 100 eV  - 100 TeV
          StepLim=Minimal Rfact=0.2 Gfact=2.5 Sfact=0.6 DispFlag:0 Skin=1 Llim=1 mm

hIoni:  for pi+  XStype:3  SubType=2
      dE/dx and range tables from 100 eV  to 100 TeV in 84 bins
      Lambda tables from threshold to 100 TeV, 7 bins/decade, spline: 1
      StepFunction=(0.2, 0.1 mm), integ: 3, fluct: 1, linLossLim= 0.01
      ===== EM models for the G4Region  DefaultRegionForTheWorld ======
               Bragg : Emin=    0 eV  Emax=297.505 keV
          BetheBloch : Emin=297.505 keV Emax=  100 TeV

hBrems:  for pi+  XStype:1  SubType=3
      dE/dx and range tables from 100 eV  to 100 TeV in 84 bins
      Lambda tables from threshold to 100 TeV, 7 bins/decade, spline: 1
      ===== EM models for the G4Region  DefaultRegionForTheWorld ======
               hBrem : Emin=    0 eV  Emax=  100 TeV  ModifiedMephi

hPairProd:  for pi+  XStype:1  SubType=4
      dE/dx and range tables from 100 eV  to 100 TeV in 84 bins
      Lambda tables from threshold to 100 TeV, 7 bins/decade, spline: 1
      Sampling table 20x1001, from 1.11656 GeV to 100 TeV 
      ===== EM models for the G4Region  DefaultRegionForTheWorld ======
           hPairProd : Emin=    0 eV  Emax=  100 TeV  ModifiedMephi

CoulombScat:  for pi+ XStype:1 SubType=1 BuildTable=1
      Lambda table from threshold  to 100 TeV, 7 bins/decade, spline: 0
      ThetaMin(p) < Theta(degree) < 180, pLimit(GeV^1)= 0.139531
      ===== EM models for the G4Region  DefaultRegionForTheWorld ======
  eCoulombScattering : Emin=    0 eV  Emax=  100 TeV

msc:  for pi-  SubType= 10
      ===== EM models for the G4Region  DefaultRegionForTheWorld ======
        WentzelVIUni : Emin=    0 eV  Emax=  100 TeV Nbins=84 100 eV  - 100 TeV
          StepLim=Minimal Rfact=0.2 Gfact=2.5 Sfact=0.6 DispFlag:0 Skin=1 Llim=1 mm

hIoni:  for pi-  XStype:3  SubType=2
      dE/dx and range tables from 100 eV  to 100 TeV in 84 bins
      Lambda tables from threshold to 100 TeV, 7 bins/decade, spline: 1
      StepFunction=(0.2, 0.1 mm), integ: 3, fluct: 1, linLossLim= 0.01
      ===== EM models for the G4Region  DefaultRegionForTheWorld ======
            ICRU73QO : Emin=    0 eV  Emax=297.505 keV
          BetheBloch : Emin=297.505 keV Emax=  100 TeV

hBrems:  for pi-  XStype:1  SubType=3
      dE/dx and range tables from 100 eV  to 100 TeV in 84 bins
      Lambda tables from threshold to 100 TeV, 7 bins/decade, spline: 1
      ===== EM models for the G4Region  DefaultRegionForTheWorld ======
               hBrem : Emin=    0 eV  Emax=  100 TeV  ModifiedMephi

hPairProd:  for pi-  XStype:1  SubType=4
      dE/dx and range tables from 100 eV  to 100 TeV in 84 bins
      Lambda tables from threshold to 100 TeV, 7 bins/decade, spline: 1
      Sampling table 20x1001, from 1.11656 GeV to 100 TeV 
      ===== EM models for the G4Region  DefaultRegionForTheWorld ======
           hPairProd : Emin=    0 eV  Emax=  100 TeV  ModifiedMephi

CoulombScat:  for pi- XStype:1 SubType=1 BuildTable=1
      Used Lambda table of pi+
      ThetaMin(p) < Theta(degree) < 180, pLimit(GeV^1)= 0.139531
      ===== EM models for the G4Region  DefaultRegionForTheWorld ======
  eCoulombScattering : Emin=    0 eV  Emax=  100 TeV

====================================================================
                  HADRONIC PROCESSES SUMMARY (verbose level 1)
-----------------------------------------------------------------------
                           Hadronic Processes for neutron
  Process: hadElastic
        Model:             hElasticCHIPS: 0 eV  ---> 100 TeV
     Cr_sctns:        G4NeutronElasticXS: 0 eV  ---> 100 TeV
  Process: neutronInelastic
        Model:                      FTFP: 3 GeV ---> 100 TeV
        Model:            BertiniCascade: 0 eV  ---> 6 GeV
     Cr_sctns:      G4NeutronInelasticXS: 0 eV  ---> 100 TeV
  Process: nCapture
        Model:               nRadCapture: 0 eV  ---> 100 TeV
     Cr_sctns:        G4NeutronCaptureXS: 0 eV  ---> 100 TeV
  Process: nKiller
-----------------------------------------------------------------------
                           Hadronic Processes for B-
  Process: hadElastic
        Model:              hElasticLHEP: 0 eV  ---> 100 TeV
     Cr_sctns:            Glauber-Gribov: 0 eV  ---> 100 TeV
  Process: B-Inelastic
        Model:                      FTFP: 0 eV  ---> 100 TeV
     Cr_sctns:            Glauber-Gribov: 0 eV  ---> 100 TeV
-----------------------------------------------------------------------
                           Hadronic Processes for D-
  Process: hadElastic
        Model:              hElasticLHEP: 0 eV  ---> 100 TeV
     Cr_sctns:            Glauber-Gribov: 0 eV  ---> 100 TeV
  Process: D-Inelastic
        Model:                      FTFP: 0 eV  ---> 100 TeV
     Cr_sctns:            Glauber-Gribov: 0 eV  ---> 100 TeV
-----------------------------------------------------------------------
                           Hadronic Processes for GenericIon
  Process: ionInelastic
        Model:  Binary Light Ion Cascade: 0 eV /n ---> 6 GeV/n
        Model:                      FTFP: 3 GeV/n ---> 100 TeV/n
     Cr_sctns:  Glauber-Gribov Nucl-nucl: 0 eV  ---> 25.6 PeV
-----------------------------------------------------------------------
                           Hadronic Processes for He3
  Process: hadElastic
        Model:              hElasticLHEP: 0 eV /n ---> 100 TeV/n
     Cr_sctns:  Glauber-Gribov Nucl-nucl: 0 eV  ---> 25.6 PeV
  Process: He3Inelastic
        Model:  Binary Light Ion Cascade: 0 eV /n ---> 6 GeV/n
        Model:                      FTFP: 3 GeV/n ---> 100 TeV/n
     Cr_sctns:  Glauber-Gribov Nucl-nucl: 0 eV  ---> 25.6 PeV
-----------------------------------------------------------------------
                           Hadronic Processes for alpha
  Process: hadElastic
        Model:              hElasticLHEP: 0 eV /n ---> 100 TeV/n
     Cr_sctns:  Glauber-Gribov Nucl-nucl: 0 eV  ---> 25.6 PeV
  Process: alphaInelastic
        Model:  Binary Light Ion Cascade: 0 eV /n ---> 6 GeV/n
        Model:                      FTFP: 3 GeV/n ---> 100 TeV/n
     Cr_sctns:  Glauber-Gribov Nucl-nucl: 0 eV  ---> 25.6 PeV
-----------------------------------------------------------------------
                           Hadronic Processes for anti_He3
  Process: hadElastic
        Model:              hElasticLHEP: 0 eV /n ---> 100.1 MeV/n
        Model:              AntiAElastic: 100 MeV/n ---> 100 TeV/n
     Cr_sctns:              AntiAGlauber: 0 eV  ---> 25.6 PeV
  Process: anti_He3Inelastic
        Model:                      FTFP: 0 eV /n ---> 100 TeV/n
     Cr_sctns:              AntiAGlauber: 0 eV  ---> 25.6 PeV
  Process: hFritiofCaptureAtRest
-----------------------------------------------------------------------
                           Hadronic Processes for anti_alpha
  Process: hadElastic
        Model:              hElasticLHEP: 0 eV /n ---> 100.1 MeV/n
        Model:              AntiAElastic: 100 MeV/n ---> 100 TeV/n
     Cr_sctns:              AntiAGlauber: 0 eV  ---> 25.6 PeV
  Process: anti_alphaInelastic
        Model:                      FTFP: 0 eV /n ---> 100 TeV/n
     Cr_sctns:              AntiAGlauber: 0 eV  ---> 25.6 PeV
  Process: hFritiofCaptureAtRest
-----------------------------------------------------------------------
                           Hadronic Processes for anti_deuteron
  Process: hadElastic
        Model:              hElasticLHEP: 0 eV /n ---> 100.1 MeV/n
        Model:              AntiAElastic: 100 MeV/n ---> 100 TeV/n
     Cr_sctns:              AntiAGlauber: 0 eV  ---> 25.6 PeV
  Process: anti_deuteronInelastic
        Model:                      FTFP: 0 eV /n ---> 100 TeV/n
     Cr_sctns:              AntiAGlauber: 0 eV  ---> 25.6 PeV
  Process: hFritiofCaptureAtRest
-------------------------------------------------------------------------
                           Hadronic Processes for anti_hypertriton
  Process: hFritiofCaptureAtRest
-----------------------------------------------------------------------
                           Hadronic Processes for anti_lambda
  Process: hadElastic
        Model:              hElasticLHEP: 0 eV  ---> 100 TeV
     Cr_sctns:            Glauber-Gribov: 0 eV  ---> 100 TeV
  Process: anti_lambdaInelastic
        Model:                      FTFP: 0 eV  ---> 100 TeV
     Cr_sctns:            Glauber-Gribov: 0 eV  ---> 100 TeV
  Process: hFritiofCaptureAtRest
-----------------------------------------------------------------------
                           Hadronic Processes for anti_neutron
  Process: hadElastic
        Model:              hElasticLHEP: 0 eV  ---> 100.1 MeV
        Model:              AntiAElastic: 100 MeV ---> 100 TeV
     Cr_sctns:              AntiAGlauber: 0 eV  ---> 25.6 PeV
  Process: anti_neutronInelastic
        Model:                      FTFP: 0 eV  ---> 100 TeV
     Cr_sctns:              AntiAGlauber: 0 eV  ---> 25.6 PeV
  Process: hFritiofCaptureAtRest
-----------------------------------------------------------------------
                           Hadronic Processes for anti_proton
  Process: hadElastic
        Model:              hElasticLHEP: 0 eV  ---> 100.1 MeV
        Model:              AntiAElastic: 100 MeV ---> 100 TeV
     Cr_sctns:              AntiAGlauber: 0 eV  ---> 25.6 PeV
  Process: anti_protonInelastic
        Model:                      FTFP: 0 eV  ---> 100 TeV
     Cr_sctns:              AntiAGlauber: 0 eV  ---> 25.6 PeV
  Process: hFritiofCaptureAtRest
-----------------------------------------------------------------------
                           Hadronic Processes for anti_triton
  Process: hadElastic
        Model:              hElasticLHEP: 0 eV /n ---> 100.1 MeV/n
        Model:              AntiAElastic: 100 MeV/n ---> 100 TeV/n
     Cr_sctns:              AntiAGlauber: 0 eV  ---> 25.6 PeV
  Process: anti_tritonInelastic
        Model:                      FTFP: 0 eV /n ---> 100 TeV/n
     Cr_sctns:              AntiAGlauber: 0 eV  ---> 25.6 PeV
  Process: hFritiofCaptureAtRest
-----------------------------------------------------------------------
                           Hadronic Processes for deuteron
  Process: hadElastic
        Model:              hElasticLHEP: 0 eV /n ---> 100 TeV/n
     Cr_sctns:  Glauber-Gribov Nucl-nucl: 0 eV  ---> 25.6 PeV
  Process: dInelastic
        Model:  Binary Light Ion Cascade: 0 eV /n ---> 6 GeV/n
        Model:                      FTFP: 3 GeV/n ---> 100 TeV/n
     Cr_sctns:  Glauber-Gribov Nucl-nucl: 0 eV  ---> 25.6 PeV
-----------------------------------------------------------------------
                           Hadronic Processes for e+
  Process: positronNuclear
        Model:   G4ElectroVDNuclearModel: 0 eV  ---> 1 PeV
     Cr_sctns:          ElectroNuclearXS: 0 eV  ---> 100 TeV
-----------------------------------------------------------------------
                           Hadronic Processes for e-
  Process: electronNuclear
        Model:   G4ElectroVDNuclearModel: 0 eV  ---> 1 PeV
     Cr_sctns:          ElectroNuclearXS: 0 eV  ---> 100 TeV
-----------------------------------------------------------------------
                           Hadronic Processes for gamma
  Process: photonNuclear
        Model:               GammaNPreco: 0 eV  ---> 200 MeV
        Model:            BertiniCascade: 199 MeV ---> 6 GeV
        Model:           TheoFSGenerator: 3 GeV ---> 100 TeV
     Cr_sctns:            GammaNuclearXS: 0 eV  ---> 100 TeV
-----------------------------------------------------------------------
                           Hadronic Processes for kaon+
  Process: hadElastic
        Model:              hElasticLHEP: 0 eV  ---> 100 TeV
     Cr_sctns:            Glauber-Gribov: 0 eV  ---> 100 TeV
  Process: kaon+Inelastic
        Model:                      FTFP: 3 GeV ---> 100 TeV
        Model:            BertiniCascade: 0 eV  ---> 6 GeV
     Cr_sctns:            Glauber-Gribov: 0 eV  ---> 100 TeV
-----------------------------------------------------------------------
                           Hadronic Processes for kaon-
  Process: hadElastic
        Model:              hElasticLHEP: 0 eV  ---> 100 TeV
     Cr_sctns:            Glauber-Gribov: 0 eV  ---> 100 TeV
  Process: kaon-Inelastic
        Model:                      FTFP: 3 GeV ---> 100 TeV
        Model:            BertiniCascade: 0 eV  ---> 6 GeV
     Cr_sctns:            Glauber-Gribov: 0 eV  ---> 100 TeV
  Process: hBertiniCaptureAtRest
-----------------------------------------------------------------------
                           Hadronic Processes for lambda
  Process: hadElastic
        Model:              hElasticLHEP: 0 eV  ---> 100 TeV
     Cr_sctns:            Glauber-Gribov: 0 eV  ---> 100 TeV
  Process: lambdaInelastic
        Model:                      FTFP: 3 GeV ---> 100 TeV
        Model:            BertiniCascade: 0 eV  ---> 6 GeV
     Cr_sctns:            Glauber-Gribov: 0 eV  ---> 100 TeV
-----------------------------------------------------------------------
                           Hadronic Processes for mu+
  Process: muonNuclear
        Model:      G4MuonVDNuclearModel: 0 eV  ---> 1 PeV
     Cr_sctns:     KokoulinMuonNuclearXS: 0 eV  ---> 100 TeV
-----------------------------------------------------------------------
                           Hadronic Processes for mu-
  Process: muonNuclear
        Model:      G4MuonVDNuclearModel: 0 eV  ---> 1 PeV
     Cr_sctns:     KokoulinMuonNuclearXS: 0 eV  ---> 100 TeV
  Process: muMinusCaptureAtRest
-----------------------------------------------------------------------
                           Hadronic Processes for pi+
  Process: hadElastic
        Model:           hElasticGlauber: 0 eV  ---> 100 TeV
     Cr_sctns:  BarashenkovGlauberGribov: 0 eV  ---> 100 TeV
  Process: pi+Inelastic
        Model:                      FTFP: 3 GeV ---> 100 TeV
        Model:            BertiniCascade: 0 eV  ---> 6 GeV
     Cr_sctns:  BarashenkovGlauberGribov: 0 eV  ---> 100 TeV
-----------------------------------------------------------------------
                           Hadronic Processes for pi-
  Process: hadElastic
        Model:           hElasticGlauber: 0 eV  ---> 100 TeV
     Cr_sctns:  BarashenkovGlauberGribov: 0 eV  ---> 100 TeV
  Process: pi-Inelastic
        Model:                      FTFP: 3 GeV ---> 100 TeV
        Model:            BertiniCascade: 0 eV  ---> 6 GeV
     Cr_sctns:  BarashenkovGlauberGribov: 0 eV  ---> 100 TeV
  Process: hBertiniCaptureAtRest
-----------------------------------------------------------------------
                           Hadronic Processes for proton
  Process: hadElastic
        Model:             hElasticCHIPS: 0 eV  ---> 100 TeV
     Cr_sctns:  BarashenkovGlauberGribov: 0 eV  ---> 100 TeV
  Process: protonInelastic
        Model:                      FTFP: 3 GeV ---> 100 TeV
        Model:            BertiniCascade: 0 eV  ---> 6 GeV
     Cr_sctns:  BarashenkovGlauberGribov: 0 eV  ---> 100 TeV
-----------------------------------------------------------------------
                           Hadronic Processes for sigma-
  Process: hadElastic
        Model:              hElasticLHEP: 0 eV  ---> 100 TeV
     Cr_sctns:            Glauber-Gribov: 0 eV  ---> 100 TeV
  Process: sigma-Inelastic
        Model:                      FTFP: 3 GeV ---> 100 TeV
        Model:            BertiniCascade: 0 eV  ---> 6 GeV
     Cr_sctns:            Glauber-Gribov: 0 eV  ---> 100 TeV
  Process: hBertiniCaptureAtRest
-----------------------------------------------------------------------
                           Hadronic Processes for triton
  Process: hadElastic
        Model:              hElasticLHEP: 0 eV /n ---> 100 TeV/n
     Cr_sctns:  Glauber-Gribov Nucl-nucl: 0 eV  ---> 25.6 PeV
  Process: tInelastic
        Model:  Binary Light Ion Cascade: 0 eV /n ---> 6 GeV/n
        Model:                      FTFP: 3 GeV/n ---> 100 TeV/n
     Cr_sctns:  Glauber-Gribov Nucl-nucl: 0 eV  ---> 25.6 PeV
=======================================================================
======       Geant4 Native Pre-compound Model Parameters       ========
=======================================================================
Type of pre-compound model                          0
Type of pre-compound inverse x-section              1
Pre-compound model active                           1
Pre-compound excitation low energy                  0.1 MeV 
Pre-compound excitation high energy                 15 MeV 
Angular generator for pre-compound model            1
Use NeverGoBack option for pre-compound model       0
Use SoftCutOff option for pre-compound model        0
Use CEM transitions for pre-compound model          1
Use GNASH transitions for pre-compound model        0
Use HETC submodel for pre-compound model            0
=======================================================================
======       Nuclear De-excitation Module Parameters           ========
=======================================================================
Type of de-excitation inverse x-section             3
Type of de-excitation factory                       Evaporation+GEM
Number of de-excitation channels                    68
Type of Fermi BreakUp model                         ModelVI
Min excitation energy                               0.01 keV 
Min energy per nucleon for multifragmentation       2e+05 MeV
Level density (1/MeV)                               0.075
Use simple level density model                      1
Use discrete excitation energy of the residual      0
Time limit for long lived isomeres                  1 ns 
Isomer production flag                              1
Internal e- conversion flag                         1
Store e- internal conversion data                   1
Correlated gamma emission flag                      0
Max 2J for sampling of angular correlations         10
=======================================================================
       neutron, kinetic energy (MeV) =      22.7994, position (cm) = (85.4432,53.8148,500),	 weight = 1.90735e-06
         gamma, kinetic energy (MeV) =     0.545509, position (cm) = (82.7494,63.9203,500),	 weight = 1.90735e-06
       neutron, kinetic energy (MeV) =      53.3922, position (cm) = (85.8514,72.2114,500),	 weight = 1.90735e-06
         gamma, kinetic energy (MeV) =     0.105265, position (cm) = (117.315,67.7561,500),	 weight = 1.90735e-06
         gamma, kinetic energy (MeV) =     0.510999, position (cm) = (89.7946,32.6551,500),	 weight = 1.90735e-06
         gamma, kinetic energy (MeV) =      1.67283, position (cm) = (53.7911,59.2929,500),	 weight = 3.8147e-06
         gamma, kinetic energy (MeV) =      10.0936, position (cm) = (22.087,112.257,500),	 weight = 1.90735e-06
         gamma, kinetic energy (MeV) =     0.396947, position (cm) = (-37.0614,88.4569,500),	 weight = 1.90735e-06
         gamma, kinetic energy (MeV) =      2.22306, position (cm) = (56.8958,86.192,500),	 weight = 1.90735e-06
         gamma, kinetic energy (MeV) =     0.224945, position (cm) = (23.4757,59.5306,500),	 weight = 1.90735e-06
         gamma, kinetic energy (MeV) =      0.10925, position (cm) = (44.2867,75.0182,500),	 weight = 1.90735e-06
       neutron, kinetic energy (MeV) =   0.00033881, position (cm) = (31.9803,63.9814,500),	 weight = 1.90735e-06
       neutron, kinetic energy (MeV) =      47.0309, position (cm) = (12.625,48.8143,500),	 weight = 1.90735e-06
       neutron, kinetic energy (MeV) =      29.1859, position (cm) = (20.557,53.9377,500),	 weight = 1.90735e-06
       neutron, kinetic energy (MeV) =     0.750835, position (cm) = (60.7321,40.0035,500),	 weight = 1.90735e-06
       neutron, kinetic energy (MeV) =  4.17937e-08, position (cm) = (80.8079,48.3597,500),	 weight = 1.90735e-06
       neutron, kinetic energy (MeV) =      2.04161, position (cm) = (97.7629,60.4291,500),	 weight = 1.90735e-06
         gamma, kinetic energy (MeV) =     0.731517, position (cm) = (75.6771,37.0436,500),	 weight = 1.90735e-06
         gamma, kinetic energy (MeV) =     0.362809, position (cm) = (43.6858,42.1628,500),	 weight = 1.90735e-06
         gamma, kinetic energy (MeV) =      4.36858, position (cm) = (48.9901,50.8244,500),	 weight = 1.90735e-06
         gamma, kinetic energy (MeV) =      1.27342, position (cm) = (-13.3749,32.942,500),	 weight = 1.90735e-06
         gamma, kinetic energy (MeV) =      6.04697, position (cm) = (5.20032,56.0359,500),	 weight = 1.90735e-06
         gamma, kinetic energy (MeV) =     0.596449, position (cm) = (45.7638,40.0557,500),	 weight = 1.90735e-06
       neutron, kinetic energy (MeV) =      1.83447, position (cm) = (47.9928,46.9244,500),	 weight = 1.90735e-06
         gamma, kinetic energy (MeV) =      5.77776, position (cm) = (38.3976,39.086,500),	 weight = 1.90735e-06
       neutron, kinetic energy (MeV) =      73.9991, position (cm) = (47.0955,37.9704,500),	 weight = 1.90735e-06
         gamma, kinetic energy (MeV) =     0.190261, position (cm) = (18.0381,76.1048,500),	 weight = 1.90735e-06
       neutron, kinetic energy (MeV) =      2.48521, position (cm) = (16.0601,94.4609,500),	 weight = 1.90735e-06
       neutron, kinetic energy (MeV) =      81.7237, position (cm) = (14.833,81.2612,500),	 weight = 1.90735e-06
       neutron, kinetic energy (MeV) =      1.40513, position (cm) = (34.5557,121.294,500),	 weight = 1.90735e-06
         gamma, kinetic energy (MeV) =      2.22171, position (cm) = (-8.93732,93.7585,500),	 weight = 3.8147e-06
       neutron, kinetic energy (MeV) =  9.76204e-08, position (cm) = (10.9688,96.9508,500),	 weight = 1.90735e-06
         gamma, kinetic energy (MeV) =      1.89804, position (cm) = (6.80887,64.5243,500),	 weight = 3.8147e-06
       neutron, kinetic energy (MeV) =      1.67018, position (cm) = (0.377746,47.6258,500),	 weight = 1.90735e-06
       neutron, kinetic energy (MeV) =      52.4479, position (cm) = (-14.6104,48.3323,500),	 weight = 1.90735e-06
       neutron, kinetic energy (MeV) =      89.1687, position (cm) = (-17.0758,44.9884,500),	 weight = 1.90735e-06
       neutron, kinetic energy (MeV) =      95.6675, position (cm) = (8.79591,58.3306,500),	 weight = 1.90735e-06
       neutron, kinetic energy (MeV) =      96.1432, position (cm) = (16.3553,72.5946,500),	 weight = 1.90735e-06
         gamma, kinetic energy (MeV) =      2.64354, position (cm) = (12.8291,67.3687,500),	 weight = 1.90735e-06
       neutron, kinetic energy (MeV) =      5.99047, position (cm) = (8.67982,60.4474,500),	 weight = 1.90735e-06
       neutron, kinetic energy (MeV) =      57.1225, position (cm) = (9.9387,60.2151,500),	 weight = 1.90735e-06
       neutron, kinetic energy (MeV) =      96.4272, position (cm) = (6.89802,61.5658,500),	 weight = 1.90735e-06
         gamma, kinetic energy (MeV) =     0.583538, position (cm) = (4.83331,38.7478,500),	 weight = 1.90735e-06
       neutron, kinetic energy (MeV) =      96.8235, position (cm) = (15.416,68.4539,500),	 weight = 1.90735e-06
       neutron, kinetic energy (MeV) =       5.3013, position (cm) = (-30.6312,96.1359,500),	 weight = 1.90735e-06
       neutron, kinetic energy (MeV) =  4.34782e-08, position (cm) = (-24.727,124.796,500),	 weight = 1.90735e-06
       neutron, kinetic energy (MeV) =      3.18987, position (cm) = (-18.7885,104.194,500),	 weight = 1.90735e-06
       neutron, kinetic energy (MeV) =      93.2481, position (cm) = (-78.7972,144.241,500),	 weight = 1.90735e-06
       neutron, kinetic energy (MeV) =      92.7091, position (cm) = (-81.5782,145.379,500),	 weight = 1.90735e-06
       neutron, kinetic energy (MeV) =      61.5728, position (cm) = (-77.0387,129.748,500),	 weight = 1.90735e-06
         gamma, kinetic energy (MeV) =     0.483045, position (cm) = (77.5374,141.233,500),	 weight = 1.90735e-06
       neutron, kinetic energy (MeV) =      95.0767, position (cm) = (81.5584,138.562,500),	 weight = 1.90735e-06
         gamma, kinetic energy (MeV) =     0.103511, position (cm) = (93.0278,123.22,500),	 weight = 1.90735e-06
       neutron, kinetic energy (MeV) =      26.6418, position (cm) = (84.452,138.042,500),	 weight = 1.90735e-06
       neutron, kinetic energy (MeV) =     0.916799, position (cm) = (-137.548,44.2476,500),	 weight = 1.90735e-06
       neutron, kinetic energy (MeV) =    0.0174988, position (cm) = (-115.226,46.0022,500),	 weight = 1.90735e-06
       neutron, kinetic energy (MeV) =      53.6752, position (cm) = (-100.323,100.128,500),	 weight = 1.90735e-06
         gamma, kinetic energy (MeV) =     0.124144, position (cm) = (-104.254,101.742,500),	 weight = 1.90735e-06
         gamma, kinetic energy (MeV) =     0.510887, position (cm) = (-110.957,106.741,500),	 weight = 1.90735e-06
         gamma, kinetic energy (MeV) =       5.3823, position (cm) = (-105.35,109.548,500),	 weight = 1.90735e-06
         gamma, kinetic energy (MeV) =     0.872062, position (cm) = (-119.961,109.026,500),	 weight = 1.90735e-06
       neutron, kinetic energy (MeV) =      79.2543, position (cm) = (-115.363,100.918,500),	 weight = 1.90735e-06
       neutron, kinetic energy (MeV) =      78.7261, position (cm) = (-115.134,100.807,500),	 weight = 1.90735e-06
       neutron, kinetic energy (MeV) =        65.46, position (cm) = (-98.6874,94.1037,500),	 weight = 1.90735e-06
       neutron, kinetic energy (MeV) =      79.6582, position (cm) = (-103.102,100.186,500),	 weight = 1.90735e-06
         gamma, kinetic energy (MeV) =    0.0752901, position (cm) = (-90.7834,86.2625,500),	 weight = 3.8147e-06
       neutron, kinetic energy (MeV) =      73.8078, position (cm) = (-102.898,106.031,500),	 weight = 1.90735e-06
       neutron, kinetic energy (MeV) =      73.8679, position (cm) = (-103.291,106.978,500),	 weight = 1.90735e-06
         gamma, kinetic energy (MeV) =    0.0572307, position (cm) = (-95.4038,94.4645,500),	 weight = 1.90735e-06
       neutron, kinetic energy (MeV) =      1.57808, position (cm) = (-83.7928,78.9461,500),	 weight = 1.90735e-06
       neutron, kinetic energy (MeV) =      57.4635, position (cm) = (-95.2232,80.2865,500),	 weight = 1.90735e-06
       neutron, kinetic energy (MeV) =      76.2134, position (cm) = (-69.9345,112.525,500),	 weight = 1.90735e-06
       neutron, kinetic energy (MeV) =      79.9822, position (cm) = (-68.1409,106.063,500),	 weight = 1.90735e-06
       neutron, kinetic energy (MeV) =  2.16654e-05, position (cm) = (-77.2164,79.1935,500),	 weight = 1.90735e-06
       neutron, kinetic energy (MeV) =  0.000240086, position (cm) = (-68.6766,88.8239,500),	 weight = 1.90735e-06
         gamma, kinetic energy (MeV) =     0.361793, position (cm) = (-84.1046,100.063,500),	 weight = 1.90735e-06
       neutron, kinetic energy (MeV) =  1.40188e-06, position (cm) = (-64.5741,122.973,500),	 weight = 1.90735e-06
         gamma, kinetic energy (MeV) =      2.22306, position (cm) = (-82.5075,108.787,500),	 weight = 1.90735e-06
       neutron, kinetic energy (MeV) =      67.9276, position (cm) = (-64.5012,97.5325,500),	 weight = 1.90735e-06
         gamma, kinetic energy (MeV) =     0.556418, position (cm) = (-78.238,87.8051,500),	 weight = 1.90735e-06
       neutron, kinetic energy (MeV) =       20.742, position (cm) = (-130.034,80.3901,500),	 weight = 1.90735e-06
         gamma, kinetic energy (MeV) =    0.0773976, position (cm) = (-135.852,88.5618,500),	 weight = 1.90735e-06
         gamma, kinetic energy (MeV) =     0.400372, position (cm) = (-137.936,91.4586,500),	 weight = 1.90735e-06
         gamma, kinetic energy (MeV) =     0.352658, position (cm) = (-134.966,92.5397,500),	 weight = 1.90735e-06
         gamma, kinetic energy (MeV) =     0.176342, position (cm) = (-134.44,90.3347,500),	 weight = 1.90735e-06
       neutron, kinetic energy (MeV) =      14.3139, position (cm) = (-138.117,90.8024,500),	 weight = 1.90735e-06
       neutron, kinetic energy (MeV) =      97.2741, position (cm) = (-147.469,88.4846,500),	 weight = 1.90735e-06
       neutron, kinetic energy (MeV) =  2.47004e-05, position (cm) = (-135.015,87.1225,500),	 weight = 1.90735e-06
         gamma, kinetic energy (MeV) =      6.47947, position (cm) = (-136.752,99.9418,500),	 weight = 1.90735e-06
         gamma, kinetic energy (MeV) =     0.161698, position (cm) = (-139.051,108.504,500),	 weight = 1.90735e-06
       neutron, kinetic energy (MeV) =      2.53706, position (cm) = (-117.373,52.9952,500),	 weight = 1.90735e-06
       neutron, kinetic energy (MeV) =      44.1813, position (cm) = (-95.7744,72.3705,500),	 weight = 1.90735e-06
         gamma, kinetic energy (MeV) =      3.18873, position (cm) = (42.292,-25.9068,500),	 weight = 1.90735e-06
       neutron, kinetic energy (MeV) =      81.8079, position (cm) = (57.8812,-72.3394,500),	 weight = 1.90735e-06
         gamma, kinetic energy (MeV) =      4.24053, position (cm) = (59.1335,-81.6554,500),	 weight = 1.90735e-06
       neutron, kinetic energy (MeV) =   6.5395e-07, position (cm) = (50.3328,-73.2703,500),	 weight = 1.90735e-06
         gamma, kinetic energy (MeV) =     0.473486, position (cm) = (55.5212,-70.7623,500),	 weight = 1.90735e-06
       neutron, kinetic energy (MeV) =      20.9307, position (cm) = (47.3762,-69.6736,500),	 weight = 1.90735e-06
       neutron, kinetic energy (MeV) =      69.2184, position (cm) = (117.895,-17.6272,500),	 weight = 1.90735e-06
       neutron, kinetic energy (MeV) =      68.1801, position (cm) = (69.6945,21.0001,500),	 weight = 1.90735e-06
         gamma, kinetic energy (MeV) =      2.53248, position (cm) = (84.9606,3.28672,500),	 weight = 1.90735e-06
       neutron, kinetic energy (MeV) =     0.874238, position (cm) = (71.5807,31.3495,500),	 weight = 1.90735e-06
       neutron, kinetic energy (MeV) =      63.5944, position (cm) = (83.3151,-32.8689,500),	 weight = 1.90735e-06
         gamma, kinetic energy (MeV) =     0.102345, position (cm) = (96.5971,-32.9824,500),	 weight = 1.90735e-06
         gamma, kinetic energy (MeV) =      0.23744, position (cm) = (104.37,-17.7326,500),	 weight = 1.90735e-06
         gamma, kinetic energy (MeV) =     0.714757, position (cm) = (101.019,-30.246,500),	 weight = 1.90735e-06
       neutron, kinetic energy (MeV) =      22.5896, position (cm) = (103.092,-31.2158,500),	 weight = 1.90735e-06
       neutron, kinetic energy (MeV) =      22.6572, position (cm) = (103.078,-31.6817,500),	 weight = 1.90735e-06
       neutron, kinetic energy (MeV) =   0.00873609, position (cm) = (117.777,-31.4462,500),	 weight = 1.90735e-06
         gamma, kinetic energy (MeV) =     0.818567, position (cm) = (118.409,-13.5242,500),	 weight = 1.90735e-06
       neutron, kinetic energy (MeV) =      2.35122, position (cm) = (107.475,-14.7489,500),	 weight = 1.90735e-06
       neutron, kinetic energy (MeV) =      1.17046, position (cm) = (70.1552,-35.2442,500),	 weight = 1.90735e-06
         gamma, kinetic energy (MeV) =     0.129453, position (cm) = (72.2121,-43.6145,500),	 weight = 1.90735e-06
       neutron, kinetic energy (MeV) =      97.7381, position (cm) = (93.0526,-23.498,500),	 weight = 1.90735e-06
         gamma, kinetic energy (MeV) =      2.22306, position (cm) = (105.584,-35.8513,500),	 weight = 1.90735e-06
         gamma, kinetic energy (MeV) =      3.58096, position (cm) = (80.0631,8.0729,500),	 weight = 1.90735e-06
         gamma, kinetic energy (MeV) =      1.10477, position (cm) = (146.228,-8.15315,500),	 weight = 1.90735e-06
         gamma, kinetic energy (MeV) =     0.495068, position (cm) = (137.208,-5.61979,500),	 weight = 1.90735e-06
       neutron, kinetic energy (MeV) =      0.83917, position (cm) = (131.776,-40.3604,500),	 weight = 1.90735e-06
         gamma, kinetic energy (MeV) =      8.70547, position (cm) = (145.9,-26.3333,500),	 weight = 1.90735e-06
         gamma, kinetic energy (MeV) =      1.43116, position (cm) = (127.523,-13.465,500),	 weight = 1.90735e-06
       neutron, kinetic energy (MeV) =     0.851643, position (cm) = (128.929,-24.3419,500),	 weight = 1.90735e-06
       neutron, kinetic energy (MeV) =      24.6883, position (cm) = (136.267,-39.15,500),	 weight = 1.90735e-06
       neutron, kinetic energy (MeV) =      46.9964, position (cm) = (137.135,-42.9977,500),	 weight = 1.90735e-06
       neutron, kinetic energy (MeV) =      94.9143, position (cm) = (140.879,-34.0839,500),	 weight = 1.90735e-06
       neutron, kinetic energy (MeV) =     0.584929, position (cm) = (82.595,-80.6178,500),	 weight = 1.90735e-06
       neutron, kinetic energy (MeV) =      4.18751, position (cm) = (112.055,-32.0183,500),	 weight = 1.90735e-06
       neutron, kinetic energy (MeV) =       1.4129, position (cm) = (122.346,-54.6154,500),	 weight = 1.90735e-06
       neutron, kinetic energy (MeV) =      96.7676, position (cm) = (81.0598,27.8024,500),	 weight = 1.90735e-06
       neutron, kinetic energy (MeV) =      96.7676, position (cm) = (81.0598,27.8024,500),	 weight = 1.90735e-06
         gamma, kinetic energy (MeV) =    0.0388684, position (cm) = (61.9559,-37.9135,500),	 weight = 1.90735e-06
         gamma, kinetic energy (MeV) =     0.139007, position (cm) = (58.9331,-55.6805,500),	 weight = 1.90735e-06
         gamma, kinetic energy (MeV) =     0.604583, position (cm) = (78.4809,5.49723,500),	 weight = 1.90735e-06
         gamma, kinetic energy (MeV) =     0.123043, position (cm) = (41.4809,-88.0091,500),	 weight = 7.62939e-06
       neutron, kinetic energy (MeV) =      54.1312, position (cm) = (80.9811,-147.883,500),	 weight = 1.90735e-06
         gamma, kinetic energy (MeV) =      7.13564, position (cm) = (71.7138,-144.554,500),	 weight = 1.90735e-06
         gamma, kinetic energy (MeV) =      0.15592, position (cm) = (111.999,-140.644,500),	 weight = 1.90735e-06
       neutron, kinetic energy (MeV) =      7.50621, position (cm) = (111.948,-140.579,500),	 weight = 1.90735e-06
         gamma, kinetic energy (MeV) =    0.0996764, position (cm) = (119.884,20.9798,500),	 weight = 3.8147e-06
         gamma, kinetic energy (MeV) =      2.40802, position (cm) = (-113.553,-66.2396,500),	 weight = 3.8147e-06
       neutron, kinetic energy (MeV) =      3.38932, position (cm) = (-36.0905,61.7036,500),	 weight = 1.90735e-06
         gamma, kinetic energy (MeV) =     0.434035, position (cm) = (-30.6478,77.3623,500),	 weight = 1.90735e-06
       neutron, kinetic energy (MeV) =      61.1379, position (cm) = (50.1578,-97.2388,500),	 weight = 1.90735e-06
       neutron, kinetic energy (MeV) =      61.9155, position (cm) = (54.2289,-85.454,500),	 weight = 1.90735e-06
       neutron, kinetic energy (MeV) =      61.5311, position (cm) = (91.5508,-83.6924,500),	 weight = 1.90735e-06
       neutron, kinetic energy (MeV) =      60.7432, position (cm) = (86.1276,-94.6204,500),	 weight = 1.90735e-06
       neutron, kinetic energy (MeV) =      2.78413, position (cm) = (79.8641,-96.4153,500),	 weight = 1.90735e-06
       neutron, kinetic energy (MeV) =      5.09661, position (cm) = (46.2228,-100.456,500),	 weight = 1.90735e-06
       neutron, kinetic energy (MeV) =      8.56648, position (cm) = (66.7983,-121.194,500),	 weight = 1.90735e-06
         gamma, kinetic energy (MeV) =     0.735323, position (cm) = (117.875,-33.0669,500),	 weight = 1.90735e-06
         gamma, kinetic energy (MeV) =     0.123723, position (cm) = (87.5212,-131.129,500),	 weight = 1.90735e-06
       neutron, kinetic energy (MeV) =   0.00246686, position (cm) = (59.9014,-42.837,500),	 weight = 1.90735e-06
         gamma, kinetic energy (MeV) =     0.429488, position (cm) = (64.0071,-60.992,500),	 weight = 1.90735e-06
         gamma, kinetic energy (MeV) =    0.0491473, position (cm) = (66.2521,-52.5052,500),	 weight = 1.90735e-06
       neutron, kinetic energy (MeV) =    0.0283232, position (cm) = (68.5969,-37.4723,500),	 weight = 1.90735e-06
       neutron, kinetic energy (MeV) =    0.0534139, position (cm) = (11.1445,-39.95,500),	 weight = 1.90735e-06
         gamma, kinetic energy (MeV) =      2.94046, position (cm) = (-24.0353,-63.6977,500),	 weight = 1.90735e-06
       neutron, kinetic energy (MeV) =      4.75374, position (cm) = (-33.9023,-49.5615,500),	 weight = 1.90735e-06
         gamma, kinetic energy (MeV) =      6.68939, position (cm) = (-22.9254,-55.6303,500),	 weight = 1.90735e-06
       neutron, kinetic energy (MeV) =      61.9296, position (cm) = (28.881,-126.21,500),	 weight = 1.90735e-06
       neutron, kinetic energy (MeV) =      60.3262, position (cm) = (52.4079,-113.582,500),	 weight = 1.90735e-06
         gamma, kinetic energy (MeV) =      0.10907, position (cm) = (26.9143,-85.512,500),	 weight = 1.90735e-06
       neutron, kinetic energy (MeV) =  1.13638e-08, position (cm) = (16.7544,-112.194,500),	 weight = 1.90735e-06
       neutron, kinetic energy (MeV) =      87.5898, position (cm) = (5.78748,-123.884,500),	 weight = 1.90735e-06
       neutron, kinetic energy (MeV) =      19.4728, position (cm) = (18.9075,-111.026,500),	 weight = 1.90735e-06
       neutron, kinetic energy (MeV) =      32.2042, position (cm) = (20.7796,-102.415,500),	 weight = 1.90735e-06
         gamma, kinetic energy (MeV) =      1.72441, position (cm) = (16.1908,-136.185,500),	 weight = 1.90735e-06
       neutron, kinetic energy (MeV) =      40.4526, position (cm) = (-17.3735,-35.1412,500),	 weight = 1.90735e-06
       neutron, kinetic energy (MeV) =      87.0137, position (cm) = (-23.5687,-60.1469,500),	 weight = 1.90735e-06
       neutron, kinetic energy (MeV) =      62.0715, position (cm) = (-26.5639,-84.5392,500),	 weight = 1.90735e-06
       neutron, kinetic energy (MeV) =      63.2914, position (cm) = (-13.9406,-76.7631,500),	 weight = 1.90735e-06
       neutron, kinetic energy (MeV) =      7.90918, position (cm) = (-11.6765,-106.537,500),	 weight = 1.90735e-06
         gamma, kinetic energy (MeV) =     0.117419, position (cm) = (0.910888,-129.635,500),	 weight = 1.90735e-06
         gamma, kinetic energy (MeV) =     0.536093, position (cm) = (-1.39137,-130.71,500),	 weight = 1.90735e-06
       neutron, kinetic energy (MeV) =       59.442, position (cm) = (1.64402,-130.014,500),	 weight = 1.90735e-06
       neutron, kinetic energy (MeV) =      87.4602, position (cm) = (17.4979,-138.931,500),	 weight = 1.90735e-06
         gamma, kinetic energy (MeV) =      4.13099, position (cm) = (37.9684,-82.9012,500),	 weight = 3.8147e-06
         gamma, kinetic energy (MeV) =     0.266529, position (cm) = (-48.2512,-140.313,500),	 weight = 1.90735e-06
       neutron, kinetic energy (MeV) =      0.32377, position (cm) = (13.6541,-40.5224,500),	 weight = 1.90735e-06
         gamma, kinetic energy (MeV) =     0.257061, position (cm) = (7.76055,-34.5732,500),	 weight = 1.90735e-06
         gamma, kinetic energy (MeV) =     0.155065, position (cm) = (13.9829,-28.3098,500),	 weight = 1.90735e-06
         gamma, kinetic energy (MeV) =      2.02795, position (cm) = (-5.67896,-97.9561,500),	 weight = 1.90735e-06
         gamma, kinetic energy (MeV) =     0.102037, position (cm) = (-1.78773,-71.1348,500),	 weight = 1.90735e-06
         gamma, kinetic energy (MeV) =     0.507737, position (cm) = (-83.5293,-82.024,500),	 weight = 1.90735e-06
         gamma, kinetic energy (MeV) =      4.92032, position (cm) = (-42.8826,-28.949,500),	 weight = 1.90735e-06
       neutron, kinetic energy (MeV) =     0.257549, position (cm) = (-7.27953,-109.346,500),	 weight = 1.90735e-06
       neutron, kinetic energy (MeV) =  2.36708e-07, position (cm) = (-5.35818,-98.9638,500),	 weight = 1.90735e-06
       neutron, kinetic energy (MeV) =      42.9438, position (cm) = (-5.72445,-109.193,500),	 weight = 1.90735e-06
       neutron, kinetic energy (MeV) =      17.7448, position (cm) = (-3.38796,-90.6318,500),	 weight = 1.90735e-06
       neutron, kinetic energy (MeV) =  3.84626e-08, position (cm) = (-45.5621,-80.014,500),	 weight = 1.90735e-06
         gamma, kinetic energy (MeV) =      0.10991, position (cm) = (-23.3829,-28.6791,500),	 weight = 3.8147e-06
       neutron, kinetic energy (MeV) =   0.00820588, position (cm) = (-17.413,-80.7489,500),	 weight = 1.90735e-06
         gamma, kinetic energy (MeV) =     0.108653, position (cm) = (-22.8931,-68.9488,500),	 weight = 1.90735e-06
         gamma, kinetic energy (MeV) =      2.15592, position (cm) = (11.1608,-98.9944,500),	 weight = 1.90735e-06
       neutron, kinetic energy (MeV) =      21.1457, position (cm) = (3.72314,-112.795,500),	 weight = 1.90735e-06
       neutron, kinetic energy (MeV) =      77.1561, position (cm) = (7.91563,-80.5602,500),	 weight = 1.90735e-06
         gamma, kinetic energy (MeV) =     0.352572, position (cm) = (33.7203,-64.9363,500),	 weight = 3.8147e-06
         gamma, kinetic energy (MeV) =    0.0614084, position (cm) = (-0.520938,-36.4815,500),	 weight = 1.90735e-06
         gamma, kinetic energy (MeV) =      1.50176, position (cm) = (-4.80965,-24.5993,500),	 weight = 1.90735e-06
         gamma, kinetic energy (MeV) =     0.517313, position (cm) = (8.89961,-18.0884,500),	 weight = 1.90735e-06
         gamma, kinetic energy (MeV) =      3.20747, position (cm) = (9.94872,-18.72,500),	 weight = 1.90735e-06
       neutron, kinetic energy (MeV) =      5.71096, position (cm) = (13.183,-19.5297,500),	 weight = 1.90735e-06
         gamma, kinetic energy (MeV) =     0.117611, position (cm) = (22.3352,-0.359191,500),	 weight = 1.90735e-06
         gamma, kinetic energy (MeV) =      1.36218, position (cm) = (49.8093,6.51807,500),	 weight = 1.90735e-06
         gamma, kinetic energy (MeV) =     0.165791, position (cm) = (49.7582,7.27332,500),	 weight = 1.90735e-06
         gamma, kinetic energy (MeV) =     0.308185, position (cm) = (0.815682,122.617,500),	 weight = 3.8147e-06
       neutron, kinetic energy (MeV) =        96.93, position (cm) = (65.9306,-64.7671,500),	 weight = 1.90735e-06
       neutron, kinetic energy (MeV) =      97.0322, position (cm) = (66.0695,-64.7392,500),	 weight = 1.90735e-06
       neutron, kinetic energy (MeV) =     0.300379, position (cm) = (32.5914,-85.6693,500),	 weight = 1.90735e-06
       neutron, kinetic energy (MeV) =      33.1931, position (cm) = (44.6757,-37.7925,500),	 weight = 1.90735e-06
         gamma, kinetic energy (MeV) =      1.04923, position (cm) = (65.6525,-31.5177,500),	 weight = 1.90735e-06
         gamma, kinetic energy (MeV) =      1.35315, position (cm) = (50.7239,-31.9027,500),	 weight = 1.90735e-06
       neutron, kinetic energy (MeV) =       21.367, position (cm) = (39.5129,-23.5517,500),	 weight = 1.90735e-06
         gamma, kinetic energy (MeV) =     0.476982, position (cm) = (42.2329,-76.7255,500),	 weight = 1.90735e-06
       neutron, kinetic energy (MeV) =      60.2156, position (cm) = (42.3914,-71.2849,500),	 weight = 1.90735e-06
       neutron, kinetic energy (MeV) =       59.476, position (cm) = (49.8395,-69.378,500),	 weight = 1.90735e-06
       neutron, kinetic energy (MeV) =      58.4988, position (cm) = (51.5937,-70.9884,500),	 weight = 1.90735e-06
       neutron, kinetic energy (MeV) =      2.30128, position (cm) = (77.5794,-75.3808,500),	 weight = 1.90735e-06
       neutron, kinetic energy (MeV) =  5.07209e-07, position (cm) = (72.4964,-73.24,500),	 weight = 1.90735e-06
       neutron, kinetic energy (MeV) =     0.532349, position (cm) = (18.2836,-77.8569,500),	 weight = 1.90735e-06
       neutron, kinetic energy (MeV) =       46.333, position (cm) = (110.699,-83.8037,500),	 weight = 1.90735e-06
       neutron, kinetic energy (MeV) =      95.0351, position (cm) = (113.841,-108.687,500),	 weight = 1.90735e-06
       neutron, kinetic energy (MeV) =      48.1982, position (cm) = (139.516,-68.5828,500),	 weight = 1.90735e-06
         gamma, kinetic energy (MeV) =     0.378665, position (cm) = (120.289,-93.7705,500),	 weight = 1.90735e-06
         gamma, kinetic energy (MeV) =    0.0929011, position (cm) = (126.922,-120.191,500),	 weight = 1.90735e-06
         gamma, kinetic energy (MeV) =      2.22306, position (cm) = (134.348,-130.608,500),	 weight = 1.90735e-06
         gamma, kinetic energy (MeV) =      0.68607, position (cm) = (116.593,-101.62,500),	 weight = 1.90735e-06
       neutron, kinetic energy (MeV) =       9.9674, position (cm) = (125.237,-94.7147,500),	 weight = 1.90735e-06
       neutron, kinetic energy (MeV) =      10.1572, position (cm) = (124.648,-108.713,500),	 weight = 1.90735e-06
       neutron, kinetic energy (MeV) =      94.8622, position (cm) = (-54.6411,100.244,500),	 weight = 1.90735e-06
       neutron, kinetic energy (MeV) =  3.40439e-07, position (cm) = (-45.3012,127.923,500),	 weight = 1.90735e-06
       neutron, kinetic energy (MeV) =    0.0449552, position (cm) = (-50.9116,117.188,500),	 weight = 1.90735e-06
       neutron, kinetic energy (MeV) =    2.664e-07, position (cm) = (-11.2076,122.424,500),	 weight = 1.90735e-06
         gamma, kinetic energy (MeV) =     0.559483, position (cm) = (-4.4602,147.341,500),	 weight = 1.90735e-06
       neutron, kinetic energy (MeV) =       1.6478, position (cm) = (-16.7464,138.116,500),	 weight = 1.90735e-06
         gamma, kinetic energy (MeV) =      8.30929, position (cm) = (-16.2274,139.11,500),	 weight = 1.90735e-06
       neutron, kinetic energy (MeV) =      19.6692, position (cm) = (-9.99808,143.261,500),	 weight = 1.90735e-06
       neutron, kinetic energy (MeV) =     0.604698, position (cm) = (21.7368,130.389,500),	 weight = 1.90735e-06
       neutron, kinetic energy (MeV) =      83.6129, position (cm) = (-72.4377,110.902,500),	 weight = 1.90735e-06
       neutron, kinetic energy (MeV) =      83.4038, position (cm) = (-69.0772,109.951,500),	 weight = 1.90735e-06
       neutron, kinetic energy (MeV) =      84.5358, position (cm) = (-41.5744,73.2697,500),	 weight = 1.90735e-06
         gamma, kinetic energy (MeV) =     0.168249, position (cm) = (-33.069,76.8437,500),	 weight = 1.90735e-06
         gamma, kinetic energy (MeV) =    0.0747955, position (cm) = (-42.6083,78.6928,500),	 weight = 1.90735e-06
       neutron, kinetic energy (MeV) =      74.1469, position (cm) = (-28.3979,89.5457,500),	 weight = 1.90735e-06
         gamma, kinetic energy (MeV) =      8.42529, position (cm) = (-42.7684,64.9847,500),	 weight = 1.90735e-06
       neutron, kinetic energy (MeV) =      0.22931, position (cm) = (-57.6981,82.4132,500),	 weight = 1.90735e-06
         gamma, kinetic energy (MeV) =      3.25186, position (cm) = (-37.9289,69.6219,500),	 weight = 1.90735e-06
         gamma, kinetic energy (MeV) =    0.0931104, position (cm) = (-93.8376,64.5906,500),	 weight = 1.90735e-06
       neutron, kinetic energy (MeV) =      64.9677, position (cm) = (-98.5438,132.533,500),	 weight = 1.90735e-06
       neutron, kinetic energy (MeV) =      83.2925, position (cm) = (-85.1236,106.235,500),	 weight = 1.90735e-06
         gamma, kinetic energy (MeV) =      1.64142, position (cm) = (-71.8014,89.7516,500),	 weight = 3.8147e-06
       neutron, kinetic energy (MeV) =   0.00170312, position (cm) = (-105.412,42.4821,500),	 weight = 1.90735e-06
         gamma, kinetic energy (MeV) =      2.02792, position (cm) = (-124.845,47.6526,500),	 weight = 1.90735e-06
            e-, kinetic energy (MeV) =     0.758615, position (cm) = (89.171,34.422,500),	 weight = 3.8147e-06
       neutron, kinetic energy (MeV) =      2.11785, position (cm) = (133.005,-46.2201,500),	 weight = 1.90735e-06
       neutron, kinetic energy (MeV) =   0.00720477, position (cm) = (-64.5891,111.864,500),	 weight = 1.90735e-06
         gamma, kinetic energy (MeV) =     0.345231, position (cm) = (-23.7529,91.5663,500),	 weight = 1.90735e-06
         gamma, kinetic energy (MeV) =     0.145843, position (cm) = (-48.575,106.715,500),	 weight = 1.90735e-06
         gamma, kinetic energy (MeV) =      6.61836, position (cm) = (11.4769,122.003,500),	 weight = 1.52588e-05
       neutron, kinetic energy (MeV) =      41.9531, position (cm) = (4.07452,140.13,500),	 weight = 1.90735e-06
       neutron, kinetic energy (MeV) =      75.9051, position (cm) = (60.6478,128.012,500),	 weight = 1.90735e-06
       neutron, kinetic energy (MeV) =      75.8395, position (cm) = (57.2869,127.186,500),	 weight = 1.90735e-06
         gamma, kinetic energy (MeV) =     0.173994, position (cm) = (65.2504,119.275,500),	 weight = 1.90735e-06
       neutron, kinetic energy (MeV) =      59.3481, position (cm) = (75.7645,127.174,500),	 weight = 1.90735e-06
         gamma, kinetic energy (MeV) =     0.138751, position (cm) = (65.1156,120.274,500),	 weight = 1.90735e-06
         gamma, kinetic energy (MeV) =      1.55297, position (cm) = (69.9722,123.679,500),	 weight = 1.90735e-06
         gamma, kinetic energy (MeV) =    0.0903877, position (cm) = (55.1221,131.743,500),	 weight = 1.90735e-06
       neutron, kinetic energy (MeV) =  0.000657835, position (cm) = (72.4835,120.857,500),	 weight = 1.90735e-06
       neutron, kinetic energy (MeV) =      3.08246, position (cm) = (58.1184,127.537,500),	 weight = 1.90735e-06
Graphics systems deleted.
Visualization Manager deleting...
